2023-05-28 15:38:41.723 [34m INFO[0;39m --- [restartedMain] [36mcom.king.urban.main.MainApplication[0;39m 55: Starting MainApplication using Java 19.0.2 on K-Mac with PID 62045 (/Users/liukai/IdeaProjects/urban/main/target/classes started by liukai in /Users/liukai/IdeaProjects/urban)
2023-05-28 15:38:41.728 [34m INFO[0;39m --- [restartedMain] [36mcom.king.urban.main.MainApplication[0;39m 631: No active profile set, falling back to 1 default profile: "default"
2023-05-28 15:38:41.728 [34m INFO[0;39m --- [background-preinit] [36mo.h.validator.internal.util.Version[0;39m 21: HV000001: Hibernate Validator 6.2.5.Final
2023-05-28 15:38:44.370 [34m INFO[0;39m --- [restartedMain] [36mo.a.coyote.http11.Http11NioProtocol[0;39m 173: Initializing ProtocolHandler ["http-nio-9999"]
2023-05-28 15:38:44.370 [34m INFO[0;39m --- [restartedMain] [36mo.a.catalina.core.StandardService[0;39m 173: Starting service [Tomcat]
2023-05-28 15:38:44.371 [34m INFO[0;39m --- [restartedMain] [36mo.a.catalina.core.StandardEngine[0;39m 173: Starting Servlet engine: [Apache Tomcat/9.0.74]
2023-05-28 15:38:44.510 [34m INFO[0;39m --- [restartedMain] [36mo.a.c.c.C.[Tomcat].[localhost].[/][0;39m 173: Initializing Spring embedded WebApplicationContext
2023-05-28 15:38:44.978 [34m INFO[0;39m --- [restartedMain] [36mo.h.jpa.internal.util.LogHelper[0;39m 31: HHH000204: Processing PersistenceUnitInfo [name: default]
2023-05-28 15:38:45.056 [34m INFO[0;39m --- [restartedMain] [36morg.hibernate.Version[0;39m 44: HHH000412: Hibernate ORM core version 5.6.15.Final
2023-05-28 15:38:45.324 [34m INFO[0;39m --- [restartedMain] [36mo.h.s.integration.SpatialService[0;39m 42: HHH80000001: hibernate-spatial integration enabled : true
2023-05-28 15:38:45.366 [34m INFO[0;39m --- [restartedMain] [36mo.h.annotations.common.Version[0;39m 56: HCANN000001: Hibernate Commons Annotations {5.1.2.Final}
2023-05-28 15:38:45.498 [34m INFO[0;39m --- [restartedMain] [36mcom.zaxxer.hikari.HikariDataSource[0;39m 110: HikariPool-1 - Starting...
2023-05-28 15:38:45.690 [34m INFO[0;39m --- [restartedMain] [36mcom.zaxxer.hikari.HikariDataSource[0;39m 123: HikariPool-1 - Start completed.
2023-05-28 15:38:45.708 [34m INFO[0;39m --- [restartedMain] [36morg.hibernate.dialect.Dialect[0;39m 175: HHH000400: Using dialect: org.hibernate.spatial.dialect.mysql.MySQL8SpatialDialect
2023-05-28 15:38:45.714 [34m INFO[0;39m --- [restartedMain] [36morg.hibernate.dialect.Dialect[0;39m 175: HHH000400: Using dialect: org.hibernate.spatial.dialect.mysql.MySQLSpatialDialect
2023-05-28 15:38:46.718 [34m INFO[0;39m --- [restartedMain] [36mo.h.e.t.j.p.i.JtaPlatformInitiator[0;39m 52: HHH000490: Using JtaPlatform implementation: [org.hibernate.engine.transaction.jta.platform.internal.NoJtaPlatform]
2023-05-28 15:38:47.607 [34m INFO[0;39m --- [restartedMain] [36mo.f.s.b.c.CmmnEngineAutoConfiguration[0;39m 104: No deployment resources were found for autodeployment
2023-05-28 15:38:47.683 [34m INFO[0;39m --- [restartedMain] [36mo.f.s.b.d.DmnEngineAutoConfiguration[0;39m 104: No deployment resources were found for autodeployment
2023-05-28 15:38:47.710 [34m INFO[0;39m --- [restartedMain] [36mo.f.s.b.f.FormEngineAutoConfiguration[0;39m 104: No deployment resources were found for autodeployment
2023-05-28 15:38:47.743 [34m INFO[0;39m --- [restartedMain] [36mo.f.s.b.e.EventRegistryAutoConfiguration[0;39m 104: No deployment resources were found for autodeployment
2023-05-28 15:38:47.795 [34m INFO[0;39m --- [restartedMain] [36mo.f.a.s.SpringAppEngineConfiguration[0;39m 1000: Found 7 Engine Configurators in total:
2023-05-28 15:38:47.795 [34m INFO[0;39m --- [restartedMain] [36mo.f.a.s.SpringAppEngineConfiguration[0;39m 1002: class org.flowable.engine.spring.configurator.SpringProcessEngineConfigurator (priority:50000)
2023-05-28 15:38:47.795 [34m INFO[0;39m --- [restartedMain] [36mo.f.a.s.SpringAppEngineConfiguration[0;39m 1002: class org.flowable.eventregistry.spring.configurator.SpringEventRegistryConfigurator (priority:100000)
2023-05-28 15:38:47.796 [34m INFO[0;39m --- [restartedMain] [36mo.f.a.s.SpringAppEngineConfiguration[0;39m 1002: class org.flowable.idm.spring.configurator.SpringIdmEngineConfigurator (priority:150000)
2023-05-28 15:38:47.796 [34m INFO[0;39m --- [restartedMain] [36mo.f.a.s.SpringAppEngineConfiguration[0;39m 1002: class org.flowable.dmn.spring.configurator.SpringDmnEngineConfigurator (priority:200000)
2023-05-28 15:38:47.796 [34m INFO[0;39m --- [restartedMain] [36mo.f.a.s.SpringAppEngineConfiguration[0;39m 1002: class org.flowable.form.spring.configurator.SpringFormEngineConfigurator (priority:300000)
2023-05-28 15:38:47.796 [34m INFO[0;39m --- [restartedMain] [36mo.f.a.s.SpringAppEngineConfiguration[0;39m 1002: class org.flowable.content.spring.configurator.SpringContentEngineConfigurator (priority:400000)
2023-05-28 15:38:47.796 [34m INFO[0;39m --- [restartedMain] [36mo.f.a.s.SpringAppEngineConfiguration[0;39m 1002: class org.flowable.cmmn.spring.configurator.SpringCmmnEngineConfigurator (priority:500000)
2023-05-28 15:38:47.796 [34m INFO[0;39m --- [restartedMain] [36mo.f.a.s.SpringAppEngineConfiguration[0;39m 1028: Executing beforeInit() of class org.flowable.engine.spring.configurator.SpringProcessEngineConfigurator (priority:50000)
2023-05-28 15:38:47.809 [34m INFO[0;39m --- [restartedMain] [36mo.f.a.s.SpringAppEngineConfiguration[0;39m 1028: Executing beforeInit() of class org.flowable.eventregistry.spring.configurator.SpringEventRegistryConfigurator (priority:100000)
2023-05-28 15:38:47.812 [34m INFO[0;39m --- [restartedMain] [36mo.f.a.s.SpringAppEngineConfiguration[0;39m 1028: Executing beforeInit() of class org.flowable.idm.spring.configurator.SpringIdmEngineConfigurator (priority:150000)
2023-05-28 15:38:47.815 [34m INFO[0;39m --- [restartedMain] [36mo.f.a.s.SpringAppEngineConfiguration[0;39m 1028: Executing beforeInit() of class org.flowable.dmn.spring.configurator.SpringDmnEngineConfigurator (priority:200000)
2023-05-28 15:38:47.817 [34m INFO[0;39m --- [restartedMain] [36mo.f.a.s.SpringAppEngineConfiguration[0;39m 1028: Executing beforeInit() of class org.flowable.form.spring.configurator.SpringFormEngineConfigurator (priority:300000)
2023-05-28 15:38:47.820 [34m INFO[0;39m --- [restartedMain] [36mo.f.a.s.SpringAppEngineConfiguration[0;39m 1028: Executing beforeInit() of class org.flowable.content.spring.configurator.SpringContentEngineConfigurator (priority:400000)
2023-05-28 15:38:47.823 [34m INFO[0;39m --- [restartedMain] [36mo.f.a.s.SpringAppEngineConfiguration[0;39m 1028: Executing beforeInit() of class org.flowable.cmmn.spring.configurator.SpringCmmnEngineConfigurator (priority:500000)
2023-05-28 15:38:48.813 [34m INFO[0;39m --- [restartedMain] [36mo.f.a.s.SpringAppEngineConfiguration[0;39m 1035: Executing configure() of class org.flowable.engine.spring.configurator.SpringProcessEngineConfigurator (priority:50000)
2023-05-28 15:38:48.993 [34m INFO[0;39m --- [restartedMain] [36mo.f.engine.impl.ProcessEngineImpl[0;39m 88: ProcessEngine default created
2023-05-28 15:38:49.026 [34m INFO[0;39m --- [restartedMain] [36mo.f.e.impl.cmd.ValidateV5EntitiesCmd[0;39m 43: Total of v5 deployments found: 0
2023-05-28 15:38:49.030 [34m INFO[0;39m --- [restartedMain] [36mo.f.a.s.SpringAppEngineConfiguration[0;39m 1035: Executing configure() of class org.flowable.eventregistry.spring.configurator.SpringEventRegistryConfigurator (priority:100000)
2023-05-28 15:38:49.441 [34m INFO[0;39m --- [restartedMain] [36mliquibase.lockservice[0;39m 30: Successfully acquired change log lock
2023-05-28 15:38:49.799 [34m INFO[0;39m --- [restartedMain] [36mliquibase.changelog[0;39m 30: Reading from urban.FLW_EV_DATABASECHANGELOG
2023-05-28 15:38:49.848 [34m INFO[0;39m --- [restartedMain] [36mliquibase.lockservice[0;39m 30: Successfully released change log lock
2023-05-28 15:38:49.850 [34m INFO[0;39m --- [restartedMain] [36mo.f.e.impl.EventRegistryEngineImpl[0;39m 53: EventRegistryEngine default created
2023-05-28 15:38:49.851 [34m INFO[0;39m --- [restartedMain] [36mo.f.a.s.SpringAppEngineConfiguration[0;39m 1035: Executing configure() of class org.flowable.idm.spring.configurator.SpringIdmEngineConfigurator (priority:150000)
2023-05-28 15:38:49.863 [34m INFO[0;39m --- [restartedMain] [36mo.f.idm.engine.impl.IdmEngineImpl[0;39m 52: IdmEngine default created
2023-05-28 15:38:49.864 [34m INFO[0;39m --- [restartedMain] [36mo.f.a.s.SpringAppEngineConfiguration[0;39m 1035: Executing configure() of class org.flowable.dmn.spring.configurator.SpringDmnEngineConfigurator (priority:200000)
2023-05-28 15:38:49.899 [34m INFO[0;39m --- [restartedMain] [36mliquibase.lockservice[0;39m 30: Successfully acquired change log lock
2023-05-28 15:38:49.945 [34m INFO[0;39m --- [restartedMain] [36mliquibase.changelog[0;39m 30: Reading from urban.ACT_DMN_DATABASECHANGELOG
2023-05-28 15:38:49.967 [34m INFO[0;39m --- [restartedMain] [36mliquibase.lockservice[0;39m 30: Successfully released change log lock
2023-05-28 15:38:49.968 [34m INFO[0;39m --- [restartedMain] [36mo.f.dmn.engine.impl.DmnEngineImpl[0;39m 55: DmnEngine default created
2023-05-28 15:38:49.969 [34m INFO[0;39m --- [restartedMain] [36mo.f.a.s.SpringAppEngineConfiguration[0;39m 1035: Executing configure() of class org.flowable.form.spring.configurator.SpringFormEngineConfigurator (priority:300000)
2023-05-28 15:38:49.996 [34m INFO[0;39m --- [restartedMain] [36mliquibase.lockservice[0;39m 30: Successfully acquired change log lock
2023-05-28 15:38:50.044 [34m INFO[0;39m --- [restartedMain] [36mliquibase.changelog[0;39m 30: Reading from urban.ACT_FO_DATABASECHANGELOG
2023-05-28 15:38:50.065 [34m INFO[0;39m --- [restartedMain] [36mliquibase.lockservice[0;39m 30: Successfully released change log lock
2023-05-28 15:38:50.066 [34m INFO[0;39m --- [restartedMain] [36mo.f.form.engine.impl.FormEngineImpl[0;39m 52: FormEngine default created
2023-05-28 15:38:50.067 [34m INFO[0;39m --- [restartedMain] [36mo.f.a.s.SpringAppEngineConfiguration[0;39m 1035: Executing configure() of class org.flowable.content.spring.configurator.SpringContentEngineConfigurator (priority:400000)
2023-05-28 15:38:50.069 [34m INFO[0;39m --- [restartedMain] [36mo.f.c.s.SpringContentEngineConfiguration[0;39m 188: Content file system root : /Users/liukai/content
2023-05-28 15:38:50.092 [34m INFO[0;39m --- [restartedMain] [36mliquibase.lockservice[0;39m 30: Successfully acquired change log lock
2023-05-28 15:38:50.136 [34m INFO[0;39m --- [restartedMain] [36mliquibase.changelog[0;39m 30: Reading from urban.ACT_CO_DATABASECHANGELOG
2023-05-28 15:38:50.154 [34m INFO[0;39m --- [restartedMain] [36mliquibase.lockservice[0;39m 30: Successfully released change log lock
2023-05-28 15:38:50.154 [34m INFO[0;39m --- [restartedMain] [36mo.f.c.engine.impl.ContentEngineImpl[0;39m 48: ContentEngine default created
2023-05-28 15:38:50.155 [34m INFO[0;39m --- [restartedMain] [36mo.f.a.s.SpringAppEngineConfiguration[0;39m 1035: Executing configure() of class org.flowable.cmmn.spring.configurator.SpringCmmnEngineConfigurator (priority:500000)
2023-05-28 15:38:50.236 [34m INFO[0;39m --- [restartedMain] [36mliquibase.lockservice[0;39m 30: Successfully acquired change log lock
2023-05-28 15:38:50.288 [34m INFO[0;39m --- [restartedMain] [36mliquibase.changelog[0;39m 30: Reading from urban.ACT_CMMN_DATABASECHANGELOG
2023-05-28 15:38:50.318 [34m INFO[0;39m --- [restartedMain] [36mliquibase.lockservice[0;39m 30: Successfully released change log lock
2023-05-28 15:38:50.319 [34m INFO[0;39m --- [restartedMain] [36mo.f.cmmn.engine.impl.CmmnEngineImpl[0;39m 71: CmmnEngine default created
2023-05-28 15:38:50.346 [34m INFO[0;39m --- [restartedMain] [36mliquibase.lockservice[0;39m 30: Successfully acquired change log lock
2023-05-28 15:38:50.386 [34m INFO[0;39m --- [restartedMain] [36mliquibase.changelog[0;39m 30: Reading from urban.ACT_APP_DATABASECHANGELOG
2023-05-28 15:38:50.400 [34m INFO[0;39m --- [restartedMain] [36mliquibase.lockservice[0;39m 30: Successfully released change log lock
2023-05-28 15:38:50.401 [34m INFO[0;39m --- [restartedMain] [36mo.f.app.engine.impl.AppEngineImpl[0;39m 48: AppEngine default created
2023-05-28 15:38:51.640 [34m INFO[0;39m --- [restartedMain] [36mo.f.j.s.i.a.AbstractAsyncExecutor[0;39m 115: Starting up the async job executor [org.flowable.spring.job.service.SpringAsyncExecutor].
2023-05-28 15:38:51.641 [34m INFO[0;39m --- [Thread-7] [36mo.f.j.s.i.a.AcquireAsyncJobsDueRunnable[0;39m 52: starting to acquire async jobs due
2023-05-28 15:38:51.647 [34m INFO[0;39m --- [Thread-8] [36mo.f.j.s.i.a.AcquireTimerJobsRunnable[0;39m 52: starting to acquire async jobs due
2023-05-28 15:38:51.658 [34m INFO[0;39m --- [Thread-9] [36mo.f.j.s.i.a.ResetExpiredJobsRunnable[0;39m 63: starting to reset expired jobs for engine cmmn
2023-05-28 15:38:51.661 [34m INFO[0;39m --- [restartedMain] [36mo.f.j.s.i.a.AbstractAsyncExecutor[0;39m 115: Starting up the async job executor [org.flowable.spring.job.service.SpringAsyncExecutor].
2023-05-28 15:38:51.662 [34m INFO[0;39m --- [Thread-10] [36mo.f.j.s.i.a.AcquireAsyncJobsDueRunnable[0;39m 52: starting to acquire async jobs due
2023-05-28 15:38:51.664 [34m INFO[0;39m --- [Thread-11] [36mo.f.j.s.i.a.AcquireTimerJobsRunnable[0;39m 52: starting to acquire async jobs due
2023-05-28 15:38:51.664 [34m INFO[0;39m --- [Thread-12] [36mo.f.j.s.i.a.ResetExpiredJobsRunnable[0;39m 63: starting to reset expired jobs for engine bpmn
2023-05-28 15:38:51.664 [34m INFO[0;39m --- [restartedMain] [36mo.a.coyote.http11.Http11NioProtocol[0;39m 173: Starting ProtocolHandler ["http-nio-9999"]
2023-05-28 15:38:51.704 [34m INFO[0;39m --- [restartedMain] [36mcom.king.urban.main.MainApplication[0;39m 61: Started MainApplication in 10.524 seconds (JVM running for 12.031)
2023-05-28 15:38:52.065 [34m INFO[0;39m --- [RMI TCP Connection(5)-192.168.3.192] [36mo.a.c.c.C.[Tomcat].[localhost].[/][0;39m 173: Initializing Spring DispatcherServlet 'dispatcherServlet'
2023-05-28 16:24:53.461 [34m INFO[0;39m --- [SpringApplicationShutdownHook] [36mo.f.j.s.i.a.AbstractAsyncExecutor[0;39m 167: Shutting down the async job executor [org.flowable.spring.job.service.SpringAsyncExecutor].
2023-05-28 16:24:53.462 [34m INFO[0;39m --- [flowable-cmmn-acquire-async-jobs] [36mo.f.j.s.i.a.AcquireAsyncJobsDueRunnable[0;39m 79: stopped async job due acquisition for engine cmmn
2023-05-28 16:24:53.462 [34m INFO[0;39m --- [flowable-cmmn-reset-expired-jobs] [36mo.f.j.s.i.a.ResetExpiredJobsRunnable[0;39m 90: stopped resetting expired jobs for engine cmmn
2023-05-28 16:24:53.462 [34m INFO[0;39m --- [flowable-cmmn-acquire-timer-jobs] [36mo.f.j.s.i.a.AcquireTimerJobsRunnable[0;39m 118: stopped async job due acquisition
2023-05-28 16:24:53.654 [34m INFO[0;39m --- [SpringApplicationShutdownHook] [36mo.f.j.s.i.a.AbstractAsyncExecutor[0;39m 167: Shutting down the async job executor [org.flowable.spring.job.service.SpringAsyncExecutor].
2023-05-28 16:24:53.654 [34m INFO[0;39m --- [flowable-bpmn-reset-expired-jobs] [36mo.f.j.s.i.a.ResetExpiredJobsRunnable[0;39m 90: stopped resetting expired jobs for engine bpmn
2023-05-28 16:24:53.654 [34m INFO[0;39m --- [flowable-bpmn-acquire-async-jobs] [36mo.f.j.s.i.a.AcquireAsyncJobsDueRunnable[0;39m 79: stopped async job due acquisition for engine bpmn
2023-05-28 16:24:53.654 [34m INFO[0;39m --- [flowable-bpmn-acquire-timer-jobs] [36mo.f.j.s.i.a.AcquireTimerJobsRunnable[0;39m 118: stopped async job due acquisition
2023-05-28 16:24:53.673 [34m INFO[0;39m --- [SpringApplicationShutdownHook] [36mcom.zaxxer.hikari.HikariDataSource[0;39m 350: HikariPool-1 - Shutdown initiated...
2023-05-28 16:24:53.675 [34m INFO[0;39m --- [SpringApplicationShutdownHook] [36mcom.zaxxer.hikari.HikariDataSource[0;39m 352: HikariPool-1 - Shutdown completed.
2023-05-28 16:24:59.052 [34m INFO[0;39m --- [restartedMain] [36mcom.king.urban.main.MainApplication[0;39m 55: Starting MainApplication using Java 19.0.2 on K-Mac with PID 66309 (/Users/liukai/IdeaProjects/urban/main/target/classes started by liukai in /Users/liukai/IdeaProjects/urban)
2023-05-28 16:24:59.055 [34m INFO[0;39m --- [restartedMain] [36mcom.king.urban.main.MainApplication[0;39m 631: No active profile set, falling back to 1 default profile: "default"
2023-05-28 16:24:59.058 [34m INFO[0;39m --- [background-preinit] [36mo.h.validator.internal.util.Version[0;39m 21: HV000001: Hibernate Validator 6.2.5.Final
2023-05-28 16:25:01.395 [34m INFO[0;39m --- [restartedMain] [36mo.a.coyote.http11.Http11NioProtocol[0;39m 173: Initializing ProtocolHandler ["http-nio-9999"]
2023-05-28 16:25:01.396 [34m INFO[0;39m --- [restartedMain] [36mo.a.catalina.core.StandardService[0;39m 173: Starting service [Tomcat]
2023-05-28 16:25:01.396 [34m INFO[0;39m --- [restartedMain] [36mo.a.catalina.core.StandardEngine[0;39m 173: Starting Servlet engine: [Apache Tomcat/9.0.74]
2023-05-28 16:25:01.490 [34m INFO[0;39m --- [restartedMain] [36mo.a.c.c.C.[Tomcat].[localhost].[/][0;39m 173: Initializing Spring embedded WebApplicationContext
2023-05-28 16:25:01.775 [34m INFO[0;39m --- [restartedMain] [36mo.h.jpa.internal.util.LogHelper[0;39m 31: HHH000204: Processing PersistenceUnitInfo [name: default]
2023-05-28 16:25:01.830 [34m INFO[0;39m --- [restartedMain] [36morg.hibernate.Version[0;39m 44: HHH000412: Hibernate ORM core version 5.6.15.Final
2023-05-28 16:25:02.004 [34m INFO[0;39m --- [restartedMain] [36mo.h.s.integration.SpatialService[0;39m 42: HHH80000001: hibernate-spatial integration enabled : true
2023-05-28 16:25:02.031 [34m INFO[0;39m --- [restartedMain] [36mo.h.annotations.common.Version[0;39m 56: HCANN000001: Hibernate Commons Annotations {5.1.2.Final}
2023-05-28 16:25:02.140 [34m INFO[0;39m --- [restartedMain] [36mcom.zaxxer.hikari.HikariDataSource[0;39m 110: HikariPool-1 - Starting...
2023-05-28 16:25:02.311 [34m INFO[0;39m --- [restartedMain] [36mcom.zaxxer.hikari.HikariDataSource[0;39m 123: HikariPool-1 - Start completed.
2023-05-28 16:25:02.329 [34m INFO[0;39m --- [restartedMain] [36morg.hibernate.dialect.Dialect[0;39m 175: HHH000400: Using dialect: org.hibernate.spatial.dialect.mysql.MySQL8SpatialDialect
2023-05-28 16:25:02.336 [34m INFO[0;39m --- [restartedMain] [36morg.hibernate.dialect.Dialect[0;39m 175: HHH000400: Using dialect: org.hibernate.spatial.dialect.mysql.MySQLSpatialDialect
2023-05-28 16:25:03.283 [34m INFO[0;39m --- [restartedMain] [36mo.h.e.t.j.p.i.JtaPlatformInitiator[0;39m 52: HHH000490: Using JtaPlatform implementation: [org.hibernate.engine.transaction.jta.platform.internal.NoJtaPlatform]
2023-05-28 16:25:04.088 [34m INFO[0;39m --- [restartedMain] [36mo.f.s.b.c.CmmnEngineAutoConfiguration[0;39m 104: No deployment resources were found for autodeployment
2023-05-28 16:25:04.155 [34m INFO[0;39m --- [restartedMain] [36mo.f.s.b.d.DmnEngineAutoConfiguration[0;39m 104: No deployment resources were found for autodeployment
2023-05-28 16:25:04.181 [34m INFO[0;39m --- [restartedMain] [36mo.f.s.b.f.FormEngineAutoConfiguration[0;39m 104: No deployment resources were found for autodeployment
2023-05-28 16:25:04.211 [34m INFO[0;39m --- [restartedMain] [36mo.f.s.b.e.EventRegistryAutoConfiguration[0;39m 104: No deployment resources were found for autodeployment
2023-05-28 16:25:04.255 [34m INFO[0;39m --- [restartedMain] [36mo.f.a.s.SpringAppEngineConfiguration[0;39m 1000: Found 7 Engine Configurators in total:
2023-05-28 16:25:04.256 [34m INFO[0;39m --- [restartedMain] [36mo.f.a.s.SpringAppEngineConfiguration[0;39m 1002: class org.flowable.engine.spring.configurator.SpringProcessEngineConfigurator (priority:50000)
2023-05-28 16:25:04.256 [34m INFO[0;39m --- [restartedMain] [36mo.f.a.s.SpringAppEngineConfiguration[0;39m 1002: class org.flowable.eventregistry.spring.configurator.SpringEventRegistryConfigurator (priority:100000)
2023-05-28 16:25:04.256 [34m INFO[0;39m --- [restartedMain] [36mo.f.a.s.SpringAppEngineConfiguration[0;39m 1002: class org.flowable.idm.spring.configurator.SpringIdmEngineConfigurator (priority:150000)
2023-05-28 16:25:04.256 [34m INFO[0;39m --- [restartedMain] [36mo.f.a.s.SpringAppEngineConfiguration[0;39m 1002: class org.flowable.dmn.spring.configurator.SpringDmnEngineConfigurator (priority:200000)
2023-05-28 16:25:04.256 [34m INFO[0;39m --- [restartedMain] [36mo.f.a.s.SpringAppEngineConfiguration[0;39m 1002: class org.flowable.form.spring.configurator.SpringFormEngineConfigurator (priority:300000)
2023-05-28 16:25:04.256 [34m INFO[0;39m --- [restartedMain] [36mo.f.a.s.SpringAppEngineConfiguration[0;39m 1002: class org.flowable.content.spring.configurator.SpringContentEngineConfigurator (priority:400000)
2023-05-28 16:25:04.256 [34m INFO[0;39m --- [restartedMain] [36mo.f.a.s.SpringAppEngineConfiguration[0;39m 1002: class org.flowable.cmmn.spring.configurator.SpringCmmnEngineConfigurator (priority:500000)
2023-05-28 16:25:04.256 [34m INFO[0;39m --- [restartedMain] [36mo.f.a.s.SpringAppEngineConfiguration[0;39m 1028: Executing beforeInit() of class org.flowable.engine.spring.configurator.SpringProcessEngineConfigurator (priority:50000)
2023-05-28 16:25:04.270 [34m INFO[0;39m --- [restartedMain] [36mo.f.a.s.SpringAppEngineConfiguration[0;39m 1028: Executing beforeInit() of class org.flowable.eventregistry.spring.configurator.SpringEventRegistryConfigurator (priority:100000)
2023-05-28 16:25:04.272 [34m INFO[0;39m --- [restartedMain] [36mo.f.a.s.SpringAppEngineConfiguration[0;39m 1028: Executing beforeInit() of class org.flowable.idm.spring.configurator.SpringIdmEngineConfigurator (priority:150000)
2023-05-28 16:25:04.275 [34m INFO[0;39m --- [restartedMain] [36mo.f.a.s.SpringAppEngineConfiguration[0;39m 1028: Executing beforeInit() of class org.flowable.dmn.spring.configurator.SpringDmnEngineConfigurator (priority:200000)
2023-05-28 16:25:04.277 [34m INFO[0;39m --- [restartedMain] [36mo.f.a.s.SpringAppEngineConfiguration[0;39m 1028: Executing beforeInit() of class org.flowable.form.spring.configurator.SpringFormEngineConfigurator (priority:300000)
2023-05-28 16:25:04.280 [34m INFO[0;39m --- [restartedMain] [36mo.f.a.s.SpringAppEngineConfiguration[0;39m 1028: Executing beforeInit() of class org.flowable.content.spring.configurator.SpringContentEngineConfigurator (priority:400000)
2023-05-28 16:25:04.282 [34m INFO[0;39m --- [restartedMain] [36mo.f.a.s.SpringAppEngineConfiguration[0;39m 1028: Executing beforeInit() of class org.flowable.cmmn.spring.configurator.SpringCmmnEngineConfigurator (priority:500000)
2023-05-28 16:25:05.191 [34m INFO[0;39m --- [restartedMain] [36mo.f.a.s.SpringAppEngineConfiguration[0;39m 1035: Executing configure() of class org.flowable.engine.spring.configurator.SpringProcessEngineConfigurator (priority:50000)
2023-05-28 16:25:05.360 [34m INFO[0;39m --- [restartedMain] [36mo.f.engine.impl.ProcessEngineImpl[0;39m 88: ProcessEngine default created
2023-05-28 16:25:05.388 [34m INFO[0;39m --- [restartedMain] [36mo.f.e.impl.cmd.ValidateV5EntitiesCmd[0;39m 43: Total of v5 deployments found: 0
2023-05-28 16:25:05.393 [34m INFO[0;39m --- [restartedMain] [36mo.f.a.s.SpringAppEngineConfiguration[0;39m 1035: Executing configure() of class org.flowable.eventregistry.spring.configurator.SpringEventRegistryConfigurator (priority:100000)
2023-05-28 16:25:05.761 [34m INFO[0;39m --- [restartedMain] [36mliquibase.lockservice[0;39m 30: Successfully acquired change log lock
2023-05-28 16:25:06.079 [34m INFO[0;39m --- [restartedMain] [36mliquibase.changelog[0;39m 30: Reading from urban.FLW_EV_DATABASECHANGELOG
2023-05-28 16:25:06.124 [34m INFO[0;39m --- [restartedMain] [36mliquibase.lockservice[0;39m 30: Successfully released change log lock
2023-05-28 16:25:06.125 [34m INFO[0;39m --- [restartedMain] [36mo.f.e.impl.EventRegistryEngineImpl[0;39m 53: EventRegistryEngine default created
2023-05-28 16:25:06.126 [34m INFO[0;39m --- [restartedMain] [36mo.f.a.s.SpringAppEngineConfiguration[0;39m 1035: Executing configure() of class org.flowable.idm.spring.configurator.SpringIdmEngineConfigurator (priority:150000)
2023-05-28 16:25:06.137 [34m INFO[0;39m --- [restartedMain] [36mo.f.idm.engine.impl.IdmEngineImpl[0;39m 52: IdmEngine default created
2023-05-28 16:25:06.138 [34m INFO[0;39m --- [restartedMain] [36mo.f.a.s.SpringAppEngineConfiguration[0;39m 1035: Executing configure() of class org.flowable.dmn.spring.configurator.SpringDmnEngineConfigurator (priority:200000)
2023-05-28 16:25:06.174 [34m INFO[0;39m --- [restartedMain] [36mliquibase.lockservice[0;39m 30: Successfully acquired change log lock
2023-05-28 16:25:06.221 [34m INFO[0;39m --- [restartedMain] [36mliquibase.changelog[0;39m 30: Reading from urban.ACT_DMN_DATABASECHANGELOG
2023-05-28 16:25:06.242 [34m INFO[0;39m --- [restartedMain] [36mliquibase.lockservice[0;39m 30: Successfully released change log lock
2023-05-28 16:25:06.243 [34m INFO[0;39m --- [restartedMain] [36mo.f.dmn.engine.impl.DmnEngineImpl[0;39m 55: DmnEngine default created
2023-05-28 16:25:06.244 [34m INFO[0;39m --- [restartedMain] [36mo.f.a.s.SpringAppEngineConfiguration[0;39m 1035: Executing configure() of class org.flowable.form.spring.configurator.SpringFormEngineConfigurator (priority:300000)
2023-05-28 16:25:06.268 [34m INFO[0;39m --- [restartedMain] [36mliquibase.lockservice[0;39m 30: Successfully acquired change log lock
2023-05-28 16:25:06.311 [34m INFO[0;39m --- [restartedMain] [36mliquibase.changelog[0;39m 30: Reading from urban.ACT_FO_DATABASECHANGELOG
2023-05-28 16:25:06.332 [34m INFO[0;39m --- [restartedMain] [36mliquibase.lockservice[0;39m 30: Successfully released change log lock
2023-05-28 16:25:06.333 [34m INFO[0;39m --- [restartedMain] [36mo.f.form.engine.impl.FormEngineImpl[0;39m 52: FormEngine default created
2023-05-28 16:25:06.334 [34m INFO[0;39m --- [restartedMain] [36mo.f.a.s.SpringAppEngineConfiguration[0;39m 1035: Executing configure() of class org.flowable.content.spring.configurator.SpringContentEngineConfigurator (priority:400000)
2023-05-28 16:25:06.336 [34m INFO[0;39m --- [restartedMain] [36mo.f.c.s.SpringContentEngineConfiguration[0;39m 188: Content file system root : /Users/liukai/content
2023-05-28 16:25:06.359 [34m INFO[0;39m --- [restartedMain] [36mliquibase.lockservice[0;39m 30: Successfully acquired change log lock
2023-05-28 16:25:06.405 [34m INFO[0;39m --- [restartedMain] [36mliquibase.changelog[0;39m 30: Reading from urban.ACT_CO_DATABASECHANGELOG
2023-05-28 16:25:06.423 [34m INFO[0;39m --- [restartedMain] [36mliquibase.lockservice[0;39m 30: Successfully released change log lock
2023-05-28 16:25:06.423 [34m INFO[0;39m --- [restartedMain] [36mo.f.c.engine.impl.ContentEngineImpl[0;39m 48: ContentEngine default created
2023-05-28 16:25:06.425 [34m INFO[0;39m --- [restartedMain] [36mo.f.a.s.SpringAppEngineConfiguration[0;39m 1035: Executing configure() of class org.flowable.cmmn.spring.configurator.SpringCmmnEngineConfigurator (priority:500000)
2023-05-28 16:25:06.506 [34m INFO[0;39m --- [restartedMain] [36mliquibase.lockservice[0;39m 30: Successfully acquired change log lock
2023-05-28 16:25:06.557 [34m INFO[0;39m --- [restartedMain] [36mliquibase.changelog[0;39m 30: Reading from urban.ACT_CMMN_DATABASECHANGELOG
2023-05-28 16:25:06.599 [34m INFO[0;39m --- [restartedMain] [36mliquibase.lockservice[0;39m 30: Successfully released change log lock
2023-05-28 16:25:06.600 [34m INFO[0;39m --- [restartedMain] [36mo.f.cmmn.engine.impl.CmmnEngineImpl[0;39m 71: CmmnEngine default created
2023-05-28 16:25:06.626 [34m INFO[0;39m --- [restartedMain] [36mliquibase.lockservice[0;39m 30: Successfully acquired change log lock
2023-05-28 16:25:06.665 [34m INFO[0;39m --- [restartedMain] [36mliquibase.changelog[0;39m 30: Reading from urban.ACT_APP_DATABASECHANGELOG
2023-05-28 16:25:06.680 [34m INFO[0;39m --- [restartedMain] [36mliquibase.lockservice[0;39m 30: Successfully released change log lock
2023-05-28 16:25:06.680 [34m INFO[0;39m --- [restartedMain] [36mo.f.app.engine.impl.AppEngineImpl[0;39m 48: AppEngine default created
2023-05-28 16:25:07.918 [34m INFO[0;39m --- [restartedMain] [36mo.f.j.s.i.a.AbstractAsyncExecutor[0;39m 115: Starting up the async job executor [org.flowable.spring.job.service.SpringAsyncExecutor].
2023-05-28 16:25:07.920 [34m INFO[0;39m --- [Thread-7] [36mo.f.j.s.i.a.AcquireAsyncJobsDueRunnable[0;39m 52: starting to acquire async jobs due
2023-05-28 16:25:07.925 [34m INFO[0;39m --- [Thread-8] [36mo.f.j.s.i.a.AcquireTimerJobsRunnable[0;39m 52: starting to acquire async jobs due
2023-05-28 16:25:07.925 [34m INFO[0;39m --- [Thread-9] [36mo.f.j.s.i.a.ResetExpiredJobsRunnable[0;39m 63: starting to reset expired jobs for engine cmmn
2023-05-28 16:25:07.926 [34m INFO[0;39m --- [restartedMain] [36mo.f.j.s.i.a.AbstractAsyncExecutor[0;39m 115: Starting up the async job executor [org.flowable.spring.job.service.SpringAsyncExecutor].
2023-05-28 16:25:07.926 [34m INFO[0;39m --- [Thread-10] [36mo.f.j.s.i.a.AcquireAsyncJobsDueRunnable[0;39m 52: starting to acquire async jobs due
2023-05-28 16:25:07.929 [34m INFO[0;39m --- [Thread-11] [36mo.f.j.s.i.a.AcquireTimerJobsRunnable[0;39m 52: starting to acquire async jobs due
2023-05-28 16:25:07.929 [34m INFO[0;39m --- [Thread-12] [36mo.f.j.s.i.a.ResetExpiredJobsRunnable[0;39m 63: starting to reset expired jobs for engine bpmn
2023-05-28 16:25:07.929 [34m INFO[0;39m --- [restartedMain] [36mo.a.coyote.http11.Http11NioProtocol[0;39m 173: Starting ProtocolHandler ["http-nio-9999"]
2023-05-28 16:25:07.967 [34m INFO[0;39m --- [restartedMain] [36mcom.king.urban.main.MainApplication[0;39m 61: Started MainApplication in 9.356 seconds (JVM running for 10.658)
2023-05-28 16:25:08.021 [34m INFO[0;39m --- [RMI TCP Connection(3)-192.168.3.192] [36mo.a.c.c.C.[Tomcat].[localhost].[/][0;39m 173: Initializing Spring DispatcherServlet 'dispatcherServlet'
2023-05-28 17:09:25.373 [34m INFO[0;39m --- [SpringApplicationShutdownHook] [36mo.f.j.s.i.a.AbstractAsyncExecutor[0;39m 167: Shutting down the async job executor [org.flowable.spring.job.service.SpringAsyncExecutor].
2023-05-28 17:09:25.374 [34m INFO[0;39m --- [flowable-cmmn-acquire-async-jobs] [36mo.f.j.s.i.a.AcquireAsyncJobsDueRunnable[0;39m 79: stopped async job due acquisition for engine cmmn
2023-05-28 17:09:25.374 [34m INFO[0;39m --- [flowable-cmmn-reset-expired-jobs] [36mo.f.j.s.i.a.ResetExpiredJobsRunnable[0;39m 90: stopped resetting expired jobs for engine cmmn
2023-05-28 17:09:25.374 [34m INFO[0;39m --- [flowable-cmmn-acquire-timer-jobs] [36mo.f.j.s.i.a.AcquireTimerJobsRunnable[0;39m 118: stopped async job due acquisition
2023-05-28 17:09:25.504 [34m INFO[0;39m --- [SpringApplicationShutdownHook] [36mo.f.j.s.i.a.AbstractAsyncExecutor[0;39m 167: Shutting down the async job executor [org.flowable.spring.job.service.SpringAsyncExecutor].
2023-05-28 17:09:25.504 [34m INFO[0;39m --- [flowable-bpmn-acquire-async-jobs] [36mo.f.j.s.i.a.AcquireAsyncJobsDueRunnable[0;39m 79: stopped async job due acquisition for engine bpmn
2023-05-28 17:09:25.504 [34m INFO[0;39m --- [flowable-bpmn-acquire-timer-jobs] [36mo.f.j.s.i.a.AcquireTimerJobsRunnable[0;39m 118: stopped async job due acquisition
2023-05-28 17:09:25.504 [34m INFO[0;39m --- [flowable-bpmn-reset-expired-jobs] [36mo.f.j.s.i.a.ResetExpiredJobsRunnable[0;39m 90: stopped resetting expired jobs for engine bpmn
2023-05-28 17:09:25.516 [34m INFO[0;39m --- [SpringApplicationShutdownHook] [36mcom.zaxxer.hikari.HikariDataSource[0;39m 350: HikariPool-1 - Shutdown initiated...
2023-05-28 17:09:25.518 [34m INFO[0;39m --- [SpringApplicationShutdownHook] [36mcom.zaxxer.hikari.HikariDataSource[0;39m 352: HikariPool-1 - Shutdown completed.
