2023-06-15 13:09:54.872 [34m INFO[0;39m --- [restartedMain] [36mcom.king.urban.main.MainApplication[0;39m 55: Starting MainApplication using Java 19.0.2 on K-Mac.local with PID 95083 (/Users/liukai/IdeaProjects/urban/main/target/classes started by liukai in /Users/liukai/IdeaProjects/urban)
2023-06-15 13:09:54.875 [34m INFO[0;39m --- [background-preinit] [36mo.h.validator.internal.util.Version[0;39m 21: HV000001: Hibernate Validator 6.2.5.Final
2023-06-15 13:09:54.877 [34m INFO[0;39m --- [restartedMain] [36mcom.king.urban.main.MainApplication[0;39m 631: No active profile set, falling back to 1 default profile: "default"
2023-06-15 13:09:57.554 [34m INFO[0;39m --- [restartedMain] [36mo.a.coyote.http11.Http11NioProtocol[0;39m 173: Initializing ProtocolHandler ["http-nio-9999"]
2023-06-15 13:09:57.555 [34m INFO[0;39m --- [restartedMain] [36mo.a.catalina.core.StandardService[0;39m 173: Starting service [Tomcat]
2023-06-15 13:09:57.555 [34m INFO[0;39m --- [restartedMain] [36mo.a.catalina.core.StandardEngine[0;39m 173: Starting Servlet engine: [Apache Tomcat/9.0.74]
2023-06-15 13:09:57.650 [34m INFO[0;39m --- [restartedMain] [36mo.a.c.c.C.[Tomcat].[localhost].[/][0;39m 173: Initializing Spring embedded WebApplicationContext
2023-06-15 13:09:59.965 [34m INFO[0;39m --- [restartedMain] [36mo.h.jpa.internal.util.LogHelper[0;39m 31: HHH000204: Processing PersistenceUnitInfo [name: default]
2023-06-15 13:10:00.056 [34m INFO[0;39m --- [restartedMain] [36morg.hibernate.Version[0;39m 44: HHH000412: Hibernate ORM core version 5.6.15.Final
2023-06-15 13:10:00.258 [34m INFO[0;39m --- [restartedMain] [36mo.h.s.integration.SpatialService[0;39m 42: HHH80000001: hibernate-spatial integration enabled : true
2023-06-15 13:10:00.302 [34m INFO[0;39m --- [restartedMain] [36mo.h.annotations.common.Version[0;39m 56: HCANN000001: Hibernate Commons Annotations {5.1.2.Final}
2023-06-15 13:10:00.466 [34m INFO[0;39m --- [restartedMain] [36mcom.zaxxer.hikari.HikariDataSource[0;39m 110: HikariPool-1 - Starting...
2023-06-15 13:10:00.707 [34m INFO[0;39m --- [restartedMain] [36mcom.zaxxer.hikari.HikariDataSource[0;39m 123: HikariPool-1 - Start completed.
2023-06-15 13:10:00.734 [34m INFO[0;39m --- [restartedMain] [36morg.hibernate.dialect.Dialect[0;39m 175: HHH000400: Using dialect: org.hibernate.spatial.dialect.mysql.MySQL8SpatialDialect
2023-06-15 13:10:00.742 [34m INFO[0;39m --- [restartedMain] [36morg.hibernate.dialect.Dialect[0;39m 175: HHH000400: Using dialect: org.hibernate.spatial.dialect.mysql.MySQLSpatialDialect
2023-06-15 13:10:01.944 [34m INFO[0;39m --- [restartedMain] [36mo.h.e.t.j.p.i.JtaPlatformInitiator[0;39m 52: HHH000490: Using JtaPlatform implementation: [org.hibernate.engine.transaction.jta.platform.internal.NoJtaPlatform]
2023-06-15 13:10:02.950 [34m INFO[0;39m --- [restartedMain] [36mo.f.s.b.c.CmmnEngineAutoConfiguration[0;39m 104: No deployment resources were found for autodeployment
2023-06-15 13:10:03.033 [34m INFO[0;39m --- [restartedMain] [36mo.f.s.b.d.DmnEngineAutoConfiguration[0;39m 104: No deployment resources were found for autodeployment
2023-06-15 13:10:03.065 [34m INFO[0;39m --- [restartedMain] [36mo.f.s.b.f.FormEngineAutoConfiguration[0;39m 104: No deployment resources were found for autodeployment
2023-06-15 13:10:03.100 [34m INFO[0;39m --- [restartedMain] [36mo.f.s.b.e.EventRegistryAutoConfiguration[0;39m 104: No deployment resources were found for autodeployment
2023-06-15 13:10:03.147 [34m INFO[0;39m --- [restartedMain] [36mo.f.a.s.SpringAppEngineConfiguration[0;39m 1000: Found 7 Engine Configurators in total:
2023-06-15 13:10:03.147 [34m INFO[0;39m --- [restartedMain] [36mo.f.a.s.SpringAppEngineConfiguration[0;39m 1002: class org.flowable.engine.spring.configurator.SpringProcessEngineConfigurator (priority:50000)
2023-06-15 13:10:03.148 [34m INFO[0;39m --- [restartedMain] [36mo.f.a.s.SpringAppEngineConfiguration[0;39m 1002: class org.flowable.eventregistry.spring.configurator.SpringEventRegistryConfigurator (priority:100000)
2023-06-15 13:10:03.148 [34m INFO[0;39m --- [restartedMain] [36mo.f.a.s.SpringAppEngineConfiguration[0;39m 1002: class org.flowable.idm.spring.configurator.SpringIdmEngineConfigurator (priority:150000)
2023-06-15 13:10:03.148 [34m INFO[0;39m --- [restartedMain] [36mo.f.a.s.SpringAppEngineConfiguration[0;39m 1002: class org.flowable.dmn.spring.configurator.SpringDmnEngineConfigurator (priority:200000)
2023-06-15 13:10:03.148 [34m INFO[0;39m --- [restartedMain] [36mo.f.a.s.SpringAppEngineConfiguration[0;39m 1002: class org.flowable.form.spring.configurator.SpringFormEngineConfigurator (priority:300000)
2023-06-15 13:10:03.148 [34m INFO[0;39m --- [restartedMain] [36mo.f.a.s.SpringAppEngineConfiguration[0;39m 1002: class org.flowable.content.spring.configurator.SpringContentEngineConfigurator (priority:400000)
2023-06-15 13:10:03.148 [34m INFO[0;39m --- [restartedMain] [36mo.f.a.s.SpringAppEngineConfiguration[0;39m 1002: class org.flowable.cmmn.spring.configurator.SpringCmmnEngineConfigurator (priority:500000)
2023-06-15 13:10:03.148 [34m INFO[0;39m --- [restartedMain] [36mo.f.a.s.SpringAppEngineConfiguration[0;39m 1028: Executing beforeInit() of class org.flowable.engine.spring.configurator.SpringProcessEngineConfigurator (priority:50000)
2023-06-15 13:10:03.171 [34m INFO[0;39m --- [restartedMain] [36mo.f.a.s.SpringAppEngineConfiguration[0;39m 1028: Executing beforeInit() of class org.flowable.eventregistry.spring.configurator.SpringEventRegistryConfigurator (priority:100000)
2023-06-15 13:10:03.174 [34m INFO[0;39m --- [restartedMain] [36mo.f.a.s.SpringAppEngineConfiguration[0;39m 1028: Executing beforeInit() of class org.flowable.idm.spring.configurator.SpringIdmEngineConfigurator (priority:150000)
2023-06-15 13:10:03.176 [34m INFO[0;39m --- [restartedMain] [36mo.f.a.s.SpringAppEngineConfiguration[0;39m 1028: Executing beforeInit() of class org.flowable.dmn.spring.configurator.SpringDmnEngineConfigurator (priority:200000)
2023-06-15 13:10:03.179 [34m INFO[0;39m --- [restartedMain] [36mo.f.a.s.SpringAppEngineConfiguration[0;39m 1028: Executing beforeInit() of class org.flowable.form.spring.configurator.SpringFormEngineConfigurator (priority:300000)
2023-06-15 13:10:03.182 [34m INFO[0;39m --- [restartedMain] [36mo.f.a.s.SpringAppEngineConfiguration[0;39m 1028: Executing beforeInit() of class org.flowable.content.spring.configurator.SpringContentEngineConfigurator (priority:400000)
2023-06-15 13:10:03.184 [34m INFO[0;39m --- [restartedMain] [36mo.f.a.s.SpringAppEngineConfiguration[0;39m 1028: Executing beforeInit() of class org.flowable.cmmn.spring.configurator.SpringCmmnEngineConfigurator (priority:500000)
2023-06-15 13:10:04.116 [34m INFO[0;39m --- [restartedMain] [36mo.f.a.s.SpringAppEngineConfiguration[0;39m 1035: Executing configure() of class org.flowable.engine.spring.configurator.SpringProcessEngineConfigurator (priority:50000)
2023-06-15 13:10:04.348 [34m INFO[0;39m --- [restartedMain] [36mo.f.engine.impl.ProcessEngineImpl[0;39m 88: ProcessEngine default created
2023-06-15 13:10:04.398 [34m INFO[0;39m --- [restartedMain] [36mo.f.e.impl.cmd.ValidateV5EntitiesCmd[0;39m 43: Total of v5 deployments found: 0
2023-06-15 13:10:04.403 [34m INFO[0;39m --- [restartedMain] [36mo.f.a.s.SpringAppEngineConfiguration[0;39m 1035: Executing configure() of class org.flowable.eventregistry.spring.configurator.SpringEventRegistryConfigurator (priority:100000)
2023-06-15 13:10:04.943 [34m INFO[0;39m --- [restartedMain] [36mliquibase.lockservice[0;39m 30: Successfully acquired change log lock
2023-06-15 13:10:05.301 [34m INFO[0;39m --- [restartedMain] [36mliquibase.changelog[0;39m 30: Reading from urban.FLW_EV_DATABASECHANGELOG
2023-06-15 13:10:05.356 [34m INFO[0;39m --- [restartedMain] [36mliquibase.lockservice[0;39m 30: Successfully released change log lock
2023-06-15 13:10:05.357 [34m INFO[0;39m --- [restartedMain] [36mo.f.e.impl.EventRegistryEngineImpl[0;39m 53: EventRegistryEngine default created
2023-06-15 13:10:05.358 [34m INFO[0;39m --- [restartedMain] [36mo.f.a.s.SpringAppEngineConfiguration[0;39m 1035: Executing configure() of class org.flowable.idm.spring.configurator.SpringIdmEngineConfigurator (priority:150000)
2023-06-15 13:10:05.371 [34m INFO[0;39m --- [restartedMain] [36mo.f.idm.engine.impl.IdmEngineImpl[0;39m 52: IdmEngine default created
2023-06-15 13:10:05.372 [34m INFO[0;39m --- [restartedMain] [36mo.f.a.s.SpringAppEngineConfiguration[0;39m 1035: Executing configure() of class org.flowable.dmn.spring.configurator.SpringDmnEngineConfigurator (priority:200000)
2023-06-15 13:10:05.411 [34m INFO[0;39m --- [restartedMain] [36mliquibase.lockservice[0;39m 30: Successfully acquired change log lock
2023-06-15 13:10:05.462 [34m INFO[0;39m --- [restartedMain] [36mliquibase.changelog[0;39m 30: Reading from urban.ACT_DMN_DATABASECHANGELOG
2023-06-15 13:10:05.485 [34m INFO[0;39m --- [restartedMain] [36mliquibase.lockservice[0;39m 30: Successfully released change log lock
2023-06-15 13:10:05.486 [34m INFO[0;39m --- [restartedMain] [36mo.f.dmn.engine.impl.DmnEngineImpl[0;39m 55: DmnEngine default created
2023-06-15 13:10:05.488 [34m INFO[0;39m --- [restartedMain] [36mo.f.a.s.SpringAppEngineConfiguration[0;39m 1035: Executing configure() of class org.flowable.form.spring.configurator.SpringFormEngineConfigurator (priority:300000)
2023-06-15 13:10:05.515 [34m INFO[0;39m --- [restartedMain] [36mliquibase.lockservice[0;39m 30: Successfully acquired change log lock
2023-06-15 13:10:05.562 [34m INFO[0;39m --- [restartedMain] [36mliquibase.changelog[0;39m 30: Reading from urban.ACT_FO_DATABASECHANGELOG
2023-06-15 13:10:05.581 [34m INFO[0;39m --- [restartedMain] [36mliquibase.lockservice[0;39m 30: Successfully released change log lock
2023-06-15 13:10:05.582 [34m INFO[0;39m --- [restartedMain] [36mo.f.form.engine.impl.FormEngineImpl[0;39m 52: FormEngine default created
2023-06-15 13:10:05.583 [34m INFO[0;39m --- [restartedMain] [36mo.f.a.s.SpringAppEngineConfiguration[0;39m 1035: Executing configure() of class org.flowable.content.spring.configurator.SpringContentEngineConfigurator (priority:400000)
2023-06-15 13:10:05.585 [34m INFO[0;39m --- [restartedMain] [36mo.f.c.s.SpringContentEngineConfiguration[0;39m 188: Content file system root : /Users/liukai/content
2023-06-15 13:10:05.607 [34m INFO[0;39m --- [restartedMain] [36mliquibase.lockservice[0;39m 30: Successfully acquired change log lock
2023-06-15 13:10:05.653 [34m INFO[0;39m --- [restartedMain] [36mliquibase.changelog[0;39m 30: Reading from urban.ACT_CO_DATABASECHANGELOG
2023-06-15 13:10:05.672 [34m INFO[0;39m --- [restartedMain] [36mliquibase.lockservice[0;39m 30: Successfully released change log lock
2023-06-15 13:10:05.673 [34m INFO[0;39m --- [restartedMain] [36mo.f.c.engine.impl.ContentEngineImpl[0;39m 48: ContentEngine default created
2023-06-15 13:10:05.674 [34m INFO[0;39m --- [restartedMain] [36mo.f.a.s.SpringAppEngineConfiguration[0;39m 1035: Executing configure() of class org.flowable.cmmn.spring.configurator.SpringCmmnEngineConfigurator (priority:500000)
2023-06-15 13:10:05.770 [34m INFO[0;39m --- [restartedMain] [36mliquibase.lockservice[0;39m 30: Successfully acquired change log lock
2023-06-15 13:10:05.822 [34m INFO[0;39m --- [restartedMain] [36mliquibase.changelog[0;39m 30: Reading from urban.ACT_CMMN_DATABASECHANGELOG
2023-06-15 13:10:05.851 [34m INFO[0;39m --- [restartedMain] [36mliquibase.lockservice[0;39m 30: Successfully released change log lock
2023-06-15 13:10:05.852 [34m INFO[0;39m --- [restartedMain] [36mo.f.cmmn.engine.impl.CmmnEngineImpl[0;39m 71: CmmnEngine default created
2023-06-15 13:10:05.877 [34m INFO[0;39m --- [restartedMain] [36mliquibase.lockservice[0;39m 30: Successfully acquired change log lock
2023-06-15 13:10:05.918 [34m INFO[0;39m --- [restartedMain] [36mliquibase.changelog[0;39m 30: Reading from urban.ACT_APP_DATABASECHANGELOG
2023-06-15 13:10:05.931 [34m INFO[0;39m --- [restartedMain] [36mliquibase.lockservice[0;39m 30: Successfully released change log lock
2023-06-15 13:10:05.932 [34m INFO[0;39m --- [restartedMain] [36mo.f.app.engine.impl.AppEngineImpl[0;39m 48: AppEngine default created
2023-06-15 13:10:07.193 [34m INFO[0;39m --- [restartedMain] [36mo.f.j.s.i.a.AbstractAsyncExecutor[0;39m 115: Starting up the async job executor [org.flowable.spring.job.service.SpringAsyncExecutor].
2023-06-15 13:10:07.194 [34m INFO[0;39m --- [Thread-7] [36mo.f.j.s.i.a.AcquireAsyncJobsDueRunnable[0;39m 52: starting to acquire async jobs due
2023-06-15 13:10:07.203 [34m INFO[0;39m --- [Thread-8] [36mo.f.j.s.i.a.AcquireTimerJobsRunnable[0;39m 52: starting to acquire async jobs due
2023-06-15 13:10:07.203 [34m INFO[0;39m --- [Thread-9] [36mo.f.j.s.i.a.ResetExpiredJobsRunnable[0;39m 63: starting to reset expired jobs for engine cmmn
2023-06-15 13:10:07.204 [34m INFO[0;39m --- [restartedMain] [36mo.f.j.s.i.a.AbstractAsyncExecutor[0;39m 115: Starting up the async job executor [org.flowable.spring.job.service.SpringAsyncExecutor].
2023-06-15 13:10:07.204 [34m INFO[0;39m --- [Thread-10] [36mo.f.j.s.i.a.AcquireAsyncJobsDueRunnable[0;39m 52: starting to acquire async jobs due
2023-06-15 13:10:07.206 [34m INFO[0;39m --- [Thread-11] [36mo.f.j.s.i.a.AcquireTimerJobsRunnable[0;39m 52: starting to acquire async jobs due
2023-06-15 13:10:07.206 [34m INFO[0;39m --- [Thread-12] [36mo.f.j.s.i.a.ResetExpiredJobsRunnable[0;39m 63: starting to reset expired jobs for engine bpmn
2023-06-15 13:10:07.206 [34m INFO[0;39m --- [restartedMain] [36mo.a.coyote.http11.Http11NioProtocol[0;39m 173: Starting ProtocolHandler ["http-nio-9999"]
2023-06-15 13:10:07.246 [34m INFO[0;39m --- [restartedMain] [36mcom.king.urban.main.MainApplication[0;39m 61: Started MainApplication in 12.862 seconds (JVM running for 14.623)
2023-06-15 13:10:07.597 [34m INFO[0;39m --- [RMI TCP Connection(1)-127.0.0.1] [36mo.a.c.c.C.[Tomcat].[localhost].[/][0;39m 173: Initializing Spring DispatcherServlet 'dispatcherServlet'
2023-06-15 13:12:39.690 [34m INFO[0;39m --- [SpringApplicationShutdownHook] [36mo.f.j.s.i.a.AbstractAsyncExecutor[0;39m 167: Shutting down the async job executor [org.flowable.spring.job.service.SpringAsyncExecutor].
2023-06-15 13:12:39.690 [34m INFO[0;39m --- [flowable-cmmn-reset-expired-jobs] [36mo.f.j.s.i.a.ResetExpiredJobsRunnable[0;39m 90: stopped resetting expired jobs for engine cmmn
2023-06-15 13:12:39.690 [34m INFO[0;39m --- [flowable-cmmn-acquire-async-jobs] [36mo.f.j.s.i.a.AcquireAsyncJobsDueRunnable[0;39m 79: stopped async job due acquisition for engine cmmn
2023-06-15 13:12:39.690 [34m INFO[0;39m --- [flowable-cmmn-acquire-timer-jobs] [36mo.f.j.s.i.a.AcquireTimerJobsRunnable[0;39m 118: stopped async job due acquisition
2023-06-15 13:12:39.817 [34m INFO[0;39m --- [SpringApplicationShutdownHook] [36mo.f.j.s.i.a.AbstractAsyncExecutor[0;39m 167: Shutting down the async job executor [org.flowable.spring.job.service.SpringAsyncExecutor].
2023-06-15 13:12:39.818 [34m INFO[0;39m --- [flowable-bpmn-reset-expired-jobs] [36mo.f.j.s.i.a.ResetExpiredJobsRunnable[0;39m 90: stopped resetting expired jobs for engine bpmn
2023-06-15 13:12:39.818 [34m INFO[0;39m --- [flowable-bpmn-acquire-timer-jobs] [36mo.f.j.s.i.a.AcquireTimerJobsRunnable[0;39m 118: stopped async job due acquisition
2023-06-15 13:12:39.818 [34m INFO[0;39m --- [flowable-bpmn-acquire-async-jobs] [36mo.f.j.s.i.a.AcquireAsyncJobsDueRunnable[0;39m 79: stopped async job due acquisition for engine bpmn
2023-06-15 13:12:39.842 [34m INFO[0;39m --- [SpringApplicationShutdownHook] [36mcom.zaxxer.hikari.HikariDataSource[0;39m 350: HikariPool-1 - Shutdown initiated...
2023-06-15 13:12:39.850 [34m INFO[0;39m --- [SpringApplicationShutdownHook] [36mcom.zaxxer.hikari.HikariDataSource[0;39m 352: HikariPool-1 - Shutdown completed.
2023-06-15 13:17:14.192 [34m INFO[0;39m --- [restartedMain] [36mcom.king.urban.main.MainApplication[0;39m 55: Starting MainApplication using Java 19.0.2 on K-Mac.local with PID 95743 (/Users/liukai/IdeaProjects/urban/main/target/classes started by liukai in /Users/liukai/IdeaProjects/urban)
2023-06-15 13:17:14.195 [34m INFO[0;39m --- [restartedMain] [36mcom.king.urban.main.MainApplication[0;39m 631: No active profile set, falling back to 1 default profile: "default"
2023-06-15 13:17:14.195 [34m INFO[0;39m --- [background-preinit] [36mo.h.validator.internal.util.Version[0;39m 21: HV000001: Hibernate Validator 6.2.5.Final
2023-06-15 13:17:16.567 [34m INFO[0;39m --- [restartedMain] [36mo.a.coyote.http11.Http11NioProtocol[0;39m 173: Initializing ProtocolHandler ["http-nio-9999"]
2023-06-15 13:17:16.567 [34m INFO[0;39m --- [restartedMain] [36mo.a.catalina.core.StandardService[0;39m 173: Starting service [Tomcat]
2023-06-15 13:17:16.568 [34m INFO[0;39m --- [restartedMain] [36mo.a.catalina.core.StandardEngine[0;39m 173: Starting Servlet engine: [Apache Tomcat/9.0.74]
2023-06-15 13:17:16.673 [34m INFO[0;39m --- [restartedMain] [36mo.a.c.c.C.[Tomcat].[localhost].[/][0;39m 173: Initializing Spring embedded WebApplicationContext
2023-06-15 13:17:16.964 [34m INFO[0;39m --- [restartedMain] [36mo.h.jpa.internal.util.LogHelper[0;39m 31: HHH000204: Processing PersistenceUnitInfo [name: default]
2023-06-15 13:17:17.036 [34m INFO[0;39m --- [restartedMain] [36morg.hibernate.Version[0;39m 44: HHH000412: Hibernate ORM core version 5.6.15.Final
2023-06-15 13:17:17.218 [34m INFO[0;39m --- [restartedMain] [36mo.h.s.integration.SpatialService[0;39m 42: HHH80000001: hibernate-spatial integration enabled : true
2023-06-15 13:17:17.248 [34m INFO[0;39m --- [restartedMain] [36mo.h.annotations.common.Version[0;39m 56: HCANN000001: Hibernate Commons Annotations {5.1.2.Final}
2023-06-15 13:17:17.376 [34m INFO[0;39m --- [restartedMain] [36mcom.zaxxer.hikari.HikariDataSource[0;39m 110: HikariPool-1 - Starting...
2023-06-15 13:17:17.566 [34m INFO[0;39m --- [restartedMain] [36mcom.zaxxer.hikari.HikariDataSource[0;39m 123: HikariPool-1 - Start completed.
2023-06-15 13:17:17.589 [34m INFO[0;39m --- [restartedMain] [36morg.hibernate.dialect.Dialect[0;39m 175: HHH000400: Using dialect: org.hibernate.spatial.dialect.mysql.MySQL8SpatialDialect
2023-06-15 13:17:17.597 [34m INFO[0;39m --- [restartedMain] [36morg.hibernate.dialect.Dialect[0;39m 175: HHH000400: Using dialect: org.hibernate.spatial.dialect.mysql.MySQLSpatialDialect
2023-06-15 13:17:18.606 [34m INFO[0;39m --- [restartedMain] [36mo.h.e.t.j.p.i.JtaPlatformInitiator[0;39m 52: HHH000490: Using JtaPlatform implementation: [org.hibernate.engine.transaction.jta.platform.internal.NoJtaPlatform]
2023-06-15 13:17:19.443 [34m INFO[0;39m --- [restartedMain] [36mo.f.s.b.c.CmmnEngineAutoConfiguration[0;39m 104: No deployment resources were found for autodeployment
2023-06-15 13:17:19.515 [34m INFO[0;39m --- [restartedMain] [36mo.f.s.b.d.DmnEngineAutoConfiguration[0;39m 104: No deployment resources were found for autodeployment
2023-06-15 13:17:19.543 [34m INFO[0;39m --- [restartedMain] [36mo.f.s.b.f.FormEngineAutoConfiguration[0;39m 104: No deployment resources were found for autodeployment
2023-06-15 13:17:19.573 [34m INFO[0;39m --- [restartedMain] [36mo.f.s.b.e.EventRegistryAutoConfiguration[0;39m 104: No deployment resources were found for autodeployment
2023-06-15 13:17:19.615 [34m INFO[0;39m --- [restartedMain] [36mo.f.a.s.SpringAppEngineConfiguration[0;39m 1000: Found 7 Engine Configurators in total:
2023-06-15 13:17:19.616 [34m INFO[0;39m --- [restartedMain] [36mo.f.a.s.SpringAppEngineConfiguration[0;39m 1002: class org.flowable.engine.spring.configurator.SpringProcessEngineConfigurator (priority:50000)
2023-06-15 13:17:19.616 [34m INFO[0;39m --- [restartedMain] [36mo.f.a.s.SpringAppEngineConfiguration[0;39m 1002: class org.flowable.eventregistry.spring.configurator.SpringEventRegistryConfigurator (priority:100000)
2023-06-15 13:17:19.616 [34m INFO[0;39m --- [restartedMain] [36mo.f.a.s.SpringAppEngineConfiguration[0;39m 1002: class org.flowable.idm.spring.configurator.SpringIdmEngineConfigurator (priority:150000)
2023-06-15 13:17:19.616 [34m INFO[0;39m --- [restartedMain] [36mo.f.a.s.SpringAppEngineConfiguration[0;39m 1002: class org.flowable.dmn.spring.configurator.SpringDmnEngineConfigurator (priority:200000)
2023-06-15 13:17:19.617 [34m INFO[0;39m --- [restartedMain] [36mo.f.a.s.SpringAppEngineConfiguration[0;39m 1002: class org.flowable.form.spring.configurator.SpringFormEngineConfigurator (priority:300000)
2023-06-15 13:17:19.617 [34m INFO[0;39m --- [restartedMain] [36mo.f.a.s.SpringAppEngineConfiguration[0;39m 1002: class org.flowable.content.spring.configurator.SpringContentEngineConfigurator (priority:400000)
2023-06-15 13:17:19.617 [34m INFO[0;39m --- [restartedMain] [36mo.f.a.s.SpringAppEngineConfiguration[0;39m 1002: class org.flowable.cmmn.spring.configurator.SpringCmmnEngineConfigurator (priority:500000)
2023-06-15 13:17:19.617 [34m INFO[0;39m --- [restartedMain] [36mo.f.a.s.SpringAppEngineConfiguration[0;39m 1028: Executing beforeInit() of class org.flowable.engine.spring.configurator.SpringProcessEngineConfigurator (priority:50000)
2023-06-15 13:17:19.630 [34m INFO[0;39m --- [restartedMain] [36mo.f.a.s.SpringAppEngineConfiguration[0;39m 1028: Executing beforeInit() of class org.flowable.eventregistry.spring.configurator.SpringEventRegistryConfigurator (priority:100000)
2023-06-15 13:17:19.633 [34m INFO[0;39m --- [restartedMain] [36mo.f.a.s.SpringAppEngineConfiguration[0;39m 1028: Executing beforeInit() of class org.flowable.idm.spring.configurator.SpringIdmEngineConfigurator (priority:150000)
2023-06-15 13:17:19.636 [34m INFO[0;39m --- [restartedMain] [36mo.f.a.s.SpringAppEngineConfiguration[0;39m 1028: Executing beforeInit() of class org.flowable.dmn.spring.configurator.SpringDmnEngineConfigurator (priority:200000)
2023-06-15 13:17:19.638 [34m INFO[0;39m --- [restartedMain] [36mo.f.a.s.SpringAppEngineConfiguration[0;39m 1028: Executing beforeInit() of class org.flowable.form.spring.configurator.SpringFormEngineConfigurator (priority:300000)
2023-06-15 13:17:19.641 [34m INFO[0;39m --- [restartedMain] [36mo.f.a.s.SpringAppEngineConfiguration[0;39m 1028: Executing beforeInit() of class org.flowable.content.spring.configurator.SpringContentEngineConfigurator (priority:400000)
2023-06-15 13:17:19.643 [34m INFO[0;39m --- [restartedMain] [36mo.f.a.s.SpringAppEngineConfiguration[0;39m 1028: Executing beforeInit() of class org.flowable.cmmn.spring.configurator.SpringCmmnEngineConfigurator (priority:500000)
2023-06-15 13:17:20.609 [34m INFO[0;39m --- [restartedMain] [36mo.f.a.s.SpringAppEngineConfiguration[0;39m 1035: Executing configure() of class org.flowable.engine.spring.configurator.SpringProcessEngineConfigurator (priority:50000)
2023-06-15 13:17:20.781 [34m INFO[0;39m --- [restartedMain] [36mo.f.engine.impl.ProcessEngineImpl[0;39m 88: ProcessEngine default created
2023-06-15 13:17:20.809 [34m INFO[0;39m --- [restartedMain] [36mo.f.e.impl.cmd.ValidateV5EntitiesCmd[0;39m 43: Total of v5 deployments found: 0
2023-06-15 13:17:20.813 [34m INFO[0;39m --- [restartedMain] [36mo.f.a.s.SpringAppEngineConfiguration[0;39m 1035: Executing configure() of class org.flowable.eventregistry.spring.configurator.SpringEventRegistryConfigurator (priority:100000)
2023-06-15 13:17:21.227 [34m INFO[0;39m --- [restartedMain] [36mliquibase.lockservice[0;39m 30: Successfully acquired change log lock
2023-06-15 13:17:21.547 [34m INFO[0;39m --- [restartedMain] [36mliquibase.changelog[0;39m 30: Reading from urban.FLW_EV_DATABASECHANGELOG
2023-06-15 13:17:21.594 [34m INFO[0;39m --- [restartedMain] [36mliquibase.lockservice[0;39m 30: Successfully released change log lock
2023-06-15 13:17:21.596 [34m INFO[0;39m --- [restartedMain] [36mo.f.e.impl.EventRegistryEngineImpl[0;39m 53: EventRegistryEngine default created
2023-06-15 13:17:21.596 [34m INFO[0;39m --- [restartedMain] [36mo.f.a.s.SpringAppEngineConfiguration[0;39m 1035: Executing configure() of class org.flowable.idm.spring.configurator.SpringIdmEngineConfigurator (priority:150000)
2023-06-15 13:17:21.606 [34m INFO[0;39m --- [restartedMain] [36mo.f.idm.engine.impl.IdmEngineImpl[0;39m 52: IdmEngine default created
2023-06-15 13:17:21.607 [34m INFO[0;39m --- [restartedMain] [36mo.f.a.s.SpringAppEngineConfiguration[0;39m 1035: Executing configure() of class org.flowable.dmn.spring.configurator.SpringDmnEngineConfigurator (priority:200000)
2023-06-15 13:17:21.639 [34m INFO[0;39m --- [restartedMain] [36mliquibase.lockservice[0;39m 30: Successfully acquired change log lock
2023-06-15 13:17:21.686 [34m INFO[0;39m --- [restartedMain] [36mliquibase.changelog[0;39m 30: Reading from urban.ACT_DMN_DATABASECHANGELOG
2023-06-15 13:17:21.708 [34m INFO[0;39m --- [restartedMain] [36mliquibase.lockservice[0;39m 30: Successfully released change log lock
2023-06-15 13:17:21.708 [34m INFO[0;39m --- [restartedMain] [36mo.f.dmn.engine.impl.DmnEngineImpl[0;39m 55: DmnEngine default created
2023-06-15 13:17:21.709 [34m INFO[0;39m --- [restartedMain] [36mo.f.a.s.SpringAppEngineConfiguration[0;39m 1035: Executing configure() of class org.flowable.form.spring.configurator.SpringFormEngineConfigurator (priority:300000)
2023-06-15 13:17:21.733 [34m INFO[0;39m --- [restartedMain] [36mliquibase.lockservice[0;39m 30: Successfully acquired change log lock
2023-06-15 13:17:21.781 [34m INFO[0;39m --- [restartedMain] [36mliquibase.changelog[0;39m 30: Reading from urban.ACT_FO_DATABASECHANGELOG
2023-06-15 13:17:21.801 [34m INFO[0;39m --- [restartedMain] [36mliquibase.lockservice[0;39m 30: Successfully released change log lock
2023-06-15 13:17:21.802 [34m INFO[0;39m --- [restartedMain] [36mo.f.form.engine.impl.FormEngineImpl[0;39m 52: FormEngine default created
2023-06-15 13:17:21.803 [34m INFO[0;39m --- [restartedMain] [36mo.f.a.s.SpringAppEngineConfiguration[0;39m 1035: Executing configure() of class org.flowable.content.spring.configurator.SpringContentEngineConfigurator (priority:400000)
2023-06-15 13:17:21.806 [34m INFO[0;39m --- [restartedMain] [36mo.f.c.s.SpringContentEngineConfiguration[0;39m 188: Content file system root : /Users/liukai/content
2023-06-15 13:17:21.825 [34m INFO[0;39m --- [restartedMain] [36mliquibase.lockservice[0;39m 30: Successfully acquired change log lock
2023-06-15 13:17:21.867 [34m INFO[0;39m --- [restartedMain] [36mliquibase.changelog[0;39m 30: Reading from urban.ACT_CO_DATABASECHANGELOG
2023-06-15 13:17:21.887 [34m INFO[0;39m --- [restartedMain] [36mliquibase.lockservice[0;39m 30: Successfully released change log lock
2023-06-15 13:17:21.888 [34m INFO[0;39m --- [restartedMain] [36mo.f.c.engine.impl.ContentEngineImpl[0;39m 48: ContentEngine default created
2023-06-15 13:17:21.889 [34m INFO[0;39m --- [restartedMain] [36mo.f.a.s.SpringAppEngineConfiguration[0;39m 1035: Executing configure() of class org.flowable.cmmn.spring.configurator.SpringCmmnEngineConfigurator (priority:500000)
2023-06-15 13:17:21.968 [34m INFO[0;39m --- [restartedMain] [36mliquibase.lockservice[0;39m 30: Successfully acquired change log lock
2023-06-15 13:17:22.020 [34m INFO[0;39m --- [restartedMain] [36mliquibase.changelog[0;39m 30: Reading from urban.ACT_CMMN_DATABASECHANGELOG
2023-06-15 13:17:22.051 [34m INFO[0;39m --- [restartedMain] [36mliquibase.lockservice[0;39m 30: Successfully released change log lock
2023-06-15 13:17:22.052 [34m INFO[0;39m --- [restartedMain] [36mo.f.cmmn.engine.impl.CmmnEngineImpl[0;39m 71: CmmnEngine default created
2023-06-15 13:17:22.078 [34m INFO[0;39m --- [restartedMain] [36mliquibase.lockservice[0;39m 30: Successfully acquired change log lock
2023-06-15 13:17:22.115 [34m INFO[0;39m --- [restartedMain] [36mliquibase.changelog[0;39m 30: Reading from urban.ACT_APP_DATABASECHANGELOG
2023-06-15 13:17:22.130 [34m INFO[0;39m --- [restartedMain] [36mliquibase.lockservice[0;39m 30: Successfully released change log lock
2023-06-15 13:17:22.131 [34m INFO[0;39m --- [restartedMain] [36mo.f.app.engine.impl.AppEngineImpl[0;39m 48: AppEngine default created
2023-06-15 13:17:23.408 [34m INFO[0;39m --- [restartedMain] [36mo.f.j.s.i.a.AbstractAsyncExecutor[0;39m 115: Starting up the async job executor [org.flowable.spring.job.service.SpringAsyncExecutor].
2023-06-15 13:17:23.409 [34m INFO[0;39m --- [Thread-7] [36mo.f.j.s.i.a.AcquireAsyncJobsDueRunnable[0;39m 52: starting to acquire async jobs due
2023-06-15 13:17:23.414 [34m INFO[0;39m --- [Thread-8] [36mo.f.j.s.i.a.AcquireTimerJobsRunnable[0;39m 52: starting to acquire async jobs due
2023-06-15 13:17:23.414 [34m INFO[0;39m --- [Thread-9] [36mo.f.j.s.i.a.ResetExpiredJobsRunnable[0;39m 63: starting to reset expired jobs for engine cmmn
2023-06-15 13:17:23.415 [34m INFO[0;39m --- [restartedMain] [36mo.f.j.s.i.a.AbstractAsyncExecutor[0;39m 115: Starting up the async job executor [org.flowable.spring.job.service.SpringAsyncExecutor].
2023-06-15 13:17:23.415 [34m INFO[0;39m --- [Thread-10] [36mo.f.j.s.i.a.AcquireAsyncJobsDueRunnable[0;39m 52: starting to acquire async jobs due
2023-06-15 13:17:23.417 [34m INFO[0;39m --- [Thread-11] [36mo.f.j.s.i.a.AcquireTimerJobsRunnable[0;39m 52: starting to acquire async jobs due
2023-06-15 13:17:23.417 [34m INFO[0;39m --- [Thread-12] [36mo.f.j.s.i.a.ResetExpiredJobsRunnable[0;39m 63: starting to reset expired jobs for engine bpmn
2023-06-15 13:17:23.418 [34m INFO[0;39m --- [restartedMain] [36mo.a.coyote.http11.Http11NioProtocol[0;39m 173: Starting ProtocolHandler ["http-nio-9999"]
2023-06-15 13:17:23.453 [34m INFO[0;39m --- [restartedMain] [36mcom.king.urban.main.MainApplication[0;39m 61: Started MainApplication in 9.683 seconds (JVM running for 10.848)
2023-06-15 13:17:23.746 [34m INFO[0;39m --- [RMI TCP Connection(2)-192.168.3.60] [36mo.a.c.c.C.[Tomcat].[localhost].[/][0;39m 173: Initializing Spring DispatcherServlet 'dispatcherServlet'
2023-06-15 13:19:03.845 [34m INFO[0;39m --- [SpringApplicationShutdownHook] [36mo.f.j.s.i.a.AbstractAsyncExecutor[0;39m 167: Shutting down the async job executor [org.flowable.spring.job.service.SpringAsyncExecutor].
2023-06-15 13:19:03.846 [34m INFO[0;39m --- [flowable-cmmn-reset-expired-jobs] [36mo.f.j.s.i.a.ResetExpiredJobsRunnable[0;39m 90: stopped resetting expired jobs for engine cmmn
2023-06-15 13:19:03.846 [34m INFO[0;39m --- [flowable-cmmn-acquire-timer-jobs] [36mo.f.j.s.i.a.AcquireTimerJobsRunnable[0;39m 118: stopped async job due acquisition
2023-06-15 13:19:03.846 [34m INFO[0;39m --- [flowable-cmmn-acquire-async-jobs] [36mo.f.j.s.i.a.AcquireAsyncJobsDueRunnable[0;39m 79: stopped async job due acquisition for engine cmmn
2023-06-15 13:19:03.974 [34m INFO[0;39m --- [SpringApplicationShutdownHook] [36mo.f.j.s.i.a.AbstractAsyncExecutor[0;39m 167: Shutting down the async job executor [org.flowable.spring.job.service.SpringAsyncExecutor].
2023-06-15 13:19:03.975 [34m INFO[0;39m --- [flowable-bpmn-acquire-timer-jobs] [36mo.f.j.s.i.a.AcquireTimerJobsRunnable[0;39m 118: stopped async job due acquisition
2023-06-15 13:19:03.975 [34m INFO[0;39m --- [flowable-bpmn-acquire-async-jobs] [36mo.f.j.s.i.a.AcquireAsyncJobsDueRunnable[0;39m 79: stopped async job due acquisition for engine bpmn
2023-06-15 13:19:03.975 [34m INFO[0;39m --- [flowable-bpmn-reset-expired-jobs] [36mo.f.j.s.i.a.ResetExpiredJobsRunnable[0;39m 90: stopped resetting expired jobs for engine bpmn
2023-06-15 13:19:03.987 [34m INFO[0;39m --- [SpringApplicationShutdownHook] [36mcom.zaxxer.hikari.HikariDataSource[0;39m 350: HikariPool-1 - Shutdown initiated...
2023-06-15 13:19:03.994 [34m INFO[0;39m --- [SpringApplicationShutdownHook] [36mcom.zaxxer.hikari.HikariDataSource[0;39m 352: HikariPool-1 - Shutdown completed.
2023-06-15 13:41:09.114 [34m INFO[0;39m --- [restartedMain] [36mcom.king.urban.main.MainApplication[0;39m 55: Starting MainApplication using Java 19.0.2 on K-Mac.local with PID 98110 (/Users/liukai/IdeaProjects/urban/main/target/classes started by liukai in /Users/liukai/IdeaProjects/urban)
2023-06-15 13:41:09.117 [34m INFO[0;39m --- [restartedMain] [36mcom.king.urban.main.MainApplication[0;39m 631: No active profile set, falling back to 1 default profile: "default"
2023-06-15 13:41:09.121 [34m INFO[0;39m --- [background-preinit] [36mo.h.validator.internal.util.Version[0;39m 21: HV000001: Hibernate Validator 6.2.5.Final
2023-06-15 13:41:11.536 [34m INFO[0;39m --- [restartedMain] [36mo.a.coyote.http11.Http11NioProtocol[0;39m 173: Initializing ProtocolHandler ["http-nio-9999"]
2023-06-15 13:41:11.536 [34m INFO[0;39m --- [restartedMain] [36mo.a.catalina.core.StandardService[0;39m 173: Starting service [Tomcat]
2023-06-15 13:41:11.536 [34m INFO[0;39m --- [restartedMain] [36mo.a.catalina.core.StandardEngine[0;39m 173: Starting Servlet engine: [Apache Tomcat/9.0.74]
2023-06-15 13:41:11.631 [34m INFO[0;39m --- [restartedMain] [36mo.a.c.c.C.[Tomcat].[localhost].[/][0;39m 173: Initializing Spring embedded WebApplicationContext
2023-06-15 13:41:11.921 [34m INFO[0;39m --- [restartedMain] [36mo.h.jpa.internal.util.LogHelper[0;39m 31: HHH000204: Processing PersistenceUnitInfo [name: default]
2023-06-15 13:41:11.987 [34m INFO[0;39m --- [restartedMain] [36morg.hibernate.Version[0;39m 44: HHH000412: Hibernate ORM core version 5.6.15.Final
2023-06-15 13:41:12.165 [34m INFO[0;39m --- [restartedMain] [36mo.h.s.integration.SpatialService[0;39m 42: HHH80000001: hibernate-spatial integration enabled : true
2023-06-15 13:41:12.197 [34m INFO[0;39m --- [restartedMain] [36mo.h.annotations.common.Version[0;39m 56: HCANN000001: Hibernate Commons Annotations {5.1.2.Final}
2023-06-15 13:41:12.313 [34m INFO[0;39m --- [restartedMain] [36mcom.zaxxer.hikari.HikariDataSource[0;39m 110: HikariPool-1 - Starting...
2023-06-15 13:41:12.490 [34m INFO[0;39m --- [restartedMain] [36mcom.zaxxer.hikari.HikariDataSource[0;39m 123: HikariPool-1 - Start completed.
2023-06-15 13:41:12.512 [34m INFO[0;39m --- [restartedMain] [36morg.hibernate.dialect.Dialect[0;39m 175: HHH000400: Using dialect: org.hibernate.spatial.dialect.mysql.MySQL8SpatialDialect
2023-06-15 13:41:12.519 [34m INFO[0;39m --- [restartedMain] [36morg.hibernate.dialect.Dialect[0;39m 175: HHH000400: Using dialect: org.hibernate.spatial.dialect.mysql.MySQLSpatialDialect
2023-06-15 13:41:13.522 [34m INFO[0;39m --- [restartedMain] [36mo.h.e.t.j.p.i.JtaPlatformInitiator[0;39m 52: HHH000490: Using JtaPlatform implementation: [org.hibernate.engine.transaction.jta.platform.internal.NoJtaPlatform]
2023-06-15 13:41:14.397 [34m INFO[0;39m --- [restartedMain] [36mo.f.s.b.c.CmmnEngineAutoConfiguration[0;39m 104: No deployment resources were found for autodeployment
2023-06-15 13:41:14.471 [34m INFO[0;39m --- [restartedMain] [36mo.f.s.b.d.DmnEngineAutoConfiguration[0;39m 104: No deployment resources were found for autodeployment
2023-06-15 13:41:14.505 [34m INFO[0;39m --- [restartedMain] [36mo.f.s.b.f.FormEngineAutoConfiguration[0;39m 104: No deployment resources were found for autodeployment
2023-06-15 13:41:14.541 [34m INFO[0;39m --- [restartedMain] [36mo.f.s.b.e.EventRegistryAutoConfiguration[0;39m 104: No deployment resources were found for autodeployment
2023-06-15 13:41:14.589 [34m INFO[0;39m --- [restartedMain] [36mo.f.a.s.SpringAppEngineConfiguration[0;39m 1000: Found 7 Engine Configurators in total:
2023-06-15 13:41:14.589 [34m INFO[0;39m --- [restartedMain] [36mo.f.a.s.SpringAppEngineConfiguration[0;39m 1002: class org.flowable.engine.spring.configurator.SpringProcessEngineConfigurator (priority:50000)
2023-06-15 13:41:14.589 [34m INFO[0;39m --- [restartedMain] [36mo.f.a.s.SpringAppEngineConfiguration[0;39m 1002: class org.flowable.eventregistry.spring.configurator.SpringEventRegistryConfigurator (priority:100000)
2023-06-15 13:41:14.589 [34m INFO[0;39m --- [restartedMain] [36mo.f.a.s.SpringAppEngineConfiguration[0;39m 1002: class org.flowable.idm.spring.configurator.SpringIdmEngineConfigurator (priority:150000)
2023-06-15 13:41:14.589 [34m INFO[0;39m --- [restartedMain] [36mo.f.a.s.SpringAppEngineConfiguration[0;39m 1002: class org.flowable.dmn.spring.configurator.SpringDmnEngineConfigurator (priority:200000)
2023-06-15 13:41:14.590 [34m INFO[0;39m --- [restartedMain] [36mo.f.a.s.SpringAppEngineConfiguration[0;39m 1002: class org.flowable.form.spring.configurator.SpringFormEngineConfigurator (priority:300000)
2023-06-15 13:41:14.590 [34m INFO[0;39m --- [restartedMain] [36mo.f.a.s.SpringAppEngineConfiguration[0;39m 1002: class org.flowable.content.spring.configurator.SpringContentEngineConfigurator (priority:400000)
2023-06-15 13:41:14.590 [34m INFO[0;39m --- [restartedMain] [36mo.f.a.s.SpringAppEngineConfiguration[0;39m 1002: class org.flowable.cmmn.spring.configurator.SpringCmmnEngineConfigurator (priority:500000)
2023-06-15 13:41:14.590 [34m INFO[0;39m --- [restartedMain] [36mo.f.a.s.SpringAppEngineConfiguration[0;39m 1028: Executing beforeInit() of class org.flowable.engine.spring.configurator.SpringProcessEngineConfigurator (priority:50000)
2023-06-15 13:41:14.605 [34m INFO[0;39m --- [restartedMain] [36mo.f.a.s.SpringAppEngineConfiguration[0;39m 1028: Executing beforeInit() of class org.flowable.eventregistry.spring.configurator.SpringEventRegistryConfigurator (priority:100000)
2023-06-15 13:41:14.608 [34m INFO[0;39m --- [restartedMain] [36mo.f.a.s.SpringAppEngineConfiguration[0;39m 1028: Executing beforeInit() of class org.flowable.idm.spring.configurator.SpringIdmEngineConfigurator (priority:150000)
2023-06-15 13:41:14.611 [34m INFO[0;39m --- [restartedMain] [36mo.f.a.s.SpringAppEngineConfiguration[0;39m 1028: Executing beforeInit() of class org.flowable.dmn.spring.configurator.SpringDmnEngineConfigurator (priority:200000)
2023-06-15 13:41:14.615 [34m INFO[0;39m --- [restartedMain] [36mo.f.a.s.SpringAppEngineConfiguration[0;39m 1028: Executing beforeInit() of class org.flowable.form.spring.configurator.SpringFormEngineConfigurator (priority:300000)
2023-06-15 13:41:14.619 [34m INFO[0;39m --- [restartedMain] [36mo.f.a.s.SpringAppEngineConfiguration[0;39m 1028: Executing beforeInit() of class org.flowable.content.spring.configurator.SpringContentEngineConfigurator (priority:400000)
2023-06-15 13:41:14.621 [34m INFO[0;39m --- [restartedMain] [36mo.f.a.s.SpringAppEngineConfiguration[0;39m 1028: Executing beforeInit() of class org.flowable.cmmn.spring.configurator.SpringCmmnEngineConfigurator (priority:500000)
2023-06-15 13:41:15.564 [34m INFO[0;39m --- [restartedMain] [36mo.f.a.s.SpringAppEngineConfiguration[0;39m 1035: Executing configure() of class org.flowable.engine.spring.configurator.SpringProcessEngineConfigurator (priority:50000)
2023-06-15 13:41:15.745 [34m INFO[0;39m --- [restartedMain] [36mo.f.engine.impl.ProcessEngineImpl[0;39m 88: ProcessEngine default created
2023-06-15 13:41:15.776 [34m INFO[0;39m --- [restartedMain] [36mo.f.e.impl.cmd.ValidateV5EntitiesCmd[0;39m 43: Total of v5 deployments found: 0
2023-06-15 13:41:15.781 [34m INFO[0;39m --- [restartedMain] [36mo.f.a.s.SpringAppEngineConfiguration[0;39m 1035: Executing configure() of class org.flowable.eventregistry.spring.configurator.SpringEventRegistryConfigurator (priority:100000)
2023-06-15 13:41:16.204 [34m INFO[0;39m --- [restartedMain] [36mliquibase.lockservice[0;39m 30: Successfully acquired change log lock
2023-06-15 13:41:16.526 [34m INFO[0;39m --- [restartedMain] [36mliquibase.changelog[0;39m 30: Reading from urban.FLW_EV_DATABASECHANGELOG
2023-06-15 13:41:16.583 [34m INFO[0;39m --- [restartedMain] [36mliquibase.lockservice[0;39m 30: Successfully released change log lock
2023-06-15 13:41:16.584 [34m INFO[0;39m --- [restartedMain] [36mo.f.e.impl.EventRegistryEngineImpl[0;39m 53: EventRegistryEngine default created
2023-06-15 13:41:16.585 [34m INFO[0;39m --- [restartedMain] [36mo.f.a.s.SpringAppEngineConfiguration[0;39m 1035: Executing configure() of class org.flowable.idm.spring.configurator.SpringIdmEngineConfigurator (priority:150000)
2023-06-15 13:41:16.595 [34m INFO[0;39m --- [restartedMain] [36mo.f.idm.engine.impl.IdmEngineImpl[0;39m 52: IdmEngine default created
2023-06-15 13:41:16.596 [34m INFO[0;39m --- [restartedMain] [36mo.f.a.s.SpringAppEngineConfiguration[0;39m 1035: Executing configure() of class org.flowable.dmn.spring.configurator.SpringDmnEngineConfigurator (priority:200000)
2023-06-15 13:41:16.631 [34m INFO[0;39m --- [restartedMain] [36mliquibase.lockservice[0;39m 30: Successfully acquired change log lock
2023-06-15 13:41:16.677 [34m INFO[0;39m --- [restartedMain] [36mliquibase.changelog[0;39m 30: Reading from urban.ACT_DMN_DATABASECHANGELOG
2023-06-15 13:41:16.698 [34m INFO[0;39m --- [restartedMain] [36mliquibase.lockservice[0;39m 30: Successfully released change log lock
2023-06-15 13:41:16.698 [34m INFO[0;39m --- [restartedMain] [36mo.f.dmn.engine.impl.DmnEngineImpl[0;39m 55: DmnEngine default created
2023-06-15 13:41:16.699 [34m INFO[0;39m --- [restartedMain] [36mo.f.a.s.SpringAppEngineConfiguration[0;39m 1035: Executing configure() of class org.flowable.form.spring.configurator.SpringFormEngineConfigurator (priority:300000)
2023-06-15 13:41:16.721 [34m INFO[0;39m --- [restartedMain] [36mliquibase.lockservice[0;39m 30: Successfully acquired change log lock
2023-06-15 13:41:16.767 [34m INFO[0;39m --- [restartedMain] [36mliquibase.changelog[0;39m 30: Reading from urban.ACT_FO_DATABASECHANGELOG
2023-06-15 13:41:16.786 [34m INFO[0;39m --- [restartedMain] [36mliquibase.lockservice[0;39m 30: Successfully released change log lock
2023-06-15 13:41:16.786 [34m INFO[0;39m --- [restartedMain] [36mo.f.form.engine.impl.FormEngineImpl[0;39m 52: FormEngine default created
2023-06-15 13:41:16.787 [34m INFO[0;39m --- [restartedMain] [36mo.f.a.s.SpringAppEngineConfiguration[0;39m 1035: Executing configure() of class org.flowable.content.spring.configurator.SpringContentEngineConfigurator (priority:400000)
2023-06-15 13:41:16.789 [34m INFO[0;39m --- [restartedMain] [36mo.f.c.s.SpringContentEngineConfiguration[0;39m 188: Content file system root : /Users/liukai/content
2023-06-15 13:41:16.809 [34m INFO[0;39m --- [restartedMain] [36mliquibase.lockservice[0;39m 30: Successfully acquired change log lock
2023-06-15 13:41:16.851 [34m INFO[0;39m --- [restartedMain] [36mliquibase.changelog[0;39m 30: Reading from urban.ACT_CO_DATABASECHANGELOG
2023-06-15 13:41:16.869 [34m INFO[0;39m --- [restartedMain] [36mliquibase.lockservice[0;39m 30: Successfully released change log lock
2023-06-15 13:41:16.870 [34m INFO[0;39m --- [restartedMain] [36mo.f.c.engine.impl.ContentEngineImpl[0;39m 48: ContentEngine default created
2023-06-15 13:41:16.871 [34m INFO[0;39m --- [restartedMain] [36mo.f.a.s.SpringAppEngineConfiguration[0;39m 1035: Executing configure() of class org.flowable.cmmn.spring.configurator.SpringCmmnEngineConfigurator (priority:500000)
2023-06-15 13:41:16.950 [34m INFO[0;39m --- [restartedMain] [36mliquibase.lockservice[0;39m 30: Successfully acquired change log lock
2023-06-15 13:41:16.999 [34m INFO[0;39m --- [restartedMain] [36mliquibase.changelog[0;39m 30: Reading from urban.ACT_CMMN_DATABASECHANGELOG
2023-06-15 13:41:17.030 [34m INFO[0;39m --- [restartedMain] [36mliquibase.lockservice[0;39m 30: Successfully released change log lock
2023-06-15 13:41:17.032 [34m INFO[0;39m --- [restartedMain] [36mo.f.cmmn.engine.impl.CmmnEngineImpl[0;39m 71: CmmnEngine default created
2023-06-15 13:41:17.062 [34m INFO[0;39m --- [restartedMain] [36mliquibase.lockservice[0;39m 30: Successfully acquired change log lock
2023-06-15 13:41:17.102 [34m INFO[0;39m --- [restartedMain] [36mliquibase.changelog[0;39m 30: Reading from urban.ACT_APP_DATABASECHANGELOG
2023-06-15 13:41:17.115 [34m INFO[0;39m --- [restartedMain] [36mliquibase.lockservice[0;39m 30: Successfully released change log lock
2023-06-15 13:41:17.116 [34m INFO[0;39m --- [restartedMain] [36mo.f.app.engine.impl.AppEngineImpl[0;39m 48: AppEngine default created
2023-06-15 13:41:18.391 [34m INFO[0;39m --- [restartedMain] [36mo.f.j.s.i.a.AbstractAsyncExecutor[0;39m 115: Starting up the async job executor [org.flowable.spring.job.service.SpringAsyncExecutor].
2023-06-15 13:41:18.400 [34m INFO[0;39m --- [Thread-7] [36mo.f.j.s.i.a.AcquireAsyncJobsDueRunnable[0;39m 52: starting to acquire async jobs due
2023-06-15 13:41:18.407 [34m INFO[0;39m --- [Thread-8] [36mo.f.j.s.i.a.AcquireTimerJobsRunnable[0;39m 52: starting to acquire async jobs due
2023-06-15 13:41:18.407 [34m INFO[0;39m --- [Thread-9] [36mo.f.j.s.i.a.ResetExpiredJobsRunnable[0;39m 63: starting to reset expired jobs for engine cmmn
2023-06-15 13:41:18.408 [34m INFO[0;39m --- [restartedMain] [36mo.f.j.s.i.a.AbstractAsyncExecutor[0;39m 115: Starting up the async job executor [org.flowable.spring.job.service.SpringAsyncExecutor].
2023-06-15 13:41:18.408 [34m INFO[0;39m --- [Thread-10] [36mo.f.j.s.i.a.AcquireAsyncJobsDueRunnable[0;39m 52: starting to acquire async jobs due
2023-06-15 13:41:18.411 [34m INFO[0;39m --- [Thread-11] [36mo.f.j.s.i.a.AcquireTimerJobsRunnable[0;39m 52: starting to acquire async jobs due
2023-06-15 13:41:18.411 [34m INFO[0;39m --- [Thread-12] [36mo.f.j.s.i.a.ResetExpiredJobsRunnable[0;39m 63: starting to reset expired jobs for engine bpmn
2023-06-15 13:41:18.411 [34m INFO[0;39m --- [restartedMain] [36mo.a.coyote.http11.Http11NioProtocol[0;39m 173: Starting ProtocolHandler ["http-nio-9999"]
2023-06-15 13:41:18.449 [34m INFO[0;39m --- [restartedMain] [36mcom.king.urban.main.MainApplication[0;39m 61: Started MainApplication in 9.723 seconds (JVM running for 10.8)
2023-06-15 13:41:19.019 [34m INFO[0;39m --- [RMI TCP Connection(3)-127.0.0.1] [36mo.a.c.c.C.[Tomcat].[localhost].[/][0;39m 173: Initializing Spring DispatcherServlet 'dispatcherServlet'
2023-06-15 13:42:06.537 [34m INFO[0;39m --- [SpringApplicationShutdownHook] [36mo.f.j.s.i.a.AbstractAsyncExecutor[0;39m 167: Shutting down the async job executor [org.flowable.spring.job.service.SpringAsyncExecutor].
2023-06-15 13:42:06.538 [34m INFO[0;39m --- [flowable-cmmn-acquire-async-jobs] [36mo.f.j.s.i.a.AcquireAsyncJobsDueRunnable[0;39m 79: stopped async job due acquisition for engine cmmn
2023-06-15 13:42:06.538 [34m INFO[0;39m --- [flowable-cmmn-acquire-timer-jobs] [36mo.f.j.s.i.a.AcquireTimerJobsRunnable[0;39m 118: stopped async job due acquisition
2023-06-15 13:42:06.538 [34m INFO[0;39m --- [flowable-cmmn-reset-expired-jobs] [36mo.f.j.s.i.a.ResetExpiredJobsRunnable[0;39m 90: stopped resetting expired jobs for engine cmmn
2023-06-15 13:42:06.664 [34m INFO[0;39m --- [SpringApplicationShutdownHook] [36mo.f.j.s.i.a.AbstractAsyncExecutor[0;39m 167: Shutting down the async job executor [org.flowable.spring.job.service.SpringAsyncExecutor].
2023-06-15 13:42:06.664 [34m INFO[0;39m --- [flowable-bpmn-acquire-timer-jobs] [36mo.f.j.s.i.a.AcquireTimerJobsRunnable[0;39m 118: stopped async job due acquisition
2023-06-15 13:42:06.664 [34m INFO[0;39m --- [flowable-bpmn-reset-expired-jobs] [36mo.f.j.s.i.a.ResetExpiredJobsRunnable[0;39m 90: stopped resetting expired jobs for engine bpmn
2023-06-15 13:42:06.665 [34m INFO[0;39m --- [flowable-bpmn-acquire-async-jobs] [36mo.f.j.s.i.a.AcquireAsyncJobsDueRunnable[0;39m 79: stopped async job due acquisition for engine bpmn
2023-06-15 13:42:06.675 [34m INFO[0;39m --- [SpringApplicationShutdownHook] [36mcom.zaxxer.hikari.HikariDataSource[0;39m 350: HikariPool-1 - Shutdown initiated...
2023-06-15 13:42:06.682 [34m INFO[0;39m --- [SpringApplicationShutdownHook] [36mcom.zaxxer.hikari.HikariDataSource[0;39m 352: HikariPool-1 - Shutdown completed.
