2023-06-21 08:43:17.443 [34m INFO[0;39m --- [restartedMain] [36mcom.king.urban.main.MainApplication[0;39m 55: Starting MainApplication using Java 19.0.2 on K-Mac.local with PID 76133 (/Users/liukai/IdeaProjects/urban/main/target/classes started by liukai in /Users/liukai/IdeaProjects/urban)
2023-06-21 08:43:17.445 [34m INFO[0;39m --- [background-preinit] [36mo.h.validator.internal.util.Version[0;39m 21: HV000001: Hibernate Validator 6.2.5.Final
2023-06-21 08:43:17.447 [34m INFO[0;39m --- [restartedMain] [36mcom.king.urban.main.MainApplication[0;39m 631: No active profile set, falling back to 1 default profile: "default"
2023-06-21 08:43:19.948 [34m INFO[0;39m --- [restartedMain] [36mo.a.coyote.http11.Http11NioProtocol[0;39m 173: Initializing ProtocolHandler ["http-nio-9999"]
2023-06-21 08:43:19.949 [34m INFO[0;39m --- [restartedMain] [36mo.a.catalina.core.StandardService[0;39m 173: Starting service [Tomcat]
2023-06-21 08:43:19.949 [34m INFO[0;39m --- [restartedMain] [36mo.a.catalina.core.StandardEngine[0;39m 173: Starting Servlet engine: [Apache Tomcat/9.0.74]
2023-06-21 08:43:20.035 [34m INFO[0;39m --- [restartedMain] [36mo.a.c.c.C.[Tomcat].[localhost].[/][0;39m 173: Initializing Spring embedded WebApplicationContext
2023-06-21 08:43:20.339 [34m INFO[0;39m --- [restartedMain] [36mo.h.jpa.internal.util.LogHelper[0;39m 31: HHH000204: Processing PersistenceUnitInfo [name: default]
2023-06-21 08:43:20.415 [34m INFO[0;39m --- [restartedMain] [36morg.hibernate.Version[0;39m 44: HHH000412: Hibernate ORM core version 5.6.15.Final
2023-06-21 08:43:20.581 [34m INFO[0;39m --- [restartedMain] [36mo.h.s.integration.SpatialService[0;39m 42: HHH80000001: hibernate-spatial integration enabled : true
2023-06-21 08:43:20.614 [34m INFO[0;39m --- [restartedMain] [36mo.h.annotations.common.Version[0;39m 56: HCANN000001: Hibernate Commons Annotations {5.1.2.Final}
2023-06-21 08:43:20.741 [34m INFO[0;39m --- [restartedMain] [36mcom.zaxxer.hikari.HikariDataSource[0;39m 110: HikariPool-1 - Starting...
2023-06-21 08:43:20.919 [34m INFO[0;39m --- [restartedMain] [36mcom.zaxxer.hikari.HikariDataSource[0;39m 123: HikariPool-1 - Start completed.
2023-06-21 08:43:20.940 [34m INFO[0;39m --- [restartedMain] [36morg.hibernate.dialect.Dialect[0;39m 175: HHH000400: Using dialect: org.hibernate.spatial.dialect.mysql.MySQL8SpatialDialect
2023-06-21 08:43:20.948 [34m INFO[0;39m --- [restartedMain] [36morg.hibernate.dialect.Dialect[0;39m 175: HHH000400: Using dialect: org.hibernate.spatial.dialect.mysql.MySQLSpatialDialect
2023-06-21 08:43:21.981 [34m INFO[0;39m --- [restartedMain] [36mo.h.e.t.j.p.i.JtaPlatformInitiator[0;39m 52: HHH000490: Using JtaPlatform implementation: [org.hibernate.engine.transaction.jta.platform.internal.NoJtaPlatform]
2023-06-21 08:43:22.820 [34m INFO[0;39m --- [restartedMain] [36mo.f.s.b.c.CmmnEngineAutoConfiguration[0;39m 104: No deployment resources were found for autodeployment
2023-06-21 08:43:22.892 [34m INFO[0;39m --- [restartedMain] [36mo.f.s.b.d.DmnEngineAutoConfiguration[0;39m 104: No deployment resources were found for autodeployment
2023-06-21 08:43:22.923 [34m INFO[0;39m --- [restartedMain] [36mo.f.s.b.f.FormEngineAutoConfiguration[0;39m 104: No deployment resources were found for autodeployment
2023-06-21 08:43:22.958 [34m INFO[0;39m --- [restartedMain] [36mo.f.s.b.e.EventRegistryAutoConfiguration[0;39m 104: No deployment resources were found for autodeployment
2023-06-21 08:43:23.009 [34m INFO[0;39m --- [restartedMain] [36mo.f.a.s.SpringAppEngineConfiguration[0;39m 1000: Found 7 Engine Configurators in total:
2023-06-21 08:43:23.009 [34m INFO[0;39m --- [restartedMain] [36mo.f.a.s.SpringAppEngineConfiguration[0;39m 1002: class org.flowable.engine.spring.configurator.SpringProcessEngineConfigurator (priority:50000)
2023-06-21 08:43:23.009 [34m INFO[0;39m --- [restartedMain] [36mo.f.a.s.SpringAppEngineConfiguration[0;39m 1002: class org.flowable.eventregistry.spring.configurator.SpringEventRegistryConfigurator (priority:100000)
2023-06-21 08:43:23.009 [34m INFO[0;39m --- [restartedMain] [36mo.f.a.s.SpringAppEngineConfiguration[0;39m 1002: class org.flowable.idm.spring.configurator.SpringIdmEngineConfigurator (priority:150000)
2023-06-21 08:43:23.009 [34m INFO[0;39m --- [restartedMain] [36mo.f.a.s.SpringAppEngineConfiguration[0;39m 1002: class org.flowable.dmn.spring.configurator.SpringDmnEngineConfigurator (priority:200000)
2023-06-21 08:43:23.010 [34m INFO[0;39m --- [restartedMain] [36mo.f.a.s.SpringAppEngineConfiguration[0;39m 1002: class org.flowable.form.spring.configurator.SpringFormEngineConfigurator (priority:300000)
2023-06-21 08:43:23.010 [34m INFO[0;39m --- [restartedMain] [36mo.f.a.s.SpringAppEngineConfiguration[0;39m 1002: class org.flowable.content.spring.configurator.SpringContentEngineConfigurator (priority:400000)
2023-06-21 08:43:23.010 [34m INFO[0;39m --- [restartedMain] [36mo.f.a.s.SpringAppEngineConfiguration[0;39m 1002: class org.flowable.cmmn.spring.configurator.SpringCmmnEngineConfigurator (priority:500000)
2023-06-21 08:43:23.010 [34m INFO[0;39m --- [restartedMain] [36mo.f.a.s.SpringAppEngineConfiguration[0;39m 1028: Executing beforeInit() of class org.flowable.engine.spring.configurator.SpringProcessEngineConfigurator (priority:50000)
2023-06-21 08:43:23.023 [34m INFO[0;39m --- [restartedMain] [36mo.f.a.s.SpringAppEngineConfiguration[0;39m 1028: Executing beforeInit() of class org.flowable.eventregistry.spring.configurator.SpringEventRegistryConfigurator (priority:100000)
2023-06-21 08:43:23.027 [34m INFO[0;39m --- [restartedMain] [36mo.f.a.s.SpringAppEngineConfiguration[0;39m 1028: Executing beforeInit() of class org.flowable.idm.spring.configurator.SpringIdmEngineConfigurator (priority:150000)
2023-06-21 08:43:23.029 [34m INFO[0;39m --- [restartedMain] [36mo.f.a.s.SpringAppEngineConfiguration[0;39m 1028: Executing beforeInit() of class org.flowable.dmn.spring.configurator.SpringDmnEngineConfigurator (priority:200000)
2023-06-21 08:43:23.032 [34m INFO[0;39m --- [restartedMain] [36mo.f.a.s.SpringAppEngineConfiguration[0;39m 1028: Executing beforeInit() of class org.flowable.form.spring.configurator.SpringFormEngineConfigurator (priority:300000)
2023-06-21 08:43:23.035 [34m INFO[0;39m --- [restartedMain] [36mo.f.a.s.SpringAppEngineConfiguration[0;39m 1028: Executing beforeInit() of class org.flowable.content.spring.configurator.SpringContentEngineConfigurator (priority:400000)
2023-06-21 08:43:23.038 [34m INFO[0;39m --- [restartedMain] [36mo.f.a.s.SpringAppEngineConfiguration[0;39m 1028: Executing beforeInit() of class org.flowable.cmmn.spring.configurator.SpringCmmnEngineConfigurator (priority:500000)
2023-06-21 08:43:24.029 [34m INFO[0;39m --- [restartedMain] [36mo.f.a.s.SpringAppEngineConfiguration[0;39m 1035: Executing configure() of class org.flowable.engine.spring.configurator.SpringProcessEngineConfigurator (priority:50000)
2023-06-21 08:43:24.209 [34m INFO[0;39m --- [restartedMain] [36mo.f.engine.impl.ProcessEngineImpl[0;39m 88: ProcessEngine default created
2023-06-21 08:43:24.238 [34m INFO[0;39m --- [restartedMain] [36mo.f.e.impl.cmd.ValidateV5EntitiesCmd[0;39m 43: Total of v5 deployments found: 0
2023-06-21 08:43:24.244 [34m INFO[0;39m --- [restartedMain] [36mo.f.a.s.SpringAppEngineConfiguration[0;39m 1035: Executing configure() of class org.flowable.eventregistry.spring.configurator.SpringEventRegistryConfigurator (priority:100000)
2023-06-21 08:43:24.583 [34m INFO[0;39m --- [restartedMain] [36mliquibase.lockservice[0;39m 30: Successfully acquired change log lock
2023-06-21 08:43:24.913 [34m INFO[0;39m --- [restartedMain] [36mliquibase.changelog[0;39m 30: Reading from urban.FLW_EV_DATABASECHANGELOG
2023-06-21 08:43:24.959 [34m INFO[0;39m --- [restartedMain] [36mliquibase.lockservice[0;39m 30: Successfully released change log lock
2023-06-21 08:43:24.960 [34m INFO[0;39m --- [restartedMain] [36mo.f.e.impl.EventRegistryEngineImpl[0;39m 53: EventRegistryEngine default created
2023-06-21 08:43:24.961 [34m INFO[0;39m --- [restartedMain] [36mo.f.a.s.SpringAppEngineConfiguration[0;39m 1035: Executing configure() of class org.flowable.idm.spring.configurator.SpringIdmEngineConfigurator (priority:150000)
2023-06-21 08:43:24.971 [34m INFO[0;39m --- [restartedMain] [36mo.f.idm.engine.impl.IdmEngineImpl[0;39m 52: IdmEngine default created
2023-06-21 08:43:24.972 [34m INFO[0;39m --- [restartedMain] [36mo.f.a.s.SpringAppEngineConfiguration[0;39m 1035: Executing configure() of class org.flowable.dmn.spring.configurator.SpringDmnEngineConfigurator (priority:200000)
2023-06-21 08:43:25.006 [34m INFO[0;39m --- [restartedMain] [36mliquibase.lockservice[0;39m 30: Successfully acquired change log lock
2023-06-21 08:43:25.055 [34m INFO[0;39m --- [restartedMain] [36mliquibase.changelog[0;39m 30: Reading from urban.ACT_DMN_DATABASECHANGELOG
2023-06-21 08:43:25.077 [34m INFO[0;39m --- [restartedMain] [36mliquibase.lockservice[0;39m 30: Successfully released change log lock
2023-06-21 08:43:25.078 [34m INFO[0;39m --- [restartedMain] [36mo.f.dmn.engine.impl.DmnEngineImpl[0;39m 55: DmnEngine default created
2023-06-21 08:43:25.079 [34m INFO[0;39m --- [restartedMain] [36mo.f.a.s.SpringAppEngineConfiguration[0;39m 1035: Executing configure() of class org.flowable.form.spring.configurator.SpringFormEngineConfigurator (priority:300000)
2023-06-21 08:43:25.101 [34m INFO[0;39m --- [restartedMain] [36mliquibase.lockservice[0;39m 30: Successfully acquired change log lock
2023-06-21 08:43:25.147 [34m INFO[0;39m --- [restartedMain] [36mliquibase.changelog[0;39m 30: Reading from urban.ACT_FO_DATABASECHANGELOG
2023-06-21 08:43:25.169 [34m INFO[0;39m --- [restartedMain] [36mliquibase.lockservice[0;39m 30: Successfully released change log lock
2023-06-21 08:43:25.170 [34m INFO[0;39m --- [restartedMain] [36mo.f.form.engine.impl.FormEngineImpl[0;39m 52: FormEngine default created
2023-06-21 08:43:25.172 [34m INFO[0;39m --- [restartedMain] [36mo.f.a.s.SpringAppEngineConfiguration[0;39m 1035: Executing configure() of class org.flowable.content.spring.configurator.SpringContentEngineConfigurator (priority:400000)
2023-06-21 08:43:25.179 [34m INFO[0;39m --- [restartedMain] [36mo.f.c.s.SpringContentEngineConfiguration[0;39m 188: Content file system root : /Users/liukai/content
2023-06-21 08:43:25.202 [34m INFO[0;39m --- [restartedMain] [36mliquibase.lockservice[0;39m 30: Successfully acquired change log lock
2023-06-21 08:43:25.244 [34m INFO[0;39m --- [restartedMain] [36mliquibase.changelog[0;39m 30: Reading from urban.ACT_CO_DATABASECHANGELOG
2023-06-21 08:43:25.262 [34m INFO[0;39m --- [restartedMain] [36mliquibase.lockservice[0;39m 30: Successfully released change log lock
2023-06-21 08:43:25.262 [34m INFO[0;39m --- [restartedMain] [36mo.f.c.engine.impl.ContentEngineImpl[0;39m 48: ContentEngine default created
2023-06-21 08:43:25.263 [34m INFO[0;39m --- [restartedMain] [36mo.f.a.s.SpringAppEngineConfiguration[0;39m 1035: Executing configure() of class org.flowable.cmmn.spring.configurator.SpringCmmnEngineConfigurator (priority:500000)
2023-06-21 08:43:25.343 [34m INFO[0;39m --- [restartedMain] [36mliquibase.lockservice[0;39m 30: Successfully acquired change log lock
2023-06-21 08:43:25.393 [34m INFO[0;39m --- [restartedMain] [36mliquibase.changelog[0;39m 30: Reading from urban.ACT_CMMN_DATABASECHANGELOG
2023-06-21 08:43:25.422 [34m INFO[0;39m --- [restartedMain] [36mliquibase.lockservice[0;39m 30: Successfully released change log lock
2023-06-21 08:43:25.423 [34m INFO[0;39m --- [restartedMain] [36mo.f.cmmn.engine.impl.CmmnEngineImpl[0;39m 71: CmmnEngine default created
2023-06-21 08:43:25.449 [34m INFO[0;39m --- [restartedMain] [36mliquibase.lockservice[0;39m 30: Successfully acquired change log lock
2023-06-21 08:43:25.494 [34m INFO[0;39m --- [restartedMain] [36mliquibase.changelog[0;39m 30: Reading from urban.ACT_APP_DATABASECHANGELOG
2023-06-21 08:43:25.509 [34m INFO[0;39m --- [restartedMain] [36mliquibase.lockservice[0;39m 30: Successfully released change log lock
2023-06-21 08:43:25.510 [34m INFO[0;39m --- [restartedMain] [36mo.f.app.engine.impl.AppEngineImpl[0;39m 48: AppEngine default created
2023-06-21 08:43:26.335 [34m INFO[0;39m --- [restartedMain] [36mo.s.s.web.DefaultSecurityFilterChain[0;39m 55: Will secure any request with [org.springframework.security.web.context.request.async.WebAsyncManagerIntegrationFilter@c42cc8d, org.springframework.security.web.header.HeaderWriterFilter@783df0a3, org.springframework.web.filter.CorsFilter@4cdf6287, org.springframework.security.web.authentication.logout.LogoutFilter@182dfb0c, com.king.urban.security.web.filter.UsernamePasswordCaptchaAuthenticationFilter@19f1825e, org.springframework.security.web.savedrequest.RequestCacheAwareFilter@2d71e166, org.springframework.security.web.servletapi.SecurityContextHolderAwareRequestFilter@929ada2, org.springframework.security.web.access.ExceptionTranslationFilter@44fb2af6, cn.dev33.satoken.filter.SaServletFilter@63a1b841, org.springframework.security.web.access.intercept.FilterSecurityInterceptor@8fe829]
2023-06-21 08:43:26.339 [34m INFO[0;39m --- [restartedMain] [36mo.s.s.web.DefaultSecurityFilterChain[0;39m 52: Will not secure Ant [pattern='/favicon.ico']
2023-06-21 08:43:26.921 [34m INFO[0;39m --- [restartedMain] [36mo.f.j.s.i.a.AbstractAsyncExecutor[0;39m 115: Starting up the async job executor [org.flowable.spring.job.service.SpringAsyncExecutor].
2023-06-21 08:43:26.922 [34m INFO[0;39m --- [Thread-7] [36mo.f.j.s.i.a.AcquireAsyncJobsDueRunnable[0;39m 52: starting to acquire async jobs due
2023-06-21 08:43:26.927 [34m INFO[0;39m --- [Thread-8] [36mo.f.j.s.i.a.AcquireTimerJobsRunnable[0;39m 52: starting to acquire async jobs due
2023-06-21 08:43:26.928 [34m INFO[0;39m --- [Thread-9] [36mo.f.j.s.i.a.ResetExpiredJobsRunnable[0;39m 63: starting to reset expired jobs for engine cmmn
2023-06-21 08:43:26.928 [34m INFO[0;39m --- [restartedMain] [36mo.f.j.s.i.a.AbstractAsyncExecutor[0;39m 115: Starting up the async job executor [org.flowable.spring.job.service.SpringAsyncExecutor].
2023-06-21 08:43:26.929 [34m INFO[0;39m --- [Thread-10] [36mo.f.j.s.i.a.AcquireAsyncJobsDueRunnable[0;39m 52: starting to acquire async jobs due
2023-06-21 08:43:26.931 [34m INFO[0;39m --- [Thread-11] [36mo.f.j.s.i.a.AcquireTimerJobsRunnable[0;39m 52: starting to acquire async jobs due
2023-06-21 08:43:26.931 [34m INFO[0;39m --- [Thread-12] [36mo.f.j.s.i.a.ResetExpiredJobsRunnable[0;39m 63: starting to reset expired jobs for engine bpmn
2023-06-21 08:43:26.931 [34m INFO[0;39m --- [restartedMain] [36mo.a.coyote.http11.Http11NioProtocol[0;39m 173: Starting ProtocolHandler ["http-nio-9999"]
2023-06-21 08:43:26.966 [34m INFO[0;39m --- [restartedMain] [36mcom.king.urban.main.MainApplication[0;39m 61: Started MainApplication in 9.913 seconds (JVM running for 11.09)
2023-06-21 08:43:27.200 [34m INFO[0;39m --- [RMI TCP Connection(5)-127.0.0.1] [36mo.a.c.c.C.[Tomcat].[localhost].[/][0;39m 173: Initializing Spring DispatcherServlet 'dispatcherServlet'
2023-06-21 08:56:23.146 [34m INFO[0;39m --- [SpringApplicationShutdownHook] [36mo.f.j.s.i.a.AbstractAsyncExecutor[0;39m 167: Shutting down the async job executor [org.flowable.spring.job.service.SpringAsyncExecutor].
2023-06-21 08:56:23.147 [34m INFO[0;39m --- [flowable-cmmn-acquire-async-jobs] [36mo.f.j.s.i.a.AcquireAsyncJobsDueRunnable[0;39m 79: stopped async job due acquisition for engine cmmn
2023-06-21 08:56:23.147 [34m INFO[0;39m --- [flowable-cmmn-reset-expired-jobs] [36mo.f.j.s.i.a.ResetExpiredJobsRunnable[0;39m 90: stopped resetting expired jobs for engine cmmn
2023-06-21 08:56:23.147 [34m INFO[0;39m --- [flowable-cmmn-acquire-timer-jobs] [36mo.f.j.s.i.a.AcquireTimerJobsRunnable[0;39m 118: stopped async job due acquisition
2023-06-21 08:56:23.277 [34m INFO[0;39m --- [SpringApplicationShutdownHook] [36mo.f.j.s.i.a.AbstractAsyncExecutor[0;39m 167: Shutting down the async job executor [org.flowable.spring.job.service.SpringAsyncExecutor].
2023-06-21 08:56:23.277 [34m INFO[0;39m --- [flowable-bpmn-reset-expired-jobs] [36mo.f.j.s.i.a.ResetExpiredJobsRunnable[0;39m 90: stopped resetting expired jobs for engine bpmn
2023-06-21 08:56:23.277 [34m INFO[0;39m --- [flowable-bpmn-acquire-timer-jobs] [36mo.f.j.s.i.a.AcquireTimerJobsRunnable[0;39m 118: stopped async job due acquisition
2023-06-21 08:56:23.277 [34m INFO[0;39m --- [flowable-bpmn-acquire-async-jobs] [36mo.f.j.s.i.a.AcquireAsyncJobsDueRunnable[0;39m 79: stopped async job due acquisition for engine bpmn
2023-06-21 08:56:23.289 [34m INFO[0;39m --- [SpringApplicationShutdownHook] [36mcom.zaxxer.hikari.HikariDataSource[0;39m 350: HikariPool-1 - Shutdown initiated...
2023-06-21 08:56:23.295 [34m INFO[0;39m --- [SpringApplicationShutdownHook] [36mcom.zaxxer.hikari.HikariDataSource[0;39m 352: HikariPool-1 - Shutdown completed.
