2023-05-30 14:59:30.112 [34m INFO[0;39m --- [restartedMain] [36mcom.king.urban.main.MainApplication[0;39m 55: Starting MainApplication using Java 19.0.2 on K-Mac.local with PID 75615 (/Users/liukai/IdeaProjects/urban/main/target/classes started by liukai in /Users/liukai/IdeaProjects/urban)
2023-05-30 14:59:30.116 [34m INFO[0;39m --- [restartedMain] [36mcom.king.urban.main.MainApplication[0;39m 631: No active profile set, falling back to 1 default profile: "default"
2023-05-30 14:59:30.117 [34m INFO[0;39m --- [background-preinit] [36mo.h.validator.internal.util.Version[0;39m 21: HV000001: Hibernate Validator 6.2.5.Final
2023-05-30 14:59:32.613 [34m INFO[0;39m --- [restartedMain] [36mo.a.coyote.http11.Http11NioProtocol[0;39m 173: Initializing ProtocolHandler ["http-nio-9999"]
2023-05-30 14:59:32.614 [34m INFO[0;39m --- [restartedMain] [36mo.a.catalina.core.StandardService[0;39m 173: Starting service [Tomcat]
2023-05-30 14:59:32.614 [34m INFO[0;39m --- [restartedMain] [36mo.a.catalina.core.StandardEngine[0;39m 173: Starting Servlet engine: [Apache Tomcat/9.0.74]
2023-05-30 14:59:32.722 [34m INFO[0;39m --- [restartedMain] [36mo.a.c.c.C.[Tomcat].[localhost].[/][0;39m 173: Initializing Spring embedded WebApplicationContext
2023-05-30 14:59:33.029 [34m INFO[0;39m --- [restartedMain] [36mo.h.jpa.internal.util.LogHelper[0;39m 31: HHH000204: Processing PersistenceUnitInfo [name: default]
2023-05-30 14:59:33.108 [34m INFO[0;39m --- [restartedMain] [36morg.hibernate.Version[0;39m 44: HHH000412: Hibernate ORM core version 5.6.15.Final
2023-05-30 14:59:33.286 [34m INFO[0;39m --- [restartedMain] [36mo.h.s.integration.SpatialService[0;39m 42: HHH80000001: hibernate-spatial integration enabled : true
2023-05-30 14:59:33.322 [34m INFO[0;39m --- [restartedMain] [36mo.h.annotations.common.Version[0;39m 56: HCANN000001: Hibernate Commons Annotations {5.1.2.Final}
2023-05-30 14:59:33.450 [34m INFO[0;39m --- [restartedMain] [36mcom.zaxxer.hikari.HikariDataSource[0;39m 110: HikariPool-1 - Starting...
2023-05-30 14:59:33.670 [34m INFO[0;39m --- [restartedMain] [36mcom.zaxxer.hikari.HikariDataSource[0;39m 123: HikariPool-1 - Start completed.
2023-05-30 14:59:33.694 [34m INFO[0;39m --- [restartedMain] [36morg.hibernate.dialect.Dialect[0;39m 175: HHH000400: Using dialect: org.hibernate.spatial.dialect.mysql.MySQL8SpatialDialect
2023-05-30 14:59:33.702 [34m INFO[0;39m --- [restartedMain] [36morg.hibernate.dialect.Dialect[0;39m 175: HHH000400: Using dialect: org.hibernate.spatial.dialect.mysql.MySQLSpatialDialect
2023-05-30 14:59:34.845 [34m INFO[0;39m --- [restartedMain] [36mo.h.e.t.j.p.i.JtaPlatformInitiator[0;39m 52: HHH000490: Using JtaPlatform implementation: [org.hibernate.engine.transaction.jta.platform.internal.NoJtaPlatform]
2023-05-30 14:59:35.733 [34m INFO[0;39m --- [restartedMain] [36mo.f.s.b.c.CmmnEngineAutoConfiguration[0;39m 104: No deployment resources were found for autodeployment
2023-05-30 14:59:35.805 [34m INFO[0;39m --- [restartedMain] [36mo.f.s.b.d.DmnEngineAutoConfiguration[0;39m 104: No deployment resources were found for autodeployment
2023-05-30 14:59:35.839 [34m INFO[0;39m --- [restartedMain] [36mo.f.s.b.f.FormEngineAutoConfiguration[0;39m 104: No deployment resources were found for autodeployment
2023-05-30 14:59:35.879 [34m INFO[0;39m --- [restartedMain] [36mo.f.s.b.e.EventRegistryAutoConfiguration[0;39m 104: No deployment resources were found for autodeployment
2023-05-30 14:59:35.928 [34m INFO[0;39m --- [restartedMain] [36mo.f.a.s.SpringAppEngineConfiguration[0;39m 1000: Found 7 Engine Configurators in total:
2023-05-30 14:59:35.929 [34m INFO[0;39m --- [restartedMain] [36mo.f.a.s.SpringAppEngineConfiguration[0;39m 1002: class org.flowable.engine.spring.configurator.SpringProcessEngineConfigurator (priority:50000)
2023-05-30 14:59:35.929 [34m INFO[0;39m --- [restartedMain] [36mo.f.a.s.SpringAppEngineConfiguration[0;39m 1002: class org.flowable.eventregistry.spring.configurator.SpringEventRegistryConfigurator (priority:100000)
2023-05-30 14:59:35.929 [34m INFO[0;39m --- [restartedMain] [36mo.f.a.s.SpringAppEngineConfiguration[0;39m 1002: class org.flowable.idm.spring.configurator.SpringIdmEngineConfigurator (priority:150000)
2023-05-30 14:59:35.929 [34m INFO[0;39m --- [restartedMain] [36mo.f.a.s.SpringAppEngineConfiguration[0;39m 1002: class org.flowable.dmn.spring.configurator.SpringDmnEngineConfigurator (priority:200000)
2023-05-30 14:59:35.929 [34m INFO[0;39m --- [restartedMain] [36mo.f.a.s.SpringAppEngineConfiguration[0;39m 1002: class org.flowable.form.spring.configurator.SpringFormEngineConfigurator (priority:300000)
2023-05-30 14:59:35.929 [34m INFO[0;39m --- [restartedMain] [36mo.f.a.s.SpringAppEngineConfiguration[0;39m 1002: class org.flowable.content.spring.configurator.SpringContentEngineConfigurator (priority:400000)
2023-05-30 14:59:35.929 [34m INFO[0;39m --- [restartedMain] [36mo.f.a.s.SpringAppEngineConfiguration[0;39m 1002: class org.flowable.cmmn.spring.configurator.SpringCmmnEngineConfigurator (priority:500000)
2023-05-30 14:59:35.930 [34m INFO[0;39m --- [restartedMain] [36mo.f.a.s.SpringAppEngineConfiguration[0;39m 1028: Executing beforeInit() of class org.flowable.engine.spring.configurator.SpringProcessEngineConfigurator (priority:50000)
2023-05-30 14:59:35.952 [34m INFO[0;39m --- [restartedMain] [36mo.f.a.s.SpringAppEngineConfiguration[0;39m 1028: Executing beforeInit() of class org.flowable.eventregistry.spring.configurator.SpringEventRegistryConfigurator (priority:100000)
2023-05-30 14:59:35.956 [34m INFO[0;39m --- [restartedMain] [36mo.f.a.s.SpringAppEngineConfiguration[0;39m 1028: Executing beforeInit() of class org.flowable.idm.spring.configurator.SpringIdmEngineConfigurator (priority:150000)
2023-05-30 14:59:35.959 [34m INFO[0;39m --- [restartedMain] [36mo.f.a.s.SpringAppEngineConfiguration[0;39m 1028: Executing beforeInit() of class org.flowable.dmn.spring.configurator.SpringDmnEngineConfigurator (priority:200000)
2023-05-30 14:59:35.961 [34m INFO[0;39m --- [restartedMain] [36mo.f.a.s.SpringAppEngineConfiguration[0;39m 1028: Executing beforeInit() of class org.flowable.form.spring.configurator.SpringFormEngineConfigurator (priority:300000)
2023-05-30 14:59:35.965 [34m INFO[0;39m --- [restartedMain] [36mo.f.a.s.SpringAppEngineConfiguration[0;39m 1028: Executing beforeInit() of class org.flowable.content.spring.configurator.SpringContentEngineConfigurator (priority:400000)
2023-05-30 14:59:35.967 [34m INFO[0;39m --- [restartedMain] [36mo.f.a.s.SpringAppEngineConfiguration[0;39m 1028: Executing beforeInit() of class org.flowable.cmmn.spring.configurator.SpringCmmnEngineConfigurator (priority:500000)
2023-05-30 14:59:36.920 [34m INFO[0;39m --- [restartedMain] [36mo.f.a.s.SpringAppEngineConfiguration[0;39m 1035: Executing configure() of class org.flowable.engine.spring.configurator.SpringProcessEngineConfigurator (priority:50000)
2023-05-30 14:59:37.107 [34m INFO[0;39m --- [restartedMain] [36mo.f.engine.impl.ProcessEngineImpl[0;39m 88: ProcessEngine default created
2023-05-30 14:59:37.142 [34m INFO[0;39m --- [restartedMain] [36mo.f.e.impl.cmd.ValidateV5EntitiesCmd[0;39m 43: Total of v5 deployments found: 0
2023-05-30 14:59:37.147 [34m INFO[0;39m --- [restartedMain] [36mo.f.a.s.SpringAppEngineConfiguration[0;39m 1035: Executing configure() of class org.flowable.eventregistry.spring.configurator.SpringEventRegistryConfigurator (priority:100000)
2023-05-30 14:59:37.536 [34m INFO[0;39m --- [restartedMain] [36mliquibase.lockservice[0;39m 30: Successfully acquired change log lock
2023-05-30 14:59:37.883 [34m INFO[0;39m --- [restartedMain] [36mliquibase.changelog[0;39m 30: Reading from urban.FLW_EV_DATABASECHANGELOG
2023-05-30 14:59:37.938 [34m INFO[0;39m --- [restartedMain] [36mliquibase.lockservice[0;39m 30: Successfully released change log lock
2023-05-30 14:59:37.939 [34m INFO[0;39m --- [restartedMain] [36mo.f.e.impl.EventRegistryEngineImpl[0;39m 53: EventRegistryEngine default created
2023-05-30 14:59:37.940 [34m INFO[0;39m --- [restartedMain] [36mo.f.a.s.SpringAppEngineConfiguration[0;39m 1035: Executing configure() of class org.flowable.idm.spring.configurator.SpringIdmEngineConfigurator (priority:150000)
2023-05-30 14:59:37.953 [34m INFO[0;39m --- [restartedMain] [36mo.f.idm.engine.impl.IdmEngineImpl[0;39m 52: IdmEngine default created
2023-05-30 14:59:37.954 [34m INFO[0;39m --- [restartedMain] [36mo.f.a.s.SpringAppEngineConfiguration[0;39m 1035: Executing configure() of class org.flowable.dmn.spring.configurator.SpringDmnEngineConfigurator (priority:200000)
2023-05-30 14:59:37.997 [34m INFO[0;39m --- [restartedMain] [36mliquibase.lockservice[0;39m 30: Successfully acquired change log lock
2023-05-30 14:59:38.043 [34m INFO[0;39m --- [restartedMain] [36mliquibase.changelog[0;39m 30: Reading from urban.ACT_DMN_DATABASECHANGELOG
2023-05-30 14:59:38.068 [34m INFO[0;39m --- [restartedMain] [36mliquibase.lockservice[0;39m 30: Successfully released change log lock
2023-05-30 14:59:38.070 [34m INFO[0;39m --- [restartedMain] [36mo.f.dmn.engine.impl.DmnEngineImpl[0;39m 55: DmnEngine default created
2023-05-30 14:59:38.071 [34m INFO[0;39m --- [restartedMain] [36mo.f.a.s.SpringAppEngineConfiguration[0;39m 1035: Executing configure() of class org.flowable.form.spring.configurator.SpringFormEngineConfigurator (priority:300000)
2023-05-30 14:59:38.099 [34m INFO[0;39m --- [restartedMain] [36mliquibase.lockservice[0;39m 30: Successfully acquired change log lock
2023-05-30 14:59:38.144 [34m INFO[0;39m --- [restartedMain] [36mliquibase.changelog[0;39m 30: Reading from urban.ACT_FO_DATABASECHANGELOG
2023-05-30 14:59:38.165 [34m INFO[0;39m --- [restartedMain] [36mliquibase.lockservice[0;39m 30: Successfully released change log lock
2023-05-30 14:59:38.166 [34m INFO[0;39m --- [restartedMain] [36mo.f.form.engine.impl.FormEngineImpl[0;39m 52: FormEngine default created
2023-05-30 14:59:38.167 [34m INFO[0;39m --- [restartedMain] [36mo.f.a.s.SpringAppEngineConfiguration[0;39m 1035: Executing configure() of class org.flowable.content.spring.configurator.SpringContentEngineConfigurator (priority:400000)
2023-05-30 14:59:38.168 [34m INFO[0;39m --- [restartedMain] [36mo.f.c.s.SpringContentEngineConfiguration[0;39m 188: Content file system root : /Users/liukai/content
2023-05-30 14:59:38.193 [34m INFO[0;39m --- [restartedMain] [36mliquibase.lockservice[0;39m 30: Successfully acquired change log lock
2023-05-30 14:59:38.236 [34m INFO[0;39m --- [restartedMain] [36mliquibase.changelog[0;39m 30: Reading from urban.ACT_CO_DATABASECHANGELOG
2023-05-30 14:59:38.254 [34m INFO[0;39m --- [restartedMain] [36mliquibase.lockservice[0;39m 30: Successfully released change log lock
2023-05-30 14:59:38.255 [34m INFO[0;39m --- [restartedMain] [36mo.f.c.engine.impl.ContentEngineImpl[0;39m 48: ContentEngine default created
2023-05-30 14:59:38.256 [34m INFO[0;39m --- [restartedMain] [36mo.f.a.s.SpringAppEngineConfiguration[0;39m 1035: Executing configure() of class org.flowable.cmmn.spring.configurator.SpringCmmnEngineConfigurator (priority:500000)
2023-05-30 14:59:38.339 [34m INFO[0;39m --- [restartedMain] [36mliquibase.lockservice[0;39m 30: Successfully acquired change log lock
2023-05-30 14:59:38.392 [34m INFO[0;39m --- [restartedMain] [36mliquibase.changelog[0;39m 30: Reading from urban.ACT_CMMN_DATABASECHANGELOG
2023-05-30 14:59:38.422 [34m INFO[0;39m --- [restartedMain] [36mliquibase.lockservice[0;39m 30: Successfully released change log lock
2023-05-30 14:59:38.423 [34m INFO[0;39m --- [restartedMain] [36mo.f.cmmn.engine.impl.CmmnEngineImpl[0;39m 71: CmmnEngine default created
2023-05-30 14:59:38.452 [34m INFO[0;39m --- [restartedMain] [36mliquibase.lockservice[0;39m 30: Successfully acquired change log lock
2023-05-30 14:59:38.490 [34m INFO[0;39m --- [restartedMain] [36mliquibase.changelog[0;39m 30: Reading from urban.ACT_APP_DATABASECHANGELOG
2023-05-30 14:59:38.507 [34m INFO[0;39m --- [restartedMain] [36mliquibase.lockservice[0;39m 30: Successfully released change log lock
2023-05-30 14:59:38.507 [34m INFO[0;39m --- [restartedMain] [36mo.f.app.engine.impl.AppEngineImpl[0;39m 48: AppEngine default created
2023-05-30 14:59:39.713 [34m INFO[0;39m --- [restartedMain] [36mo.f.j.s.i.a.AbstractAsyncExecutor[0;39m 115: Starting up the async job executor [org.flowable.spring.job.service.SpringAsyncExecutor].
2023-05-30 14:59:39.714 [34m INFO[0;39m --- [Thread-7] [36mo.f.j.s.i.a.AcquireAsyncJobsDueRunnable[0;39m 52: starting to acquire async jobs due
2023-05-30 14:59:39.722 [34m INFO[0;39m --- [Thread-8] [36mo.f.j.s.i.a.AcquireTimerJobsRunnable[0;39m 52: starting to acquire async jobs due
2023-05-30 14:59:39.722 [34m INFO[0;39m --- [Thread-9] [36mo.f.j.s.i.a.ResetExpiredJobsRunnable[0;39m 63: starting to reset expired jobs for engine cmmn
2023-05-30 14:59:39.722 [34m INFO[0;39m --- [restartedMain] [36mo.f.j.s.i.a.AbstractAsyncExecutor[0;39m 115: Starting up the async job executor [org.flowable.spring.job.service.SpringAsyncExecutor].
2023-05-30 14:59:39.722 [34m INFO[0;39m --- [Thread-10] [36mo.f.j.s.i.a.AcquireAsyncJobsDueRunnable[0;39m 52: starting to acquire async jobs due
2023-05-30 14:59:39.725 [34m INFO[0;39m --- [Thread-11] [36mo.f.j.s.i.a.AcquireTimerJobsRunnable[0;39m 52: starting to acquire async jobs due
2023-05-30 14:59:39.725 [34m INFO[0;39m --- [Thread-12] [36mo.f.j.s.i.a.ResetExpiredJobsRunnable[0;39m 63: starting to reset expired jobs for engine bpmn
2023-05-30 14:59:39.725 [34m INFO[0;39m --- [restartedMain] [36mo.a.coyote.http11.Http11NioProtocol[0;39m 173: Starting ProtocolHandler ["http-nio-9999"]
2023-05-30 14:59:39.764 [34m INFO[0;39m --- [restartedMain] [36mcom.king.urban.main.MainApplication[0;39m 61: Started MainApplication in 10.088 seconds (JVM running for 12.096)
2023-05-30 15:18:26.493 [34m INFO[0;39m --- [SpringApplicationShutdownHook] [36mo.f.j.s.i.a.AbstractAsyncExecutor[0;39m 167: Shutting down the async job executor [org.flowable.spring.job.service.SpringAsyncExecutor].
2023-05-30 15:18:26.499 [34m INFO[0;39m --- [flowable-cmmn-acquire-timer-jobs] [36mo.f.j.s.i.a.AcquireTimerJobsRunnable[0;39m 118: stopped async job due acquisition
2023-05-30 15:18:26.499 [34m INFO[0;39m --- [flowable-cmmn-reset-expired-jobs] [36mo.f.j.s.i.a.ResetExpiredJobsRunnable[0;39m 90: stopped resetting expired jobs for engine cmmn
2023-05-30 15:18:26.499 [34m INFO[0;39m --- [flowable-cmmn-acquire-async-jobs] [36mo.f.j.s.i.a.AcquireAsyncJobsDueRunnable[0;39m 79: stopped async job due acquisition for engine cmmn
2023-05-30 15:18:26.589 [34m INFO[0;39m --- [SpringApplicationShutdownHook] [36mo.f.j.s.i.a.AbstractAsyncExecutor[0;39m 167: Shutting down the async job executor [org.flowable.spring.job.service.SpringAsyncExecutor].
2023-05-30 15:18:26.589 [34m INFO[0;39m --- [flowable-bpmn-acquire-async-jobs] [36mo.f.j.s.i.a.AcquireAsyncJobsDueRunnable[0;39m 79: stopped async job due acquisition for engine bpmn
2023-05-30 15:18:26.589 [34m INFO[0;39m --- [flowable-bpmn-reset-expired-jobs] [36mo.f.j.s.i.a.ResetExpiredJobsRunnable[0;39m 90: stopped resetting expired jobs for engine bpmn
2023-05-30 15:18:26.589 [34m INFO[0;39m --- [flowable-bpmn-acquire-timer-jobs] [36mo.f.j.s.i.a.AcquireTimerJobsRunnable[0;39m 118: stopped async job due acquisition
2023-05-30 15:18:26.605 [34m INFO[0;39m --- [SpringApplicationShutdownHook] [36mcom.zaxxer.hikari.HikariDataSource[0;39m 350: HikariPool-1 - Shutdown initiated...
2023-05-30 15:18:26.624 [34m INFO[0;39m --- [SpringApplicationShutdownHook] [36mcom.zaxxer.hikari.HikariDataSource[0;39m 352: HikariPool-1 - Shutdown completed.
2023-05-30 15:18:31.982 [34m INFO[0;39m --- [restartedMain] [36mcom.king.urban.main.MainApplication[0;39m 55: Starting MainApplication using Java 19.0.2 on K-Mac.local with PID 77539 (/Users/liukai/IdeaProjects/urban/main/target/classes started by liukai in /Users/liukai/IdeaProjects/urban)
2023-05-30 15:18:31.982 [34m INFO[0;39m --- [background-preinit] [36mo.h.validator.internal.util.Version[0;39m 21: HV000001: Hibernate Validator 6.2.5.Final
2023-05-30 15:18:31.985 [34m INFO[0;39m --- [restartedMain] [36mcom.king.urban.main.MainApplication[0;39m 631: No active profile set, falling back to 1 default profile: "default"
2023-05-30 15:18:34.429 [34m INFO[0;39m --- [restartedMain] [36mo.a.coyote.http11.Http11NioProtocol[0;39m 173: Initializing ProtocolHandler ["http-nio-9999"]
2023-05-30 15:18:34.429 [34m INFO[0;39m --- [restartedMain] [36mo.a.catalina.core.StandardService[0;39m 173: Starting service [Tomcat]
2023-05-30 15:18:34.430 [34m INFO[0;39m --- [restartedMain] [36mo.a.catalina.core.StandardEngine[0;39m 173: Starting Servlet engine: [Apache Tomcat/9.0.74]
2023-05-30 15:18:34.525 [34m INFO[0;39m --- [restartedMain] [36mo.a.c.c.C.[Tomcat].[localhost].[/][0;39m 173: Initializing Spring embedded WebApplicationContext
2023-05-30 15:18:34.828 [34m INFO[0;39m --- [restartedMain] [36mo.h.jpa.internal.util.LogHelper[0;39m 31: HHH000204: Processing PersistenceUnitInfo [name: default]
2023-05-30 15:18:34.896 [34m INFO[0;39m --- [restartedMain] [36morg.hibernate.Version[0;39m 44: HHH000412: Hibernate ORM core version 5.6.15.Final
2023-05-30 15:18:35.056 [34m INFO[0;39m --- [restartedMain] [36mo.h.s.integration.SpatialService[0;39m 42: HHH80000001: hibernate-spatial integration enabled : true
2023-05-30 15:18:35.085 [34m INFO[0;39m --- [restartedMain] [36mo.h.annotations.common.Version[0;39m 56: HCANN000001: Hibernate Commons Annotations {5.1.2.Final}
2023-05-30 15:18:35.205 [34m INFO[0;39m --- [restartedMain] [36mcom.zaxxer.hikari.HikariDataSource[0;39m 110: HikariPool-1 - Starting...
2023-05-30 15:18:35.373 [34m INFO[0;39m --- [restartedMain] [36mcom.zaxxer.hikari.HikariDataSource[0;39m 123: HikariPool-1 - Start completed.
2023-05-30 15:18:35.395 [34m INFO[0;39m --- [restartedMain] [36morg.hibernate.dialect.Dialect[0;39m 175: HHH000400: Using dialect: org.hibernate.spatial.dialect.mysql.MySQL8SpatialDialect
2023-05-30 15:18:35.402 [34m INFO[0;39m --- [restartedMain] [36morg.hibernate.dialect.Dialect[0;39m 175: HHH000400: Using dialect: org.hibernate.spatial.dialect.mysql.MySQLSpatialDialect
2023-05-30 15:18:36.432 [34m INFO[0;39m --- [restartedMain] [36mo.h.e.t.j.p.i.JtaPlatformInitiator[0;39m 52: HHH000490: Using JtaPlatform implementation: [org.hibernate.engine.transaction.jta.platform.internal.NoJtaPlatform]
2023-05-30 15:18:37.264 [34m INFO[0;39m --- [restartedMain] [36mo.f.s.b.c.CmmnEngineAutoConfiguration[0;39m 104: No deployment resources were found for autodeployment
2023-05-30 15:18:37.334 [34m INFO[0;39m --- [restartedMain] [36mo.f.s.b.d.DmnEngineAutoConfiguration[0;39m 104: No deployment resources were found for autodeployment
2023-05-30 15:18:37.365 [34m INFO[0;39m --- [restartedMain] [36mo.f.s.b.f.FormEngineAutoConfiguration[0;39m 104: No deployment resources were found for autodeployment
2023-05-30 15:18:37.394 [34m INFO[0;39m --- [restartedMain] [36mo.f.s.b.e.EventRegistryAutoConfiguration[0;39m 104: No deployment resources were found for autodeployment
2023-05-30 15:18:37.440 [34m INFO[0;39m --- [restartedMain] [36mo.f.a.s.SpringAppEngineConfiguration[0;39m 1000: Found 7 Engine Configurators in total:
2023-05-30 15:18:37.441 [34m INFO[0;39m --- [restartedMain] [36mo.f.a.s.SpringAppEngineConfiguration[0;39m 1002: class org.flowable.engine.spring.configurator.SpringProcessEngineConfigurator (priority:50000)
2023-05-30 15:18:37.441 [34m INFO[0;39m --- [restartedMain] [36mo.f.a.s.SpringAppEngineConfiguration[0;39m 1002: class org.flowable.eventregistry.spring.configurator.SpringEventRegistryConfigurator (priority:100000)
2023-05-30 15:18:37.441 [34m INFO[0;39m --- [restartedMain] [36mo.f.a.s.SpringAppEngineConfiguration[0;39m 1002: class org.flowable.idm.spring.configurator.SpringIdmEngineConfigurator (priority:150000)
2023-05-30 15:18:37.441 [34m INFO[0;39m --- [restartedMain] [36mo.f.a.s.SpringAppEngineConfiguration[0;39m 1002: class org.flowable.dmn.spring.configurator.SpringDmnEngineConfigurator (priority:200000)
2023-05-30 15:18:37.441 [34m INFO[0;39m --- [restartedMain] [36mo.f.a.s.SpringAppEngineConfiguration[0;39m 1002: class org.flowable.form.spring.configurator.SpringFormEngineConfigurator (priority:300000)
2023-05-30 15:18:37.441 [34m INFO[0;39m --- [restartedMain] [36mo.f.a.s.SpringAppEngineConfiguration[0;39m 1002: class org.flowable.content.spring.configurator.SpringContentEngineConfigurator (priority:400000)
2023-05-30 15:18:37.442 [34m INFO[0;39m --- [restartedMain] [36mo.f.a.s.SpringAppEngineConfiguration[0;39m 1002: class org.flowable.cmmn.spring.configurator.SpringCmmnEngineConfigurator (priority:500000)
2023-05-30 15:18:37.442 [34m INFO[0;39m --- [restartedMain] [36mo.f.a.s.SpringAppEngineConfiguration[0;39m 1028: Executing beforeInit() of class org.flowable.engine.spring.configurator.SpringProcessEngineConfigurator (priority:50000)
2023-05-30 15:18:37.455 [34m INFO[0;39m --- [restartedMain] [36mo.f.a.s.SpringAppEngineConfiguration[0;39m 1028: Executing beforeInit() of class org.flowable.eventregistry.spring.configurator.SpringEventRegistryConfigurator (priority:100000)
2023-05-30 15:18:37.458 [34m INFO[0;39m --- [restartedMain] [36mo.f.a.s.SpringAppEngineConfiguration[0;39m 1028: Executing beforeInit() of class org.flowable.idm.spring.configurator.SpringIdmEngineConfigurator (priority:150000)
2023-05-30 15:18:37.461 [34m INFO[0;39m --- [restartedMain] [36mo.f.a.s.SpringAppEngineConfiguration[0;39m 1028: Executing beforeInit() of class org.flowable.dmn.spring.configurator.SpringDmnEngineConfigurator (priority:200000)
2023-05-30 15:18:37.463 [34m INFO[0;39m --- [restartedMain] [36mo.f.a.s.SpringAppEngineConfiguration[0;39m 1028: Executing beforeInit() of class org.flowable.form.spring.configurator.SpringFormEngineConfigurator (priority:300000)
2023-05-30 15:18:37.467 [34m INFO[0;39m --- [restartedMain] [36mo.f.a.s.SpringAppEngineConfiguration[0;39m 1028: Executing beforeInit() of class org.flowable.content.spring.configurator.SpringContentEngineConfigurator (priority:400000)
2023-05-30 15:18:37.469 [34m INFO[0;39m --- [restartedMain] [36mo.f.a.s.SpringAppEngineConfiguration[0;39m 1028: Executing beforeInit() of class org.flowable.cmmn.spring.configurator.SpringCmmnEngineConfigurator (priority:500000)
2023-05-30 15:18:38.429 [34m INFO[0;39m --- [restartedMain] [36mo.f.a.s.SpringAppEngineConfiguration[0;39m 1035: Executing configure() of class org.flowable.engine.spring.configurator.SpringProcessEngineConfigurator (priority:50000)
2023-05-30 15:18:38.603 [34m INFO[0;39m --- [restartedMain] [36mo.f.engine.impl.ProcessEngineImpl[0;39m 88: ProcessEngine default created
2023-05-30 15:18:38.631 [34m INFO[0;39m --- [restartedMain] [36mo.f.e.impl.cmd.ValidateV5EntitiesCmd[0;39m 43: Total of v5 deployments found: 0
2023-05-30 15:18:38.636 [34m INFO[0;39m --- [restartedMain] [36mo.f.a.s.SpringAppEngineConfiguration[0;39m 1035: Executing configure() of class org.flowable.eventregistry.spring.configurator.SpringEventRegistryConfigurator (priority:100000)
2023-05-30 15:18:39.006 [34m INFO[0;39m --- [restartedMain] [36mliquibase.lockservice[0;39m 30: Successfully acquired change log lock
2023-05-30 15:18:39.356 [34m INFO[0;39m --- [restartedMain] [36mliquibase.changelog[0;39m 30: Reading from urban.FLW_EV_DATABASECHANGELOG
2023-05-30 15:18:39.407 [34m INFO[0;39m --- [restartedMain] [36mliquibase.lockservice[0;39m 30: Successfully released change log lock
2023-05-30 15:18:39.408 [34m INFO[0;39m --- [restartedMain] [36mo.f.e.impl.EventRegistryEngineImpl[0;39m 53: EventRegistryEngine default created
2023-05-30 15:18:39.409 [34m INFO[0;39m --- [restartedMain] [36mo.f.a.s.SpringAppEngineConfiguration[0;39m 1035: Executing configure() of class org.flowable.idm.spring.configurator.SpringIdmEngineConfigurator (priority:150000)
2023-05-30 15:18:39.421 [34m INFO[0;39m --- [restartedMain] [36mo.f.idm.engine.impl.IdmEngineImpl[0;39m 52: IdmEngine default created
2023-05-30 15:18:39.422 [34m INFO[0;39m --- [restartedMain] [36mo.f.a.s.SpringAppEngineConfiguration[0;39m 1035: Executing configure() of class org.flowable.dmn.spring.configurator.SpringDmnEngineConfigurator (priority:200000)
2023-05-30 15:18:39.460 [34m INFO[0;39m --- [restartedMain] [36mliquibase.lockservice[0;39m 30: Successfully acquired change log lock
2023-05-30 15:18:39.510 [34m INFO[0;39m --- [restartedMain] [36mliquibase.changelog[0;39m 30: Reading from urban.ACT_DMN_DATABASECHANGELOG
2023-05-30 15:18:39.532 [34m INFO[0;39m --- [restartedMain] [36mliquibase.lockservice[0;39m 30: Successfully released change log lock
2023-05-30 15:18:39.533 [34m INFO[0;39m --- [restartedMain] [36mo.f.dmn.engine.impl.DmnEngineImpl[0;39m 55: DmnEngine default created
2023-05-30 15:18:39.534 [34m INFO[0;39m --- [restartedMain] [36mo.f.a.s.SpringAppEngineConfiguration[0;39m 1035: Executing configure() of class org.flowable.form.spring.configurator.SpringFormEngineConfigurator (priority:300000)
2023-05-30 15:18:39.563 [34m INFO[0;39m --- [restartedMain] [36mliquibase.lockservice[0;39m 30: Successfully acquired change log lock
2023-05-30 15:18:39.609 [34m INFO[0;39m --- [restartedMain] [36mliquibase.changelog[0;39m 30: Reading from urban.ACT_FO_DATABASECHANGELOG
2023-05-30 15:18:39.628 [34m INFO[0;39m --- [restartedMain] [36mliquibase.lockservice[0;39m 30: Successfully released change log lock
2023-05-30 15:18:39.629 [34m INFO[0;39m --- [restartedMain] [36mo.f.form.engine.impl.FormEngineImpl[0;39m 52: FormEngine default created
2023-05-30 15:18:39.630 [34m INFO[0;39m --- [restartedMain] [36mo.f.a.s.SpringAppEngineConfiguration[0;39m 1035: Executing configure() of class org.flowable.content.spring.configurator.SpringContentEngineConfigurator (priority:400000)
2023-05-30 15:18:39.633 [34m INFO[0;39m --- [restartedMain] [36mo.f.c.s.SpringContentEngineConfiguration[0;39m 188: Content file system root : /Users/liukai/content
2023-05-30 15:18:39.654 [34m INFO[0;39m --- [restartedMain] [36mliquibase.lockservice[0;39m 30: Successfully acquired change log lock
2023-05-30 15:18:39.696 [34m INFO[0;39m --- [restartedMain] [36mliquibase.changelog[0;39m 30: Reading from urban.ACT_CO_DATABASECHANGELOG
2023-05-30 15:18:39.727 [34m INFO[0;39m --- [restartedMain] [36mliquibase.lockservice[0;39m 30: Successfully released change log lock
2023-05-30 15:18:39.728 [34m INFO[0;39m --- [restartedMain] [36mo.f.c.engine.impl.ContentEngineImpl[0;39m 48: ContentEngine default created
2023-05-30 15:18:39.729 [34m INFO[0;39m --- [restartedMain] [36mo.f.a.s.SpringAppEngineConfiguration[0;39m 1035: Executing configure() of class org.flowable.cmmn.spring.configurator.SpringCmmnEngineConfigurator (priority:500000)
2023-05-30 15:18:39.829 [34m INFO[0;39m --- [restartedMain] [36mliquibase.lockservice[0;39m 30: Successfully acquired change log lock
2023-05-30 15:18:39.887 [34m INFO[0;39m --- [restartedMain] [36mliquibase.changelog[0;39m 30: Reading from urban.ACT_CMMN_DATABASECHANGELOG
2023-05-30 15:18:39.922 [34m INFO[0;39m --- [restartedMain] [36mliquibase.lockservice[0;39m 30: Successfully released change log lock
2023-05-30 15:18:39.923 [34m INFO[0;39m --- [restartedMain] [36mo.f.cmmn.engine.impl.CmmnEngineImpl[0;39m 71: CmmnEngine default created
2023-05-30 15:18:39.956 [34m INFO[0;39m --- [restartedMain] [36mliquibase.lockservice[0;39m 30: Successfully acquired change log lock
2023-05-30 15:18:40.002 [34m INFO[0;39m --- [restartedMain] [36mliquibase.changelog[0;39m 30: Reading from urban.ACT_APP_DATABASECHANGELOG
2023-05-30 15:18:40.022 [34m INFO[0;39m --- [restartedMain] [36mliquibase.lockservice[0;39m 30: Successfully released change log lock
2023-05-30 15:18:40.023 [34m INFO[0;39m --- [restartedMain] [36mo.f.app.engine.impl.AppEngineImpl[0;39m 48: AppEngine default created
2023-05-30 15:18:41.330 [34m INFO[0;39m --- [restartedMain] [36mo.f.j.s.i.a.AbstractAsyncExecutor[0;39m 115: Starting up the async job executor [org.flowable.spring.job.service.SpringAsyncExecutor].
2023-05-30 15:18:41.331 [34m INFO[0;39m --- [Thread-7] [36mo.f.j.s.i.a.AcquireAsyncJobsDueRunnable[0;39m 52: starting to acquire async jobs due
2023-05-30 15:18:41.337 [34m INFO[0;39m --- [Thread-8] [36mo.f.j.s.i.a.AcquireTimerJobsRunnable[0;39m 52: starting to acquire async jobs due
2023-05-30 15:18:41.337 [34m INFO[0;39m --- [Thread-9] [36mo.f.j.s.i.a.ResetExpiredJobsRunnable[0;39m 63: starting to reset expired jobs for engine cmmn
2023-05-30 15:18:41.337 [34m INFO[0;39m --- [restartedMain] [36mo.f.j.s.i.a.AbstractAsyncExecutor[0;39m 115: Starting up the async job executor [org.flowable.spring.job.service.SpringAsyncExecutor].
2023-05-30 15:18:41.338 [34m INFO[0;39m --- [Thread-10] [36mo.f.j.s.i.a.AcquireAsyncJobsDueRunnable[0;39m 52: starting to acquire async jobs due
2023-05-30 15:18:41.340 [34m INFO[0;39m --- [Thread-11] [36mo.f.j.s.i.a.AcquireTimerJobsRunnable[0;39m 52: starting to acquire async jobs due
2023-05-30 15:18:41.340 [34m INFO[0;39m --- [Thread-12] [36mo.f.j.s.i.a.ResetExpiredJobsRunnable[0;39m 63: starting to reset expired jobs for engine bpmn
2023-05-30 15:18:41.340 [34m INFO[0;39m --- [restartedMain] [36mo.a.coyote.http11.Http11NioProtocol[0;39m 173: Starting ProtocolHandler ["http-nio-9999"]
2023-05-30 15:18:41.382 [34m INFO[0;39m --- [restartedMain] [36mcom.king.urban.main.MainApplication[0;39m 61: Started MainApplication in 9.818 seconds (JVM running for 10.753)
2023-05-30 15:18:41.483 [34m INFO[0;39m --- [RMI TCP Connection(8)-127.0.0.1] [36mo.a.c.c.C.[Tomcat].[localhost].[/][0;39m 173: Initializing Spring DispatcherServlet 'dispatcherServlet'
2023-05-30 15:20:26.295 [34m INFO[0;39m --- [SpringApplicationShutdownHook] [36mo.f.j.s.i.a.AbstractAsyncExecutor[0;39m 167: Shutting down the async job executor [org.flowable.spring.job.service.SpringAsyncExecutor].
2023-05-30 15:20:26.296 [34m INFO[0;39m --- [flowable-cmmn-acquire-async-jobs] [36mo.f.j.s.i.a.AcquireAsyncJobsDueRunnable[0;39m 79: stopped async job due acquisition for engine cmmn
2023-05-30 15:20:26.296 [34m INFO[0;39m --- [flowable-cmmn-acquire-timer-jobs] [36mo.f.j.s.i.a.AcquireTimerJobsRunnable[0;39m 118: stopped async job due acquisition
2023-05-30 15:20:26.296 [34m INFO[0;39m --- [flowable-cmmn-reset-expired-jobs] [36mo.f.j.s.i.a.ResetExpiredJobsRunnable[0;39m 90: stopped resetting expired jobs for engine cmmn
2023-05-30 15:20:26.428 [34m INFO[0;39m --- [SpringApplicationShutdownHook] [36mo.f.j.s.i.a.AbstractAsyncExecutor[0;39m 167: Shutting down the async job executor [org.flowable.spring.job.service.SpringAsyncExecutor].
2023-05-30 15:20:26.428 [34m INFO[0;39m --- [flowable-bpmn-acquire-timer-jobs] [36mo.f.j.s.i.a.AcquireTimerJobsRunnable[0;39m 118: stopped async job due acquisition
2023-05-30 15:20:26.428 [34m INFO[0;39m --- [flowable-bpmn-reset-expired-jobs] [36mo.f.j.s.i.a.ResetExpiredJobsRunnable[0;39m 90: stopped resetting expired jobs for engine bpmn
2023-05-30 15:20:26.428 [34m INFO[0;39m --- [flowable-bpmn-acquire-async-jobs] [36mo.f.j.s.i.a.AcquireAsyncJobsDueRunnable[0;39m 79: stopped async job due acquisition for engine bpmn
2023-05-30 15:20:26.442 [34m INFO[0;39m --- [SpringApplicationShutdownHook] [36mcom.zaxxer.hikari.HikariDataSource[0;39m 350: HikariPool-1 - Shutdown initiated...
2023-05-30 15:20:26.448 [34m INFO[0;39m --- [SpringApplicationShutdownHook] [36mcom.zaxxer.hikari.HikariDataSource[0;39m 352: HikariPool-1 - Shutdown completed.
