2023-05-27 19:17:18.532 [34m INFO[0;39m --- [background-preinit] [36mo.h.validator.internal.util.Version[0;39m 21: HV000001: Hibernate Validator 6.2.5.Final
2023-05-27 19:17:18.530 [34m INFO[0;39m --- [restartedMain] [36mcom.king.urban.main.MainApplication[0;39m 55: Starting MainApplication using Java 19.0.2 on K-Mac with PID 16343 (/Users/liukai/IdeaProjects/urban/main/target/classes started by liukai in /Users/liukai/IdeaProjects/urban)
2023-05-27 19:17:18.533 [34m INFO[0;39m --- [restartedMain] [36mcom.king.urban.main.MainApplication[0;39m 631: No active profile set, falling back to 1 default profile: "default"
2023-05-27 19:17:21.153 [34m INFO[0;39m --- [restartedMain] [36mo.a.coyote.http11.Http11NioProtocol[0;39m 173: Initializing ProtocolHandler ["http-nio-9999"]
2023-05-27 19:17:21.154 [34m INFO[0;39m --- [restartedMain] [36mo.a.catalina.core.StandardService[0;39m 173: Starting service [Tomcat]
2023-05-27 19:17:21.154 [34m INFO[0;39m --- [restartedMain] [36mo.a.catalina.core.StandardEngine[0;39m 173: Starting Servlet engine: [Apache Tomcat/9.0.74]
2023-05-27 19:17:21.250 [34m INFO[0;39m --- [restartedMain] [36mo.a.c.c.C.[Tomcat].[localhost].[/][0;39m 173: Initializing Spring embedded WebApplicationContext
2023-05-27 19:17:21.527 [34m INFO[0;39m --- [restartedMain] [36mo.h.jpa.internal.util.LogHelper[0;39m 31: HHH000204: Processing PersistenceUnitInfo [name: default]
2023-05-27 19:17:21.598 [34m INFO[0;39m --- [restartedMain] [36morg.hibernate.Version[0;39m 44: HHH000412: Hibernate ORM core version 5.6.15.Final
2023-05-27 19:17:21.780 [34m INFO[0;39m --- [restartedMain] [36mo.h.s.integration.SpatialService[0;39m 42: HHH80000001: hibernate-spatial integration enabled : true
2023-05-27 19:17:21.814 [34m INFO[0;39m --- [restartedMain] [36mo.h.annotations.common.Version[0;39m 56: HCANN000001: Hibernate Commons Annotations {5.1.2.Final}
2023-05-27 19:17:21.952 [34m INFO[0;39m --- [restartedMain] [36mcom.zaxxer.hikari.HikariDataSource[0;39m 110: HikariPool-1 - Starting...
2023-05-27 19:17:22.187 [34m INFO[0;39m --- [restartedMain] [36mcom.zaxxer.hikari.HikariDataSource[0;39m 123: HikariPool-1 - Start completed.
2023-05-27 19:17:22.212 [34m INFO[0;39m --- [restartedMain] [36morg.hibernate.dialect.Dialect[0;39m 175: HHH000400: Using dialect: org.hibernate.spatial.dialect.mysql.MySQL8SpatialDialect
2023-05-27 19:17:22.221 [34m INFO[0;39m --- [restartedMain] [36morg.hibernate.dialect.Dialect[0;39m 175: HHH000400: Using dialect: org.hibernate.spatial.dialect.mysql.MySQLSpatialDialect
2023-05-27 19:17:23.359 [34m INFO[0;39m --- [restartedMain] [36mo.h.e.t.j.p.i.JtaPlatformInitiator[0;39m 52: HHH000490: Using JtaPlatform implementation: [org.hibernate.engine.transaction.jta.platform.internal.NoJtaPlatform]
2023-05-27 19:17:23.388 [34m INFO[0;39m --- [restartedMain] [36mcom.zaxxer.hikari.HikariDataSource[0;39m 350: HikariPool-1 - Shutdown initiated...
2023-05-27 19:17:23.395 [34m INFO[0;39m --- [restartedMain] [36mcom.zaxxer.hikari.HikariDataSource[0;39m 352: HikariPool-1 - Shutdown completed.
2023-05-27 19:17:23.397 [34m INFO[0;39m --- [restartedMain] [36mo.a.catalina.core.StandardService[0;39m 173: Stopping service [Tomcat]
2023-05-27 19:18:11.301 [34m INFO[0;39m --- [restartedMain] [36mcom.king.urban.main.MainApplication[0;39m 55: Starting MainApplication using Java 19.0.2 on K-Mac with PID 16437 (/Users/liukai/IdeaProjects/urban/main/target/classes started by liukai in /Users/liukai/IdeaProjects/urban)
2023-05-27 19:18:11.301 [34m INFO[0;39m --- [background-preinit] [36mo.h.validator.internal.util.Version[0;39m 21: HV000001: Hibernate Validator 6.2.5.Final
2023-05-27 19:18:11.303 [34m INFO[0;39m --- [restartedMain] [36mcom.king.urban.main.MainApplication[0;39m 631: No active profile set, falling back to 1 default profile: "default"
2023-05-27 19:18:13.424 [34m INFO[0;39m --- [restartedMain] [36mo.a.coyote.http11.Http11NioProtocol[0;39m 173: Initializing ProtocolHandler ["http-nio-9999"]
2023-05-27 19:18:13.424 [34m INFO[0;39m --- [restartedMain] [36mo.a.catalina.core.StandardService[0;39m 173: Starting service [Tomcat]
2023-05-27 19:18:13.424 [34m INFO[0;39m --- [restartedMain] [36mo.a.catalina.core.StandardEngine[0;39m 173: Starting Servlet engine: [Apache Tomcat/9.0.74]
2023-05-27 19:18:13.528 [34m INFO[0;39m --- [restartedMain] [36mo.a.c.c.C.[Tomcat].[localhost].[/][0;39m 173: Initializing Spring embedded WebApplicationContext
2023-05-27 19:18:13.788 [34m INFO[0;39m --- [restartedMain] [36mo.h.jpa.internal.util.LogHelper[0;39m 31: HHH000204: Processing PersistenceUnitInfo [name: default]
2023-05-27 19:18:13.843 [34m INFO[0;39m --- [restartedMain] [36morg.hibernate.Version[0;39m 44: HHH000412: Hibernate ORM core version 5.6.15.Final
2023-05-27 19:18:13.992 [34m INFO[0;39m --- [restartedMain] [36mo.h.s.integration.SpatialService[0;39m 42: HHH80000001: hibernate-spatial integration enabled : true
2023-05-27 19:18:14.022 [34m INFO[0;39m --- [restartedMain] [36mo.h.annotations.common.Version[0;39m 56: HCANN000001: Hibernate Commons Annotations {5.1.2.Final}
2023-05-27 19:18:14.139 [34m INFO[0;39m --- [restartedMain] [36mcom.zaxxer.hikari.HikariDataSource[0;39m 110: HikariPool-1 - Starting...
2023-05-27 19:18:14.302 [34m INFO[0;39m --- [restartedMain] [36mcom.zaxxer.hikari.HikariDataSource[0;39m 123: HikariPool-1 - Start completed.
2023-05-27 19:18:14.321 [34m INFO[0;39m --- [restartedMain] [36morg.hibernate.dialect.Dialect[0;39m 175: HHH000400: Using dialect: org.hibernate.spatial.dialect.mysql.MySQL8SpatialDialect
2023-05-27 19:18:14.328 [34m INFO[0;39m --- [restartedMain] [36morg.hibernate.dialect.Dialect[0;39m 175: HHH000400: Using dialect: org.hibernate.spatial.dialect.mysql.MySQLSpatialDialect
2023-05-27 19:18:15.394 [34m INFO[0;39m --- [restartedMain] [36mo.h.e.t.j.p.i.JtaPlatformInitiator[0;39m 52: HHH000490: Using JtaPlatform implementation: [org.hibernate.engine.transaction.jta.platform.internal.NoJtaPlatform]
2023-05-27 19:18:15.429 [34m INFO[0;39m --- [restartedMain] [36mcom.zaxxer.hikari.HikariDataSource[0;39m 350: HikariPool-1 - Shutdown initiated...
2023-05-27 19:18:15.436 [34m INFO[0;39m --- [restartedMain] [36mcom.zaxxer.hikari.HikariDataSource[0;39m 352: HikariPool-1 - Shutdown completed.
2023-05-27 19:18:15.438 [34m INFO[0;39m --- [restartedMain] [36mo.a.catalina.core.StandardService[0;39m 173: Stopping service [Tomcat]
2023-05-27 19:24:08.581 [34m INFO[0;39m --- [background-preinit] [36mo.h.validator.internal.util.Version[0;39m 21: HV000001: Hibernate Validator 6.2.5.Final
2023-05-27 19:24:08.581 [34m INFO[0;39m --- [restartedMain] [36mcom.king.urban.main.MainApplication[0;39m 55: Starting MainApplication using Java 19.0.2 on K-Mac with PID 17252 (/Users/liukai/IdeaProjects/urban/main/target/classes started by liukai in /Users/liukai/IdeaProjects/urban)
2023-05-27 19:24:08.584 [34m INFO[0;39m --- [restartedMain] [36mcom.king.urban.main.MainApplication[0;39m 631: No active profile set, falling back to 1 default profile: "default"
2023-05-27 19:24:10.642 [34m INFO[0;39m --- [restartedMain] [36mo.a.coyote.http11.Http11NioProtocol[0;39m 173: Initializing ProtocolHandler ["http-nio-9999"]
2023-05-27 19:24:10.643 [34m INFO[0;39m --- [restartedMain] [36mo.a.catalina.core.StandardService[0;39m 173: Starting service [Tomcat]
2023-05-27 19:24:10.643 [34m INFO[0;39m --- [restartedMain] [36mo.a.catalina.core.StandardEngine[0;39m 173: Starting Servlet engine: [Apache Tomcat/9.0.74]
2023-05-27 19:24:10.729 [34m INFO[0;39m --- [restartedMain] [36mo.a.c.c.C.[Tomcat].[localhost].[/][0;39m 173: Initializing Spring embedded WebApplicationContext
2023-05-27 19:24:11.005 [34m INFO[0;39m --- [restartedMain] [36mo.h.jpa.internal.util.LogHelper[0;39m 31: HHH000204: Processing PersistenceUnitInfo [name: default]
2023-05-27 19:24:11.057 [34m INFO[0;39m --- [restartedMain] [36morg.hibernate.Version[0;39m 44: HHH000412: Hibernate ORM core version 5.6.15.Final
2023-05-27 19:24:11.188 [34m INFO[0;39m --- [restartedMain] [36mo.h.s.integration.SpatialService[0;39m 42: HHH80000001: hibernate-spatial integration enabled : true
2023-05-27 19:24:11.214 [34m INFO[0;39m --- [restartedMain] [36mo.h.annotations.common.Version[0;39m 56: HCANN000001: Hibernate Commons Annotations {5.1.2.Final}
2023-05-27 19:24:11.322 [34m INFO[0;39m --- [restartedMain] [36mcom.zaxxer.hikari.HikariDataSource[0;39m 110: HikariPool-1 - Starting...
2023-05-27 19:24:11.477 [34m INFO[0;39m --- [restartedMain] [36mcom.zaxxer.hikari.HikariDataSource[0;39m 123: HikariPool-1 - Start completed.
2023-05-27 19:24:11.495 [34m INFO[0;39m --- [restartedMain] [36morg.hibernate.dialect.Dialect[0;39m 175: HHH000400: Using dialect: org.hibernate.spatial.dialect.mysql.MySQL8SpatialDialect
2023-05-27 19:24:11.502 [34m INFO[0;39m --- [restartedMain] [36morg.hibernate.dialect.Dialect[0;39m 175: HHH000400: Using dialect: org.hibernate.spatial.dialect.mysql.MySQLSpatialDialect
2023-05-27 19:24:12.449 [34m INFO[0;39m --- [restartedMain] [36mo.h.e.t.j.p.i.JtaPlatformInitiator[0;39m 52: HHH000490: Using JtaPlatform implementation: [org.hibernate.engine.transaction.jta.platform.internal.NoJtaPlatform]
2023-05-27 19:24:13.206 [34m INFO[0;39m --- [restartedMain] [36mo.f.s.b.c.CmmnEngineAutoConfiguration[0;39m 104: No deployment resources were found for autodeployment
2023-05-27 19:24:13.265 [34m INFO[0;39m --- [restartedMain] [36mo.f.s.b.d.DmnEngineAutoConfiguration[0;39m 104: No deployment resources were found for autodeployment
2023-05-27 19:24:13.290 [34m INFO[0;39m --- [restartedMain] [36mo.f.s.b.f.FormEngineAutoConfiguration[0;39m 104: No deployment resources were found for autodeployment
2023-05-27 19:24:13.316 [34m INFO[0;39m --- [restartedMain] [36mo.f.s.b.e.EventRegistryAutoConfiguration[0;39m 104: No deployment resources were found for autodeployment
2023-05-27 19:24:13.353 [34m INFO[0;39m --- [restartedMain] [36mo.f.a.s.SpringAppEngineConfiguration[0;39m 1000: Found 7 Engine Configurators in total:
2023-05-27 19:24:13.354 [34m INFO[0;39m --- [restartedMain] [36mo.f.a.s.SpringAppEngineConfiguration[0;39m 1002: class org.flowable.engine.spring.configurator.SpringProcessEngineConfigurator (priority:50000)
2023-05-27 19:24:13.354 [34m INFO[0;39m --- [restartedMain] [36mo.f.a.s.SpringAppEngineConfiguration[0;39m 1002: class org.flowable.eventregistry.spring.configurator.SpringEventRegistryConfigurator (priority:100000)
2023-05-27 19:24:13.354 [34m INFO[0;39m --- [restartedMain] [36mo.f.a.s.SpringAppEngineConfiguration[0;39m 1002: class org.flowable.idm.spring.configurator.SpringIdmEngineConfigurator (priority:150000)
2023-05-27 19:24:13.354 [34m INFO[0;39m --- [restartedMain] [36mo.f.a.s.SpringAppEngineConfiguration[0;39m 1002: class org.flowable.dmn.spring.configurator.SpringDmnEngineConfigurator (priority:200000)
2023-05-27 19:24:13.354 [34m INFO[0;39m --- [restartedMain] [36mo.f.a.s.SpringAppEngineConfiguration[0;39m 1002: class org.flowable.form.spring.configurator.SpringFormEngineConfigurator (priority:300000)
2023-05-27 19:24:13.354 [34m INFO[0;39m --- [restartedMain] [36mo.f.a.s.SpringAppEngineConfiguration[0;39m 1002: class org.flowable.content.spring.configurator.SpringContentEngineConfigurator (priority:400000)
2023-05-27 19:24:13.354 [34m INFO[0;39m --- [restartedMain] [36mo.f.a.s.SpringAppEngineConfiguration[0;39m 1002: class org.flowable.cmmn.spring.configurator.SpringCmmnEngineConfigurator (priority:500000)
2023-05-27 19:24:13.355 [34m INFO[0;39m --- [restartedMain] [36mo.f.a.s.SpringAppEngineConfiguration[0;39m 1028: Executing beforeInit() of class org.flowable.engine.spring.configurator.SpringProcessEngineConfigurator (priority:50000)
2023-05-27 19:24:13.368 [34m INFO[0;39m --- [restartedMain] [36mo.f.a.s.SpringAppEngineConfiguration[0;39m 1028: Executing beforeInit() of class org.flowable.eventregistry.spring.configurator.SpringEventRegistryConfigurator (priority:100000)
2023-05-27 19:24:13.371 [34m INFO[0;39m --- [restartedMain] [36mo.f.a.s.SpringAppEngineConfiguration[0;39m 1028: Executing beforeInit() of class org.flowable.idm.spring.configurator.SpringIdmEngineConfigurator (priority:150000)
2023-05-27 19:24:13.374 [34m INFO[0;39m --- [restartedMain] [36mo.f.a.s.SpringAppEngineConfiguration[0;39m 1028: Executing beforeInit() of class org.flowable.dmn.spring.configurator.SpringDmnEngineConfigurator (priority:200000)
2023-05-27 19:24:13.376 [34m INFO[0;39m --- [restartedMain] [36mo.f.a.s.SpringAppEngineConfiguration[0;39m 1028: Executing beforeInit() of class org.flowable.form.spring.configurator.SpringFormEngineConfigurator (priority:300000)
2023-05-27 19:24:13.378 [34m INFO[0;39m --- [restartedMain] [36mo.f.a.s.SpringAppEngineConfiguration[0;39m 1028: Executing beforeInit() of class org.flowable.content.spring.configurator.SpringContentEngineConfigurator (priority:400000)
2023-05-27 19:24:13.380 [34m INFO[0;39m --- [restartedMain] [36mo.f.a.s.SpringAppEngineConfiguration[0;39m 1028: Executing beforeInit() of class org.flowable.cmmn.spring.configurator.SpringCmmnEngineConfigurator (priority:500000)
2023-05-27 19:24:14.192 [34m INFO[0;39m --- [restartedMain] [36mo.f.a.s.SpringAppEngineConfiguration[0;39m 1035: Executing configure() of class org.flowable.engine.spring.configurator.SpringProcessEngineConfigurator (priority:50000)
2023-05-27 19:24:14.350 [34m INFO[0;39m --- [restartedMain] [36mo.f.engine.impl.ProcessEngineImpl[0;39m 88: ProcessEngine default created
2023-05-27 19:24:14.379 [34m INFO[0;39m --- [restartedMain] [36mo.f.e.impl.cmd.ValidateV5EntitiesCmd[0;39m 43: Total of v5 deployments found: 0
2023-05-27 19:24:14.383 [34m INFO[0;39m --- [restartedMain] [36mo.f.a.s.SpringAppEngineConfiguration[0;39m 1035: Executing configure() of class org.flowable.eventregistry.spring.configurator.SpringEventRegistryConfigurator (priority:100000)
2023-05-27 19:24:14.764 [34m INFO[0;39m --- [restartedMain] [36mliquibase.lockservice[0;39m 30: Successfully acquired change log lock
2023-05-27 19:24:15.102 [34m INFO[0;39m --- [restartedMain] [36mliquibase.changelog[0;39m 30: Reading from urban.FLW_EV_DATABASECHANGELOG
2023-05-27 19:24:15.155 [34m INFO[0;39m --- [restartedMain] [36mliquibase.lockservice[0;39m 30: Successfully released change log lock
2023-05-27 19:24:15.156 [34m INFO[0;39m --- [restartedMain] [36mo.f.e.impl.EventRegistryEngineImpl[0;39m 53: EventRegistryEngine default created
2023-05-27 19:24:15.156 [34m INFO[0;39m --- [restartedMain] [36mo.f.a.s.SpringAppEngineConfiguration[0;39m 1035: Executing configure() of class org.flowable.idm.spring.configurator.SpringIdmEngineConfigurator (priority:150000)
2023-05-27 19:24:15.168 [34m INFO[0;39m --- [restartedMain] [36mo.f.idm.engine.impl.IdmEngineImpl[0;39m 52: IdmEngine default created
2023-05-27 19:24:15.169 [34m INFO[0;39m --- [restartedMain] [36mo.f.a.s.SpringAppEngineConfiguration[0;39m 1035: Executing configure() of class org.flowable.dmn.spring.configurator.SpringDmnEngineConfigurator (priority:200000)
2023-05-27 19:24:15.204 [34m INFO[0;39m --- [restartedMain] [36mliquibase.lockservice[0;39m 30: Successfully acquired change log lock
2023-05-27 19:24:15.254 [34m INFO[0;39m --- [restartedMain] [36mliquibase.changelog[0;39m 30: Reading from urban.ACT_DMN_DATABASECHANGELOG
2023-05-27 19:24:15.277 [34m INFO[0;39m --- [restartedMain] [36mliquibase.lockservice[0;39m 30: Successfully released change log lock
2023-05-27 19:24:15.278 [34m INFO[0;39m --- [restartedMain] [36mo.f.dmn.engine.impl.DmnEngineImpl[0;39m 55: DmnEngine default created
2023-05-27 19:24:15.279 [34m INFO[0;39m --- [restartedMain] [36mo.f.a.s.SpringAppEngineConfiguration[0;39m 1035: Executing configure() of class org.flowable.form.spring.configurator.SpringFormEngineConfigurator (priority:300000)
2023-05-27 19:24:15.302 [34m INFO[0;39m --- [restartedMain] [36mliquibase.lockservice[0;39m 30: Successfully acquired change log lock
2023-05-27 19:24:15.349 [34m INFO[0;39m --- [restartedMain] [36mliquibase.changelog[0;39m 30: Reading from urban.ACT_FO_DATABASECHANGELOG
2023-05-27 19:24:15.367 [34m INFO[0;39m --- [restartedMain] [36mliquibase.lockservice[0;39m 30: Successfully released change log lock
2023-05-27 19:24:15.368 [34m INFO[0;39m --- [restartedMain] [36mo.f.form.engine.impl.FormEngineImpl[0;39m 52: FormEngine default created
2023-05-27 19:24:15.369 [34m INFO[0;39m --- [restartedMain] [36mo.f.a.s.SpringAppEngineConfiguration[0;39m 1035: Executing configure() of class org.flowable.content.spring.configurator.SpringContentEngineConfigurator (priority:400000)
2023-05-27 19:24:15.371 [34m INFO[0;39m --- [restartedMain] [36mo.f.c.s.SpringContentEngineConfiguration[0;39m 188: Content file system root : /Users/liukai/content
2023-05-27 19:24:15.392 [34m INFO[0;39m --- [restartedMain] [36mliquibase.lockservice[0;39m 30: Successfully acquired change log lock
2023-05-27 19:24:15.438 [34m INFO[0;39m --- [restartedMain] [36mliquibase.changelog[0;39m 30: Reading from urban.ACT_CO_DATABASECHANGELOG
2023-05-27 19:24:15.456 [34m INFO[0;39m --- [restartedMain] [36mliquibase.lockservice[0;39m 30: Successfully released change log lock
2023-05-27 19:24:15.456 [34m INFO[0;39m --- [restartedMain] [36mo.f.c.engine.impl.ContentEngineImpl[0;39m 48: ContentEngine default created
2023-05-27 19:24:15.457 [34m INFO[0;39m --- [restartedMain] [36mo.f.a.s.SpringAppEngineConfiguration[0;39m 1035: Executing configure() of class org.flowable.cmmn.spring.configurator.SpringCmmnEngineConfigurator (priority:500000)
2023-05-27 19:24:15.534 [34m INFO[0;39m --- [restartedMain] [36mliquibase.lockservice[0;39m 30: Successfully acquired change log lock
2023-05-27 19:24:15.583 [34m INFO[0;39m --- [restartedMain] [36mliquibase.changelog[0;39m 30: Reading from urban.ACT_CMMN_DATABASECHANGELOG
2023-05-27 19:24:15.624 [34m INFO[0;39m --- [restartedMain] [36mliquibase.lockservice[0;39m 30: Successfully released change log lock
2023-05-27 19:24:15.626 [34m INFO[0;39m --- [restartedMain] [36mo.f.cmmn.engine.impl.CmmnEngineImpl[0;39m 71: CmmnEngine default created
2023-05-27 19:24:15.653 [34m INFO[0;39m --- [restartedMain] [36mliquibase.lockservice[0;39m 30: Successfully acquired change log lock
2023-05-27 19:24:15.694 [34m INFO[0;39m --- [restartedMain] [36mliquibase.changelog[0;39m 30: Reading from urban.ACT_APP_DATABASECHANGELOG
2023-05-27 19:24:15.715 [34m INFO[0;39m --- [restartedMain] [36mliquibase.lockservice[0;39m 30: Successfully released change log lock
2023-05-27 19:24:15.716 [34m INFO[0;39m --- [restartedMain] [36mo.f.app.engine.impl.AppEngineImpl[0;39m 48: AppEngine default created
2023-05-27 19:24:16.785 [34m INFO[0;39m --- [restartedMain] [36mo.f.j.s.i.a.AbstractAsyncExecutor[0;39m 115: Starting up the async job executor [org.flowable.spring.job.service.SpringAsyncExecutor].
2023-05-27 19:24:16.786 [34m INFO[0;39m --- [Thread-7] [36mo.f.j.s.i.a.AcquireAsyncJobsDueRunnable[0;39m 52: starting to acquire async jobs due
2023-05-27 19:24:16.794 [34m INFO[0;39m --- [Thread-8] [36mo.f.j.s.i.a.AcquireTimerJobsRunnable[0;39m 52: starting to acquire async jobs due
2023-05-27 19:24:16.794 [34m INFO[0;39m --- [Thread-9] [36mo.f.j.s.i.a.ResetExpiredJobsRunnable[0;39m 63: starting to reset expired jobs for engine cmmn
2023-05-27 19:24:16.795 [34m INFO[0;39m --- [restartedMain] [36mo.f.j.s.i.a.AbstractAsyncExecutor[0;39m 115: Starting up the async job executor [org.flowable.spring.job.service.SpringAsyncExecutor].
2023-05-27 19:24:16.795 [34m INFO[0;39m --- [Thread-10] [36mo.f.j.s.i.a.AcquireAsyncJobsDueRunnable[0;39m 52: starting to acquire async jobs due
2023-05-27 19:24:16.798 [34m INFO[0;39m --- [Thread-11] [36mo.f.j.s.i.a.AcquireTimerJobsRunnable[0;39m 52: starting to acquire async jobs due
2023-05-27 19:24:16.798 [34m INFO[0;39m --- [restartedMain] [36mo.a.coyote.http11.Http11NioProtocol[0;39m 173: Starting ProtocolHandler ["http-nio-9999"]
2023-05-27 19:24:16.798 [34m INFO[0;39m --- [Thread-12] [36mo.f.j.s.i.a.ResetExpiredJobsRunnable[0;39m 63: starting to reset expired jobs for engine bpmn
2023-05-27 19:24:16.836 [34m INFO[0;39m --- [restartedMain] [36mcom.king.urban.main.MainApplication[0;39m 61: Started MainApplication in 8.627 seconds (JVM running for 9.636)
2023-05-27 19:24:17.383 [34m INFO[0;39m --- [RMI TCP Connection(6)-192.168.3.192] [36mo.a.c.c.C.[Tomcat].[localhost].[/][0;39m 173: Initializing Spring DispatcherServlet 'dispatcherServlet'
2023-05-27 19:27:32.027 [34m INFO[0;39m --- [SpringApplicationShutdownHook] [36mo.f.j.s.i.a.AbstractAsyncExecutor[0;39m 167: Shutting down the async job executor [org.flowable.spring.job.service.SpringAsyncExecutor].
2023-05-27 19:27:32.029 [34m INFO[0;39m --- [flowable-cmmn-reset-expired-jobs] [36mo.f.j.s.i.a.ResetExpiredJobsRunnable[0;39m 90: stopped resetting expired jobs for engine cmmn
2023-05-27 19:27:32.029 [34m INFO[0;39m --- [flowable-cmmn-acquire-async-jobs] [36mo.f.j.s.i.a.AcquireAsyncJobsDueRunnable[0;39m 79: stopped async job due acquisition for engine cmmn
2023-05-27 19:27:32.029 [34m INFO[0;39m --- [flowable-cmmn-acquire-timer-jobs] [36mo.f.j.s.i.a.AcquireTimerJobsRunnable[0;39m 118: stopped async job due acquisition
2023-05-27 19:27:32.206 [34m INFO[0;39m --- [SpringApplicationShutdownHook] [36mo.f.j.s.i.a.AbstractAsyncExecutor[0;39m 167: Shutting down the async job executor [org.flowable.spring.job.service.SpringAsyncExecutor].
2023-05-27 19:27:32.206 [34m INFO[0;39m --- [flowable-bpmn-acquire-timer-jobs] [36mo.f.j.s.i.a.AcquireTimerJobsRunnable[0;39m 118: stopped async job due acquisition
2023-05-27 19:27:32.206 [34m INFO[0;39m --- [flowable-bpmn-reset-expired-jobs] [36mo.f.j.s.i.a.ResetExpiredJobsRunnable[0;39m 90: stopped resetting expired jobs for engine bpmn
2023-05-27 19:27:32.206 [34m INFO[0;39m --- [flowable-bpmn-acquire-async-jobs] [36mo.f.j.s.i.a.AcquireAsyncJobsDueRunnable[0;39m 79: stopped async job due acquisition for engine bpmn
2023-05-27 19:27:32.232 [34m INFO[0;39m --- [SpringApplicationShutdownHook] [36mcom.zaxxer.hikari.HikariDataSource[0;39m 350: HikariPool-1 - Shutdown initiated...
2023-05-27 19:27:32.238 [34m INFO[0;39m --- [SpringApplicationShutdownHook] [36mcom.zaxxer.hikari.HikariDataSource[0;39m 352: HikariPool-1 - Shutdown completed.
2023-05-27 19:27:34.873 [34m INFO[0;39m --- [restartedMain] [36mcom.king.urban.main.MainApplication[0;39m 55: Starting MainApplication using Java 19.0.2 on K-Mac with PID 17625 (/Users/liukai/IdeaProjects/urban/main/target/classes started by liukai in /Users/liukai/IdeaProjects/urban)
2023-05-27 19:27:34.873 [34m INFO[0;39m --- [background-preinit] [36mo.h.validator.internal.util.Version[0;39m 21: HV000001: Hibernate Validator 6.2.5.Final
2023-05-27 19:27:34.876 [34m INFO[0;39m --- [restartedMain] [36mcom.king.urban.main.MainApplication[0;39m 631: No active profile set, falling back to 1 default profile: "default"
2023-05-27 19:27:36.910 [34m INFO[0;39m --- [restartedMain] [36mo.a.coyote.http11.Http11NioProtocol[0;39m 173: Initializing ProtocolHandler ["http-nio-9999"]
2023-05-27 19:27:36.911 [34m INFO[0;39m --- [restartedMain] [36mo.a.catalina.core.StandardService[0;39m 173: Starting service [Tomcat]
2023-05-27 19:27:36.911 [34m INFO[0;39m --- [restartedMain] [36mo.a.catalina.core.StandardEngine[0;39m 173: Starting Servlet engine: [Apache Tomcat/9.0.74]
2023-05-27 19:27:37.007 [34m INFO[0;39m --- [restartedMain] [36mo.a.c.c.C.[Tomcat].[localhost].[/][0;39m 173: Initializing Spring embedded WebApplicationContext
2023-05-27 19:27:37.276 [34m INFO[0;39m --- [restartedMain] [36mo.h.jpa.internal.util.LogHelper[0;39m 31: HHH000204: Processing PersistenceUnitInfo [name: default]
2023-05-27 19:27:37.331 [34m INFO[0;39m --- [restartedMain] [36morg.hibernate.Version[0;39m 44: HHH000412: Hibernate ORM core version 5.6.15.Final
2023-05-27 19:27:37.470 [34m INFO[0;39m --- [restartedMain] [36mo.h.s.integration.SpatialService[0;39m 42: HHH80000001: hibernate-spatial integration enabled : true
2023-05-27 19:27:37.496 [34m INFO[0;39m --- [restartedMain] [36mo.h.annotations.common.Version[0;39m 56: HCANN000001: Hibernate Commons Annotations {5.1.2.Final}
2023-05-27 19:27:37.609 [34m INFO[0;39m --- [restartedMain] [36mcom.zaxxer.hikari.HikariDataSource[0;39m 110: HikariPool-1 - Starting...
2023-05-27 19:27:37.769 [34m INFO[0;39m --- [restartedMain] [36mcom.zaxxer.hikari.HikariDataSource[0;39m 123: HikariPool-1 - Start completed.
2023-05-27 19:27:37.787 [34m INFO[0;39m --- [restartedMain] [36morg.hibernate.dialect.Dialect[0;39m 175: HHH000400: Using dialect: org.hibernate.spatial.dialect.mysql.MySQL8SpatialDialect
2023-05-27 19:27:37.793 [34m INFO[0;39m --- [restartedMain] [36morg.hibernate.dialect.Dialect[0;39m 175: HHH000400: Using dialect: org.hibernate.spatial.dialect.mysql.MySQLSpatialDialect
2023-05-27 19:27:38.746 [34m INFO[0;39m --- [restartedMain] [36mo.h.e.t.j.p.i.JtaPlatformInitiator[0;39m 52: HHH000490: Using JtaPlatform implementation: [org.hibernate.engine.transaction.jta.platform.internal.NoJtaPlatform]
2023-05-27 19:27:39.510 [34m INFO[0;39m --- [restartedMain] [36mo.f.s.b.c.CmmnEngineAutoConfiguration[0;39m 104: No deployment resources were found for autodeployment
2023-05-27 19:27:39.572 [34m INFO[0;39m --- [restartedMain] [36mo.f.s.b.d.DmnEngineAutoConfiguration[0;39m 104: No deployment resources were found for autodeployment
2023-05-27 19:27:39.597 [34m INFO[0;39m --- [restartedMain] [36mo.f.s.b.f.FormEngineAutoConfiguration[0;39m 104: No deployment resources were found for autodeployment
2023-05-27 19:27:39.624 [34m INFO[0;39m --- [restartedMain] [36mo.f.s.b.e.EventRegistryAutoConfiguration[0;39m 104: No deployment resources were found for autodeployment
2023-05-27 19:27:39.660 [34m INFO[0;39m --- [restartedMain] [36mo.f.a.s.SpringAppEngineConfiguration[0;39m 1000: Found 7 Engine Configurators in total:
2023-05-27 19:27:39.660 [34m INFO[0;39m --- [restartedMain] [36mo.f.a.s.SpringAppEngineConfiguration[0;39m 1002: class org.flowable.engine.spring.configurator.SpringProcessEngineConfigurator (priority:50000)
2023-05-27 19:27:39.661 [34m INFO[0;39m --- [restartedMain] [36mo.f.a.s.SpringAppEngineConfiguration[0;39m 1002: class org.flowable.eventregistry.spring.configurator.SpringEventRegistryConfigurator (priority:100000)
2023-05-27 19:27:39.661 [34m INFO[0;39m --- [restartedMain] [36mo.f.a.s.SpringAppEngineConfiguration[0;39m 1002: class org.flowable.idm.spring.configurator.SpringIdmEngineConfigurator (priority:150000)
2023-05-27 19:27:39.661 [34m INFO[0;39m --- [restartedMain] [36mo.f.a.s.SpringAppEngineConfiguration[0;39m 1002: class org.flowable.dmn.spring.configurator.SpringDmnEngineConfigurator (priority:200000)
2023-05-27 19:27:39.661 [34m INFO[0;39m --- [restartedMain] [36mo.f.a.s.SpringAppEngineConfiguration[0;39m 1002: class org.flowable.form.spring.configurator.SpringFormEngineConfigurator (priority:300000)
2023-05-27 19:27:39.661 [34m INFO[0;39m --- [restartedMain] [36mo.f.a.s.SpringAppEngineConfiguration[0;39m 1002: class org.flowable.content.spring.configurator.SpringContentEngineConfigurator (priority:400000)
2023-05-27 19:27:39.661 [34m INFO[0;39m --- [restartedMain] [36mo.f.a.s.SpringAppEngineConfiguration[0;39m 1002: class org.flowable.cmmn.spring.configurator.SpringCmmnEngineConfigurator (priority:500000)
2023-05-27 19:27:39.661 [34m INFO[0;39m --- [restartedMain] [36mo.f.a.s.SpringAppEngineConfiguration[0;39m 1028: Executing beforeInit() of class org.flowable.engine.spring.configurator.SpringProcessEngineConfigurator (priority:50000)
2023-05-27 19:27:39.675 [34m INFO[0;39m --- [restartedMain] [36mo.f.a.s.SpringAppEngineConfiguration[0;39m 1028: Executing beforeInit() of class org.flowable.eventregistry.spring.configurator.SpringEventRegistryConfigurator (priority:100000)
2023-05-27 19:27:39.678 [34m INFO[0;39m --- [restartedMain] [36mo.f.a.s.SpringAppEngineConfiguration[0;39m 1028: Executing beforeInit() of class org.flowable.idm.spring.configurator.SpringIdmEngineConfigurator (priority:150000)
2023-05-27 19:27:39.680 [34m INFO[0;39m --- [restartedMain] [36mo.f.a.s.SpringAppEngineConfiguration[0;39m 1028: Executing beforeInit() of class org.flowable.dmn.spring.configurator.SpringDmnEngineConfigurator (priority:200000)
2023-05-27 19:27:39.682 [34m INFO[0;39m --- [restartedMain] [36mo.f.a.s.SpringAppEngineConfiguration[0;39m 1028: Executing beforeInit() of class org.flowable.form.spring.configurator.SpringFormEngineConfigurator (priority:300000)
2023-05-27 19:27:39.685 [34m INFO[0;39m --- [restartedMain] [36mo.f.a.s.SpringAppEngineConfiguration[0;39m 1028: Executing beforeInit() of class org.flowable.content.spring.configurator.SpringContentEngineConfigurator (priority:400000)
2023-05-27 19:27:39.687 [34m INFO[0;39m --- [restartedMain] [36mo.f.a.s.SpringAppEngineConfiguration[0;39m 1028: Executing beforeInit() of class org.flowable.cmmn.spring.configurator.SpringCmmnEngineConfigurator (priority:500000)
2023-05-27 19:27:40.579 [34m INFO[0;39m --- [restartedMain] [36mo.f.a.s.SpringAppEngineConfiguration[0;39m 1035: Executing configure() of class org.flowable.engine.spring.configurator.SpringProcessEngineConfigurator (priority:50000)
2023-05-27 19:27:40.744 [34m INFO[0;39m --- [restartedMain] [36mo.f.engine.impl.ProcessEngineImpl[0;39m 88: ProcessEngine default created
2023-05-27 19:27:40.777 [34m INFO[0;39m --- [restartedMain] [36mo.f.e.impl.cmd.ValidateV5EntitiesCmd[0;39m 43: Total of v5 deployments found: 0
2023-05-27 19:27:40.805 [34m INFO[0;39m --- [restartedMain] [36mo.f.a.s.SpringAppEngineConfiguration[0;39m 1035: Executing configure() of class org.flowable.eventregistry.spring.configurator.SpringEventRegistryConfigurator (priority:100000)
2023-05-27 19:27:41.203 [34m INFO[0;39m --- [restartedMain] [36mliquibase.lockservice[0;39m 30: Successfully acquired change log lock
2023-05-27 19:27:41.527 [34m INFO[0;39m --- [restartedMain] [36mliquibase.changelog[0;39m 30: Reading from urban.FLW_EV_DATABASECHANGELOG
2023-05-27 19:27:41.577 [34m INFO[0;39m --- [restartedMain] [36mliquibase.lockservice[0;39m 30: Successfully released change log lock
2023-05-27 19:27:41.578 [34m INFO[0;39m --- [restartedMain] [36mo.f.e.impl.EventRegistryEngineImpl[0;39m 53: EventRegistryEngine default created
2023-05-27 19:27:41.578 [34m INFO[0;39m --- [restartedMain] [36mo.f.a.s.SpringAppEngineConfiguration[0;39m 1035: Executing configure() of class org.flowable.idm.spring.configurator.SpringIdmEngineConfigurator (priority:150000)
2023-05-27 19:27:41.590 [34m INFO[0;39m --- [restartedMain] [36mo.f.idm.engine.impl.IdmEngineImpl[0;39m 52: IdmEngine default created
2023-05-27 19:27:41.591 [34m INFO[0;39m --- [restartedMain] [36mo.f.a.s.SpringAppEngineConfiguration[0;39m 1035: Executing configure() of class org.flowable.dmn.spring.configurator.SpringDmnEngineConfigurator (priority:200000)
2023-05-27 19:27:41.625 [34m INFO[0;39m --- [restartedMain] [36mliquibase.lockservice[0;39m 30: Successfully acquired change log lock
2023-05-27 19:27:41.673 [34m INFO[0;39m --- [restartedMain] [36mliquibase.changelog[0;39m 30: Reading from urban.ACT_DMN_DATABASECHANGELOG
2023-05-27 19:27:41.696 [34m INFO[0;39m --- [restartedMain] [36mliquibase.lockservice[0;39m 30: Successfully released change log lock
2023-05-27 19:27:41.697 [34m INFO[0;39m --- [restartedMain] [36mo.f.dmn.engine.impl.DmnEngineImpl[0;39m 55: DmnEngine default created
2023-05-27 19:27:41.698 [34m INFO[0;39m --- [restartedMain] [36mo.f.a.s.SpringAppEngineConfiguration[0;39m 1035: Executing configure() of class org.flowable.form.spring.configurator.SpringFormEngineConfigurator (priority:300000)
2023-05-27 19:27:41.723 [34m INFO[0;39m --- [restartedMain] [36mliquibase.lockservice[0;39m 30: Successfully acquired change log lock
2023-05-27 19:27:41.768 [34m INFO[0;39m --- [restartedMain] [36mliquibase.changelog[0;39m 30: Reading from urban.ACT_FO_DATABASECHANGELOG
2023-05-27 19:27:41.786 [34m INFO[0;39m --- [restartedMain] [36mliquibase.lockservice[0;39m 30: Successfully released change log lock
2023-05-27 19:27:41.787 [34m INFO[0;39m --- [restartedMain] [36mo.f.form.engine.impl.FormEngineImpl[0;39m 52: FormEngine default created
2023-05-27 19:27:41.788 [34m INFO[0;39m --- [restartedMain] [36mo.f.a.s.SpringAppEngineConfiguration[0;39m 1035: Executing configure() of class org.flowable.content.spring.configurator.SpringContentEngineConfigurator (priority:400000)
2023-05-27 19:27:41.790 [34m INFO[0;39m --- [restartedMain] [36mo.f.c.s.SpringContentEngineConfiguration[0;39m 188: Content file system root : /Users/liukai/content
2023-05-27 19:27:41.810 [34m INFO[0;39m --- [restartedMain] [36mliquibase.lockservice[0;39m 30: Successfully acquired change log lock
2023-05-27 19:27:41.856 [34m INFO[0;39m --- [restartedMain] [36mliquibase.changelog[0;39m 30: Reading from urban.ACT_CO_DATABASECHANGELOG
2023-05-27 19:27:41.874 [34m INFO[0;39m --- [restartedMain] [36mliquibase.lockservice[0;39m 30: Successfully released change log lock
2023-05-27 19:27:41.875 [34m INFO[0;39m --- [restartedMain] [36mo.f.c.engine.impl.ContentEngineImpl[0;39m 48: ContentEngine default created
2023-05-27 19:27:41.876 [34m INFO[0;39m --- [restartedMain] [36mo.f.a.s.SpringAppEngineConfiguration[0;39m 1035: Executing configure() of class org.flowable.cmmn.spring.configurator.SpringCmmnEngineConfigurator (priority:500000)
2023-05-27 19:27:41.955 [34m INFO[0;39m --- [restartedMain] [36mliquibase.lockservice[0;39m 30: Successfully acquired change log lock
2023-05-27 19:27:42.003 [34m INFO[0;39m --- [restartedMain] [36mliquibase.changelog[0;39m 30: Reading from urban.ACT_CMMN_DATABASECHANGELOG
2023-05-27 19:27:42.046 [34m INFO[0;39m --- [restartedMain] [36mliquibase.lockservice[0;39m 30: Successfully released change log lock
2023-05-27 19:27:42.047 [34m INFO[0;39m --- [restartedMain] [36mo.f.cmmn.engine.impl.CmmnEngineImpl[0;39m 71: CmmnEngine default created
2023-05-27 19:27:42.082 [34m INFO[0;39m --- [restartedMain] [36mliquibase.lockservice[0;39m 30: Successfully acquired change log lock
2023-05-27 19:27:42.127 [34m INFO[0;39m --- [restartedMain] [36mliquibase.changelog[0;39m 30: Reading from urban.ACT_APP_DATABASECHANGELOG
2023-05-27 19:27:42.145 [34m INFO[0;39m --- [restartedMain] [36mliquibase.lockservice[0;39m 30: Successfully released change log lock
2023-05-27 19:27:42.146 [34m INFO[0;39m --- [restartedMain] [36mo.f.app.engine.impl.AppEngineImpl[0;39m 48: AppEngine default created
2023-05-27 19:27:43.251 [34m INFO[0;39m --- [restartedMain] [36mo.f.j.s.i.a.AbstractAsyncExecutor[0;39m 115: Starting up the async job executor [org.flowable.spring.job.service.SpringAsyncExecutor].
2023-05-27 19:27:43.253 [34m INFO[0;39m --- [Thread-7] [36mo.f.j.s.i.a.AcquireAsyncJobsDueRunnable[0;39m 52: starting to acquire async jobs due
2023-05-27 19:27:43.263 [34m INFO[0;39m --- [Thread-8] [36mo.f.j.s.i.a.AcquireTimerJobsRunnable[0;39m 52: starting to acquire async jobs due
2023-05-27 19:27:43.263 [34m INFO[0;39m --- [Thread-9] [36mo.f.j.s.i.a.ResetExpiredJobsRunnable[0;39m 63: starting to reset expired jobs for engine cmmn
2023-05-27 19:27:43.263 [34m INFO[0;39m --- [restartedMain] [36mo.f.j.s.i.a.AbstractAsyncExecutor[0;39m 115: Starting up the async job executor [org.flowable.spring.job.service.SpringAsyncExecutor].
2023-05-27 19:27:43.264 [34m INFO[0;39m --- [Thread-10] [36mo.f.j.s.i.a.AcquireAsyncJobsDueRunnable[0;39m 52: starting to acquire async jobs due
2023-05-27 19:27:43.266 [34m INFO[0;39m --- [Thread-11] [36mo.f.j.s.i.a.AcquireTimerJobsRunnable[0;39m 52: starting to acquire async jobs due
2023-05-27 19:27:43.266 [34m INFO[0;39m --- [Thread-12] [36mo.f.j.s.i.a.ResetExpiredJobsRunnable[0;39m 63: starting to reset expired jobs for engine bpmn
2023-05-27 19:27:43.266 [34m INFO[0;39m --- [restartedMain] [36mo.a.coyote.http11.Http11NioProtocol[0;39m 173: Starting ProtocolHandler ["http-nio-9999"]
2023-05-27 19:27:43.302 [34m INFO[0;39m --- [restartedMain] [36mcom.king.urban.main.MainApplication[0;39m 61: Started MainApplication in 8.843 seconds (JVM running for 10.001)
2023-05-27 19:27:43.460 [34m INFO[0;39m --- [RMI TCP Connection(5)-192.168.3.192] [36mo.a.c.c.C.[Tomcat].[localhost].[/][0;39m 173: Initializing Spring DispatcherServlet 'dispatcherServlet'
2023-05-27 19:29:10.025 [34m INFO[0;39m --- [SpringApplicationShutdownHook] [36mo.f.j.s.i.a.AbstractAsyncExecutor[0;39m 167: Shutting down the async job executor [org.flowable.spring.job.service.SpringAsyncExecutor].
2023-05-27 19:29:10.025 [34m INFO[0;39m --- [flowable-cmmn-reset-expired-jobs] [36mo.f.j.s.i.a.ResetExpiredJobsRunnable[0;39m 90: stopped resetting expired jobs for engine cmmn
2023-05-27 19:29:10.025 [34m INFO[0;39m --- [flowable-cmmn-acquire-timer-jobs] [36mo.f.j.s.i.a.AcquireTimerJobsRunnable[0;39m 118: stopped async job due acquisition
2023-05-27 19:29:10.026 [34m INFO[0;39m --- [flowable-cmmn-acquire-async-jobs] [36mo.f.j.s.i.a.AcquireAsyncJobsDueRunnable[0;39m 79: stopped async job due acquisition for engine cmmn
2023-05-27 19:29:10.160 [34m INFO[0;39m --- [SpringApplicationShutdownHook] [36mo.f.j.s.i.a.AbstractAsyncExecutor[0;39m 167: Shutting down the async job executor [org.flowable.spring.job.service.SpringAsyncExecutor].
2023-05-27 19:29:10.160 [34m INFO[0;39m --- [flowable-bpmn-acquire-async-jobs] [36mo.f.j.s.i.a.AcquireAsyncJobsDueRunnable[0;39m 79: stopped async job due acquisition for engine bpmn
2023-05-27 19:29:10.160 [34m INFO[0;39m --- [flowable-bpmn-reset-expired-jobs] [36mo.f.j.s.i.a.ResetExpiredJobsRunnable[0;39m 90: stopped resetting expired jobs for engine bpmn
2023-05-27 19:29:10.160 [34m INFO[0;39m --- [flowable-bpmn-acquire-timer-jobs] [36mo.f.j.s.i.a.AcquireTimerJobsRunnable[0;39m 118: stopped async job due acquisition
2023-05-27 19:29:10.172 [34m INFO[0;39m --- [SpringApplicationShutdownHook] [36mcom.zaxxer.hikari.HikariDataSource[0;39m 350: HikariPool-1 - Shutdown initiated...
2023-05-27 19:29:10.178 [34m INFO[0;39m --- [SpringApplicationShutdownHook] [36mcom.zaxxer.hikari.HikariDataSource[0;39m 352: HikariPool-1 - Shutdown completed.
2023-05-27 19:29:13.003 [34m INFO[0;39m --- [restartedMain] [36mcom.king.urban.main.MainApplication[0;39m 55: Starting MainApplication using Java 19.0.2 on K-Mac with PID 17809 (/Users/liukai/IdeaProjects/urban/main/target/classes started by liukai in /Users/liukai/IdeaProjects/urban)
2023-05-27 19:29:13.004 [34m INFO[0;39m --- [background-preinit] [36mo.h.validator.internal.util.Version[0;39m 21: HV000001: Hibernate Validator 6.2.5.Final
2023-05-27 19:29:13.006 [34m INFO[0;39m --- [restartedMain] [36mcom.king.urban.main.MainApplication[0;39m 631: No active profile set, falling back to 1 default profile: "default"
2023-05-27 19:29:15.139 [34m INFO[0;39m --- [restartedMain] [36mo.a.coyote.http11.Http11NioProtocol[0;39m 173: Initializing ProtocolHandler ["http-nio-9999"]
2023-05-27 19:29:15.140 [34m INFO[0;39m --- [restartedMain] [36mo.a.catalina.core.StandardService[0;39m 173: Starting service [Tomcat]
2023-05-27 19:29:15.140 [34m INFO[0;39m --- [restartedMain] [36mo.a.catalina.core.StandardEngine[0;39m 173: Starting Servlet engine: [Apache Tomcat/9.0.74]
2023-05-27 19:29:15.225 [34m INFO[0;39m --- [restartedMain] [36mo.a.c.c.C.[Tomcat].[localhost].[/][0;39m 173: Initializing Spring embedded WebApplicationContext
2023-05-27 19:29:15.482 [34m INFO[0;39m --- [restartedMain] [36mo.h.jpa.internal.util.LogHelper[0;39m 31: HHH000204: Processing PersistenceUnitInfo [name: default]
2023-05-27 19:29:15.536 [34m INFO[0;39m --- [restartedMain] [36morg.hibernate.Version[0;39m 44: HHH000412: Hibernate ORM core version 5.6.15.Final
2023-05-27 19:29:15.678 [34m INFO[0;39m --- [restartedMain] [36mo.h.s.integration.SpatialService[0;39m 42: HHH80000001: hibernate-spatial integration enabled : true
2023-05-27 19:29:15.709 [34m INFO[0;39m --- [restartedMain] [36mo.h.annotations.common.Version[0;39m 56: HCANN000001: Hibernate Commons Annotations {5.1.2.Final}
2023-05-27 19:29:15.818 [34m INFO[0;39m --- [restartedMain] [36mcom.zaxxer.hikari.HikariDataSource[0;39m 110: HikariPool-1 - Starting...
2023-05-27 19:29:15.964 [34m INFO[0;39m --- [restartedMain] [36mcom.zaxxer.hikari.HikariDataSource[0;39m 123: HikariPool-1 - Start completed.
2023-05-27 19:29:15.981 [34m INFO[0;39m --- [restartedMain] [36morg.hibernate.dialect.Dialect[0;39m 175: HHH000400: Using dialect: org.hibernate.spatial.dialect.mysql.MySQL8SpatialDialect
2023-05-27 19:29:15.987 [34m INFO[0;39m --- [restartedMain] [36morg.hibernate.dialect.Dialect[0;39m 175: HHH000400: Using dialect: org.hibernate.spatial.dialect.mysql.MySQLSpatialDialect
2023-05-27 19:29:16.870 [34m INFO[0;39m --- [restartedMain] [36mo.h.e.t.j.p.i.JtaPlatformInitiator[0;39m 52: HHH000490: Using JtaPlatform implementation: [org.hibernate.engine.transaction.jta.platform.internal.NoJtaPlatform]
2023-05-27 19:29:17.594 [34m INFO[0;39m --- [restartedMain] [36mo.f.s.b.c.CmmnEngineAutoConfiguration[0;39m 104: No deployment resources were found for autodeployment
2023-05-27 19:29:17.650 [34m INFO[0;39m --- [restartedMain] [36mo.f.s.b.d.DmnEngineAutoConfiguration[0;39m 104: No deployment resources were found for autodeployment
2023-05-27 19:29:17.674 [34m INFO[0;39m --- [restartedMain] [36mo.f.s.b.f.FormEngineAutoConfiguration[0;39m 104: No deployment resources were found for autodeployment
2023-05-27 19:29:17.700 [34m INFO[0;39m --- [restartedMain] [36mo.f.s.b.e.EventRegistryAutoConfiguration[0;39m 104: No deployment resources were found for autodeployment
2023-05-27 19:29:17.737 [34m INFO[0;39m --- [restartedMain] [36mo.f.a.s.SpringAppEngineConfiguration[0;39m 1000: Found 7 Engine Configurators in total:
2023-05-27 19:29:17.737 [34m INFO[0;39m --- [restartedMain] [36mo.f.a.s.SpringAppEngineConfiguration[0;39m 1002: class org.flowable.engine.spring.configurator.SpringProcessEngineConfigurator (priority:50000)
2023-05-27 19:29:17.738 [34m INFO[0;39m --- [restartedMain] [36mo.f.a.s.SpringAppEngineConfiguration[0;39m 1002: class org.flowable.eventregistry.spring.configurator.SpringEventRegistryConfigurator (priority:100000)
2023-05-27 19:29:17.738 [34m INFO[0;39m --- [restartedMain] [36mo.f.a.s.SpringAppEngineConfiguration[0;39m 1002: class org.flowable.idm.spring.configurator.SpringIdmEngineConfigurator (priority:150000)
2023-05-27 19:29:17.738 [34m INFO[0;39m --- [restartedMain] [36mo.f.a.s.SpringAppEngineConfiguration[0;39m 1002: class org.flowable.dmn.spring.configurator.SpringDmnEngineConfigurator (priority:200000)
2023-05-27 19:29:17.738 [34m INFO[0;39m --- [restartedMain] [36mo.f.a.s.SpringAppEngineConfiguration[0;39m 1002: class org.flowable.form.spring.configurator.SpringFormEngineConfigurator (priority:300000)
2023-05-27 19:29:17.738 [34m INFO[0;39m --- [restartedMain] [36mo.f.a.s.SpringAppEngineConfiguration[0;39m 1002: class org.flowable.content.spring.configurator.SpringContentEngineConfigurator (priority:400000)
2023-05-27 19:29:17.738 [34m INFO[0;39m --- [restartedMain] [36mo.f.a.s.SpringAppEngineConfiguration[0;39m 1002: class org.flowable.cmmn.spring.configurator.SpringCmmnEngineConfigurator (priority:500000)
2023-05-27 19:29:17.738 [34m INFO[0;39m --- [restartedMain] [36mo.f.a.s.SpringAppEngineConfiguration[0;39m 1028: Executing beforeInit() of class org.flowable.engine.spring.configurator.SpringProcessEngineConfigurator (priority:50000)
2023-05-27 19:29:17.751 [34m INFO[0;39m --- [restartedMain] [36mo.f.a.s.SpringAppEngineConfiguration[0;39m 1028: Executing beforeInit() of class org.flowable.eventregistry.spring.configurator.SpringEventRegistryConfigurator (priority:100000)
2023-05-27 19:29:17.754 [34m INFO[0;39m --- [restartedMain] [36mo.f.a.s.SpringAppEngineConfiguration[0;39m 1028: Executing beforeInit() of class org.flowable.idm.spring.configurator.SpringIdmEngineConfigurator (priority:150000)
2023-05-27 19:29:17.757 [34m INFO[0;39m --- [restartedMain] [36mo.f.a.s.SpringAppEngineConfiguration[0;39m 1028: Executing beforeInit() of class org.flowable.dmn.spring.configurator.SpringDmnEngineConfigurator (priority:200000)
2023-05-27 19:29:17.759 [34m INFO[0;39m --- [restartedMain] [36mo.f.a.s.SpringAppEngineConfiguration[0;39m 1028: Executing beforeInit() of class org.flowable.form.spring.configurator.SpringFormEngineConfigurator (priority:300000)
2023-05-27 19:29:17.762 [34m INFO[0;39m --- [restartedMain] [36mo.f.a.s.SpringAppEngineConfiguration[0;39m 1028: Executing beforeInit() of class org.flowable.content.spring.configurator.SpringContentEngineConfigurator (priority:400000)
2023-05-27 19:29:17.764 [34m INFO[0;39m --- [restartedMain] [36mo.f.a.s.SpringAppEngineConfiguration[0;39m 1028: Executing beforeInit() of class org.flowable.cmmn.spring.configurator.SpringCmmnEngineConfigurator (priority:500000)
2023-05-27 19:29:18.691 [34m INFO[0;39m --- [restartedMain] [36mo.f.a.s.SpringAppEngineConfiguration[0;39m 1035: Executing configure() of class org.flowable.engine.spring.configurator.SpringProcessEngineConfigurator (priority:50000)
2023-05-27 19:29:18.897 [34m INFO[0;39m --- [restartedMain] [36mo.f.engine.impl.ProcessEngineImpl[0;39m 88: ProcessEngine default created
2023-05-27 19:29:18.924 [34m INFO[0;39m --- [restartedMain] [36mo.f.e.impl.cmd.ValidateV5EntitiesCmd[0;39m 43: Total of v5 deployments found: 0
2023-05-27 19:29:18.928 [34m INFO[0;39m --- [restartedMain] [36mo.f.a.s.SpringAppEngineConfiguration[0;39m 1035: Executing configure() of class org.flowable.eventregistry.spring.configurator.SpringEventRegistryConfigurator (priority:100000)
2023-05-27 19:29:19.363 [34m INFO[0;39m --- [restartedMain] [36mliquibase.lockservice[0;39m 30: Successfully acquired change log lock
2023-05-27 19:29:19.752 [34m INFO[0;39m --- [restartedMain] [36mliquibase.changelog[0;39m 30: Reading from urban.FLW_EV_DATABASECHANGELOG
2023-05-27 19:29:19.799 [34m INFO[0;39m --- [restartedMain] [36mliquibase.lockservice[0;39m 30: Successfully released change log lock
2023-05-27 19:29:19.800 [34m INFO[0;39m --- [restartedMain] [36mo.f.e.impl.EventRegistryEngineImpl[0;39m 53: EventRegistryEngine default created
2023-05-27 19:29:19.801 [34m INFO[0;39m --- [restartedMain] [36mo.f.a.s.SpringAppEngineConfiguration[0;39m 1035: Executing configure() of class org.flowable.idm.spring.configurator.SpringIdmEngineConfigurator (priority:150000)
2023-05-27 19:29:19.811 [34m INFO[0;39m --- [restartedMain] [36mo.f.idm.engine.impl.IdmEngineImpl[0;39m 52: IdmEngine default created
2023-05-27 19:29:19.812 [34m INFO[0;39m --- [restartedMain] [36mo.f.a.s.SpringAppEngineConfiguration[0;39m 1035: Executing configure() of class org.flowable.dmn.spring.configurator.SpringDmnEngineConfigurator (priority:200000)
2023-05-27 19:29:19.844 [34m INFO[0;39m --- [restartedMain] [36mliquibase.lockservice[0;39m 30: Successfully acquired change log lock
2023-05-27 19:29:19.891 [34m INFO[0;39m --- [restartedMain] [36mliquibase.changelog[0;39m 30: Reading from urban.ACT_DMN_DATABASECHANGELOG
2023-05-27 19:29:19.912 [34m INFO[0;39m --- [restartedMain] [36mliquibase.lockservice[0;39m 30: Successfully released change log lock
2023-05-27 19:29:19.913 [34m INFO[0;39m --- [restartedMain] [36mo.f.dmn.engine.impl.DmnEngineImpl[0;39m 55: DmnEngine default created
2023-05-27 19:29:19.914 [34m INFO[0;39m --- [restartedMain] [36mo.f.a.s.SpringAppEngineConfiguration[0;39m 1035: Executing configure() of class org.flowable.form.spring.configurator.SpringFormEngineConfigurator (priority:300000)
2023-05-27 19:29:19.938 [34m INFO[0;39m --- [restartedMain] [36mliquibase.lockservice[0;39m 30: Successfully acquired change log lock
2023-05-27 19:29:19.982 [34m INFO[0;39m --- [restartedMain] [36mliquibase.changelog[0;39m 30: Reading from urban.ACT_FO_DATABASECHANGELOG
2023-05-27 19:29:20.001 [34m INFO[0;39m --- [restartedMain] [36mliquibase.lockservice[0;39m 30: Successfully released change log lock
2023-05-27 19:29:20.002 [34m INFO[0;39m --- [restartedMain] [36mo.f.form.engine.impl.FormEngineImpl[0;39m 52: FormEngine default created
2023-05-27 19:29:20.003 [34m INFO[0;39m --- [restartedMain] [36mo.f.a.s.SpringAppEngineConfiguration[0;39m 1035: Executing configure() of class org.flowable.content.spring.configurator.SpringContentEngineConfigurator (priority:400000)
2023-05-27 19:29:20.005 [34m INFO[0;39m --- [restartedMain] [36mo.f.c.s.SpringContentEngineConfiguration[0;39m 188: Content file system root : /Users/liukai/content
2023-05-27 19:29:20.047 [34m INFO[0;39m --- [restartedMain] [36mliquibase.lockservice[0;39m 30: Successfully acquired change log lock
2023-05-27 19:29:20.090 [34m INFO[0;39m --- [restartedMain] [36mliquibase.changelog[0;39m 30: Reading from urban.ACT_CO_DATABASECHANGELOG
2023-05-27 19:29:20.111 [34m INFO[0;39m --- [restartedMain] [36mliquibase.lockservice[0;39m 30: Successfully released change log lock
2023-05-27 19:29:20.112 [34m INFO[0;39m --- [restartedMain] [36mo.f.c.engine.impl.ContentEngineImpl[0;39m 48: ContentEngine default created
2023-05-27 19:29:20.113 [34m INFO[0;39m --- [restartedMain] [36mo.f.a.s.SpringAppEngineConfiguration[0;39m 1035: Executing configure() of class org.flowable.cmmn.spring.configurator.SpringCmmnEngineConfigurator (priority:500000)
2023-05-27 19:29:20.196 [34m INFO[0;39m --- [restartedMain] [36mliquibase.lockservice[0;39m 30: Successfully acquired change log lock
2023-05-27 19:29:20.244 [34m INFO[0;39m --- [restartedMain] [36mliquibase.changelog[0;39m 30: Reading from urban.ACT_CMMN_DATABASECHANGELOG
2023-05-27 19:29:20.276 [34m INFO[0;39m --- [restartedMain] [36mliquibase.lockservice[0;39m 30: Successfully released change log lock
2023-05-27 19:29:20.277 [34m INFO[0;39m --- [restartedMain] [36mo.f.cmmn.engine.impl.CmmnEngineImpl[0;39m 71: CmmnEngine default created
2023-05-27 19:29:20.304 [34m INFO[0;39m --- [restartedMain] [36mliquibase.lockservice[0;39m 30: Successfully acquired change log lock
2023-05-27 19:29:20.344 [34m INFO[0;39m --- [restartedMain] [36mliquibase.changelog[0;39m 30: Reading from urban.ACT_APP_DATABASECHANGELOG
2023-05-27 19:29:20.360 [34m INFO[0;39m --- [restartedMain] [36mliquibase.lockservice[0;39m 30: Successfully released change log lock
2023-05-27 19:29:20.360 [34m INFO[0;39m --- [restartedMain] [36mo.f.app.engine.impl.AppEngineImpl[0;39m 48: AppEngine default created
2023-05-27 19:29:21.436 [34m INFO[0;39m --- [restartedMain] [36mo.f.j.s.i.a.AbstractAsyncExecutor[0;39m 115: Starting up the async job executor [org.flowable.spring.job.service.SpringAsyncExecutor].
2023-05-27 19:29:21.437 [34m INFO[0;39m --- [Thread-7] [36mo.f.j.s.i.a.AcquireAsyncJobsDueRunnable[0;39m 52: starting to acquire async jobs due
2023-05-27 19:29:21.442 [34m INFO[0;39m --- [Thread-8] [36mo.f.j.s.i.a.AcquireTimerJobsRunnable[0;39m 52: starting to acquire async jobs due
2023-05-27 19:29:21.443 [34m INFO[0;39m --- [Thread-9] [36mo.f.j.s.i.a.ResetExpiredJobsRunnable[0;39m 63: starting to reset expired jobs for engine cmmn
2023-05-27 19:29:21.443 [34m INFO[0;39m --- [restartedMain] [36mo.f.j.s.i.a.AbstractAsyncExecutor[0;39m 115: Starting up the async job executor [org.flowable.spring.job.service.SpringAsyncExecutor].
2023-05-27 19:29:21.444 [34m INFO[0;39m --- [Thread-10] [36mo.f.j.s.i.a.AcquireAsyncJobsDueRunnable[0;39m 52: starting to acquire async jobs due
2023-05-27 19:29:21.451 [34m INFO[0;39m --- [Thread-12] [36mo.f.j.s.i.a.ResetExpiredJobsRunnable[0;39m 63: starting to reset expired jobs for engine bpmn
2023-05-27 19:29:21.450 [34m INFO[0;39m --- [Thread-11] [36mo.f.j.s.i.a.AcquireTimerJobsRunnable[0;39m 52: starting to acquire async jobs due
2023-05-27 19:29:21.451 [34m INFO[0;39m --- [restartedMain] [36mo.a.coyote.http11.Http11NioProtocol[0;39m 173: Starting ProtocolHandler ["http-nio-9999"]
2023-05-27 19:29:21.486 [34m INFO[0;39m --- [restartedMain] [36mcom.king.urban.main.MainApplication[0;39m 61: Started MainApplication in 8.923 seconds (JVM running for 10.09)
2023-05-27 19:29:21.813 [34m INFO[0;39m --- [RMI TCP Connection(6)-192.168.3.192] [36mo.a.c.c.C.[Tomcat].[localhost].[/][0;39m 173: Initializing Spring DispatcherServlet 'dispatcherServlet'
2023-05-27 19:34:52.614 [34m INFO[0;39m --- [SpringApplicationShutdownHook] [36mo.f.j.s.i.a.AbstractAsyncExecutor[0;39m 167: Shutting down the async job executor [org.flowable.spring.job.service.SpringAsyncExecutor].
2023-05-27 19:34:52.615 [34m INFO[0;39m --- [flowable-cmmn-acquire-async-jobs] [36mo.f.j.s.i.a.AcquireAsyncJobsDueRunnable[0;39m 79: stopped async job due acquisition for engine cmmn
2023-05-27 19:34:52.615 [34m INFO[0;39m --- [flowable-cmmn-reset-expired-jobs] [36mo.f.j.s.i.a.ResetExpiredJobsRunnable[0;39m 90: stopped resetting expired jobs for engine cmmn
2023-05-27 19:34:52.615 [34m INFO[0;39m --- [flowable-cmmn-acquire-timer-jobs] [36mo.f.j.s.i.a.AcquireTimerJobsRunnable[0;39m 118: stopped async job due acquisition
2023-05-27 19:34:52.739 [34m INFO[0;39m --- [SpringApplicationShutdownHook] [36mo.f.j.s.i.a.AbstractAsyncExecutor[0;39m 167: Shutting down the async job executor [org.flowable.spring.job.service.SpringAsyncExecutor].
2023-05-27 19:34:52.740 [34m INFO[0;39m --- [flowable-bpmn-reset-expired-jobs] [36mo.f.j.s.i.a.ResetExpiredJobsRunnable[0;39m 90: stopped resetting expired jobs for engine bpmn
2023-05-27 19:34:52.740 [34m INFO[0;39m --- [flowable-bpmn-acquire-timer-jobs] [36mo.f.j.s.i.a.AcquireTimerJobsRunnable[0;39m 118: stopped async job due acquisition
2023-05-27 19:34:52.740 [34m INFO[0;39m --- [flowable-bpmn-acquire-async-jobs] [36mo.f.j.s.i.a.AcquireAsyncJobsDueRunnable[0;39m 79: stopped async job due acquisition for engine bpmn
2023-05-27 19:34:52.753 [34m INFO[0;39m --- [SpringApplicationShutdownHook] [36mcom.zaxxer.hikari.HikariDataSource[0;39m 350: HikariPool-1 - Shutdown initiated...
2023-05-27 19:34:52.758 [34m INFO[0;39m --- [SpringApplicationShutdownHook] [36mcom.zaxxer.hikari.HikariDataSource[0;39m 352: HikariPool-1 - Shutdown completed.
